793128311
50024377
120317867
588765603
239444997
365706944
293065927
300145175
864697122
526818287
241443166
267196616
229892072
405109193
133649450
73590283
741162476
102210910
445222647
720314600
36263505
115808706
876332328
819325050
567566683
677393553
619357917
840947072
417539597
97143422
888902770
191085428
459474945
134079516
387906756
2009134
175446889
373814607
505603555
579821737
450267838
606982324
437701536
687517369
525929763
624537302
310387746
805261399
656253283
313469513
768315908
286959260
106796741
771579962
767148959
224898144
883648522
764133595
118750840
605087741
588256697
112065501
889526249
123459949
878269959
366219173
195790661
397149828
981200872
320639625
998165196
513720792
893631312
777895502
909215114
707082058
108120622
243073437
978908791
219697924
744386643
534782605
464791350
587702037
485272700
63374834
351463754
563089751
650884910
169270065
174754070
432811553
967964080
506151972
872129103
71013587
542258484
280330008
947475755
971295024
