857215013
532739427
759128099
718652832
387048497
839711406
870570106
710104859
805078008
592922726
182140164
290412454
721904850
395313862
258672846
894203212
730284838
171864438
234321186
986285208
366100050
188704234
284449562
416538237
290261856
392272841
924517829
516535140
50060709
873835504
984882452
402903314
728328759
406856342
352578246
862642972
53401799
258500313
660582855
839946690
853244720
440212629
318079504
921714918
819582937
537372901
776234921
870829369
553191629
53516504
40911533
385169967
663902936
458389298
35123868
434051095
547384648
621964713
807783655
42799535
913784811
950066407
956654625
729419187
558561063
972903700
365315017
503540877
112045672
580649451
78794033
823224291
137782912
588170350
786843348
283984562
400891904
386950749
703765700
710143644
708312470
637308357
994738620
799176576
198927560
740866331
617255233
837056146
628702021
446738295
462039403
822782430
496263927
431622347
488729446
578944747
828545148
222667019
794102279
660951589
