489477273
950076454
755229706
43605670
629252099
65310539
405161836
886044789
48304193
519958834
928785508
395624815
96124004
313675339
171919836
116025830
758607065
672965860
66765173
499565296
604313576
986464961
681104992
397953477
56289419
155236327
841682855
870651433
20223752
185413099
456998485
534542175
329780828
173512112
906353822
602868216
259260986
378402360
144181289
989733854
233044774
365491360
657596816
743256795
794169314
428562480
117661233
770569798
98801438
56726952
312388917
900370146
848135350
94907901
777518857
527287454
226362589
29799598
15357141
584549861
408524091
781362560
35146111
148596681
971862950
857238123
483124050
278718919
852808943
712089077
111535314
540693972
764154286
218276164
142334748
980119856
758229260
977104527
95165762
837223947
967403384
777041162
820702026
646099817
513744182
240166403
446373989
182685721
260694630
103272074
183569012
345037918
69907172
7978033
757666085
7483236
861114189
855420530
16865267
330164379
