599043195
596657625
309708959
642039035
423160827
861805411
77603790
24392394
687332121
723619933
361312216
678943459
339840825
927653328
965516768
339364435
294421675
387540459
723672198
225934071
676192391
82390393
341157048
817418460
531565921
520943183
659485150
847270343
162529668
229173271
621555851
769875446
903328244
478254633
524381451
384014581
434149294
319871882
776322650
432322929
327626764
96240197
354459888
37359836
429767741
774609797
192424943
528561512
387370722
402350717
242309765
11373361
60680488
269067728
500535766
865437120
118353401
989427197
311313488
228053986
626595591
412194460
454028659
594719096
545536345
707562986
974946006
474181841
763595220
791373187
35469784
376788685
939494274
153736178
865744857
222412786
711480090
76115108
548137387
57908542
734067734
207705018
701201837
375707945
138293643
35119738
860711296
888128642
397219424
182796494
971203523
492476554
938632296
621782275
779749845
148672609
604887740
99150294
47033456
678928704
