278584617
344987489
30273239
141530605
898980263
844431577
648368027
856671160
949546288
723434346
542113483
700314008
687339998
431800496
899235084
844211331
42473451
59729312
181107548
381238965
596391796
629138057
466592763
737550652
122104282
128734243
735034789
548329225
467771893
249628701
227524274
200688116
395688620
662761789
27945021
717139127
937882236
267868006
448089453
878735011
240953957
858565240
430501931
847450931
71027721
600048428
656339834
740778965
541075471
69678669
393621581
840742127
857448296
350508551
303867778
125576214
515197033
965116609
173107072
887032825
558875388
690737797
971696780
294019878
343654976
642866281
388333348
492675225
137865698
623420687
791129368
776920903
72072631
285783554
7679874
703704378
756461285
168004902
569921005
379635074
941276238
87137904
747510159
253265391
503729330
880862849
121310638
486468465
663930151
671992880
736393363
800731907
629729946
485058867
343246890
425008906
81106193
828272315
248654653
778703856
