733503273
898033180
70055772
228626240
601790628
101640921
727414218
18640911
464232614
128601436
545728854
797005823
458236449
647537832
411471309
451752089
54054071
34748222
967271215
74695890
843286068
866762793
836890063
343866795
240327841
310184448
767955356
109608453
379539268
410485541
63458300
797561018
930994058
398511297
963632579
875609756
734260862
436290749
490631586
718304243
257276378
696385926
193268125
750846927
800173586
103769287
408703906
273638461
99911561
458944098
914827326
980281224
91610598
863179495
440652768
138303335
888004926
259170694
463498636
656663465
142537095
189909418
320619490
347292270
100004778
984474563
172931937
587638557
495862091
289816589
25521070
972031675
47766511
477777132
443483151
444237584
537119372
563182857
428585844
537203878
331685433
267091780
727418228
599843507
433184724
127941975
843932641
124539327
793246246
40573514
601740266
446712557
628486908
343510759
159759623
589945417
73405263
404800671
330173856
980437689
