61566
67070
52072
67001
66637
66787
66631
67225
66934
66776
54412
67071
61690
47454
52328
67132
56820
66631
69505
67007
66999
67222
59288
67221
69182
45433
66858
59225
33952
45111
69498
67147
66637
67000
66857
41114
68546
66930
66934
59341
49921
67151
58961
67220
66860
66715
67147
67221
67074
67223
52325
67225
67151
63776
56293
57000
52459
54857
61882
67222
47707
67005
68879
61436
59534
52520
54409
66931
67064
66969
69229
66638
54350
66937
69434
67006
47776
45304
52138
67081
66996
49798
52142
47651
44986
45241
67223
50118
61557
67073
66644
64090
47323
67001
69631
67148
66784
66991
67227
67076
66933
69634
66377
67078
45305
54470
52512
57125
52521
66789
66793
69503
66641
47515
66714
64031
67149
23456
66714
53893
66186
56940
50174
41287
66865
66785
50183
66780
58747
52135
66862
54598
45438
67153
46822
59420
66716
56736
56690
51834
24599
59028
63847
67220
66913
66855
67006
67228
52136
66641
67226
67150
66708
54799
66307
67144
56750
66854
47839
66314
66929
52394
47639
59409
68548
66778
67081
59034
66851
54605
45245
66790
56692
45501
68828
54719
67001
49799
66788
52197
63709
61565
58093
66782
59098
47835
28592
67006
47523
66934
64027
66929
66059
46823
61436
66852
47771
44986
67006
63960
66709
66639
59413
67215
49987
66637
66716
67084
47320
49982
52459
56749
67148
67078
39559
67007
67079
52393
66780
66854
66928
61688
63842
61435
49796
32122
61428
66929
66784
67221
67079
57011
28649
67145
66783
61682
66930
66853
38990
66861
66779
66704
28643
54662
67151
59158
67148
57073
50379
66496
66861
52002
66928
66644
68606
67224
68710
66646
67073
66714
69634
57205
66717
67000
67068
66712
49924
67147
66858
66784
66785
49672
39042
66637
66633
66310
44637
61436
64096
61819
61750
66934
67074
63971
69630
45244
66712
52387
67227
64224
67142
69179
67000
66642
66122
65540
69437
64159
67000
54604
69380
61688
66638
51998
59414
67227
66775
47456
52071
66717
66715
66699
54412
59159
67226
67000
68712
64028
67073
69432
56753
59476
66999
54800
47640
66781
67224
56454
52133
50049
52456
30801
47580
66790
47327
45236
66378
56757
67218
51945
63778
67002
69633
66637
66853
58635
66789
44813
67069
66861
57067
56826
51766
44982
49794
47836
45049
69169
67230
54598
49985
66119
67230
66715
52455
66781
32348
59223
66632
56949
66787
54730
59027
67003
66857
67145
66714
66860
67150
54595
66624
66785
67080
66934
59413
35649
66248
66932
66507
45303
66182
42824
54415
66781
69367
49928
66996
28767
66937
67227
67010
47328
54350
46982
54864
69045
47156
67147
66858
63834
57199
47714
61368
66857
67150
52263
66632
69114
47641
66625
52267
49852
63840
66785
64220
67003
66857
67153
44482
50108
47458
66719
66921
61754
66714
52397
60980
47257
61494
68819
67082
66783
66784
66709
37525
66714
49601
67006
66933
66851
47393
47333
54789
56694
69177
66504
69049
56815
66786
53158
66781
67075
37415
66778
67002
45306
50050
59408
61369
47324
67147
47389
66997
59478
54791
45181
63784
66852
66047
52453
66714
47698
66181
52003
47772
50182
67224
67071
66860
42980
67003
67149
69631
66852
67078
66928
52012
49789
57204
66640
66788
64158
28654
52003
63967
66848
59277
63715
44866
67070
69633
56679
59414
67152
67010
49158
47382
69442
67148
67078
61572
66637
69493
45487
44986
67225
62772
52389
66785
64221
64158
67083
52130
66861
69374
61431
67226
47384
67154
67220
45496
69441
28168
56694
54666
39565
59281
56688
66853
66783
63777
69639
67227
54675
56751
66931
28768
67220
67216
66786
67228
67146
66636
67074
47518
67150
64217
67223
69309
51604
59410
66786
66784
61373
66862
66785
66862
67217
66859
64229
50056
59031
50176
35711
61889
61437
47712
49658
66633
54469
66635
67149
61888
66115
64220
67150
54726
54864
64164
66711
66631
66843
69636
61496
57203
66933
66638
47324
57197
42817
66636
63716
47838
52524
28870
66049
67010
49925
67221
56752
52011
47513
66784
66859
67003
66932
66788
45490
67145
61378
49327
61503
69630
66927
47515
49787
37752
39400
66116
66712
63839
66707
65770
67152
69635
52012
47331
45049
49387
69636
66999
66703
61819
64026
57068
49795
59276
67082
61568
49664
69054
66553
67223
47647
59089
57200
54596
67221
66251
66638
61507
66643
63977
66644
45179
52387
42874
43163
56819
39619
56343
66934
54476
52199
20825
66635
66175
47776
64158
67004
61565
66634
66929
61761
66996
66785
67073
66708
39295
67067
66640
63773
61821
69182
54541
61628
66928
45489
66630
63904
69111
56757
66056
67071
66783
66639
67226
52013
66641
52264
67145
63962
66642
69635
37589
57145
66630
66930
66058
66434
47644
56628
34062
61506
66779
59285
52328
44987
58150
67079
66174
58857
66997
69631
66712
59097
66639
67002
47326
47585
66994
52260
54669
66929
57074
69175
66862
67067
58640
66855
54860
66782
66787
61372
66498
65660
69498
52327
69118
67083
66245
44976
44644
66782
66784
56559
57139
66934
54537
66864
66777
30577
67142
67074
49964
44279
61818
67085
69114
67137
67002
66189
32124
40617
57198
37469
67223
66567
54734
66635
69439
45496
66858
67146
61495
52066
67076
52517
67221
45500
23454
49668
49857
66788
69635
67154
67003
59035
67153
45053
67154
61886
69043
66306
67225
42935
66917
67074
67150
56694
66785
67008
47384
67146
56819
54536
49923
67083
57137
67224
67221
49789
49924
64103
64018
67147
67216
66510
66997
69632
54667
52133
67223
66639
59218
64156
63846
67140
66708
66781
40951
47775
45497
67224
69639
67209
49603
66856
47580
54791
66862
66931
59100
66926
67148
69377
67069
67073
66929
66928
66841
69629
66928
67146
67217
56755
67144
66862
66644
47514
66933
56687
49991
61884
67142
66787
66996
56757
56948
56691
54544
67009
66715
56691
67150
66633
66057
47710
67223
66646
66861
54600
67073
67227
66861
57143
67004
42929
66639
66238
66927
32460
67081
67146
66864
66630
66717
67082
58526
66641
69052
69308
69109
45111
59028
67220
66704
54731
45311
49860
66632
49797
64104
66625
66937
67073
67216
61439
67004
57209
69640
49799
49988
69504
66640
33694
67080
49987
49862
44976
66930
66707
66777
63967
61636
64220
30030
69424
44528
63710
45174
66843
66780
49665
66555
66860
44754
67145
52009
35821
45116
69639
47460
54541
67219
67000
47705
67145
52456
66636
51720
69438
64030
67218
47455
54351
61758
54471
52001
66858
50116
44472
67076
44987
67157
67005
67004
56940
66706
67155
47582
67143
59407
44647
66713
66790
49735
45375
66708
37861
66933
66632
66707
66934
33749
67078
67004
66859
66935
66854
63905
47521
69632
66711
59027
28697
63648
66647
59152
47578
67222
66430
66704
67005
67152
66852
66930
67223
69441
56510
47381
59288
67075
66634
52140
66622
66643
67069
50114
63968
37415
61493
67154
66380
67073
49213
45224
63775
61613
39184
66712
66927
66643
54733
47459
67068
67072
67222
66371
66633
51776
52137
49861
49055
66712
49796
66928
56877
61751
32228
56291
66848
20730
67004
69563
67065
69634
63703
66788
66931
66930
59545
66933
66932
54178
66854
66706
66781
67219
45118
66932
39179
67147
67147
34106
66862
63714
52328
66936
57143
66922
66246
57137
67076
66495
45356
66998
67222
66711
45432
59223
59227
67148
69058
66629
66645
54532
66115
47771
67003
52196
67147
69501
66709
66712
47776
63823
66857
42988
67143
67216
67004
63770
66924
66694
52077
59289
66928
67142
67146
69109
59093
66115
66788
66848
45362
67219
66857
47326
67220
67213
63714
49739
66701
63849
62827
63266
66997
67002
63209
67218
69565
59287
47843
44982
47511
47707
50052
66856
56239
49855
66498
64100
66117
66850
66852
61619
61361
56945
52133
66639
56821
67150
69309
52197
66859
69043
69174
63717
66780
57130
66854
69119
64220
66646
66775
69567
67000
61373
59539
69492
69248
52194
56817
57137
66928
52393
59288
63110
61875
66122
45245
67227
56684
66710
67215
66864
64165
66933
66637
66858
66923
66783
45244
67149
37417
66574
67072
69246
66936
66937
45495
66181
58851
57017
56758
47515
67217
44982
67071
65720
54802
69045
61884
49922
63778
67073
59157
45300
66563
66634
61434
67068
61570
54676
67001
40855
66926
47641
67146
56814
52132
67081
61369
52325
56351
66858
61567
69242
58958
69630
69176
49672
28654
67061
66708
49987
50168
56996
67158
63973
54797
67079
66779
64158
69636
44590
66187
66720
65600
59411
66179
67052
66633
52452
66779
66709
67078
66711
50051
59486
66169
47516
66779
64040
47513
47389
59162
54658
69633
54733
49791
66633
52519
61379
47522
66710
49924
66644
61755
67144
67073
47586
67145
37579
67146
66120
47774
69629
45436
66998
47516
67072
39296
44983
59475
69438
67152
59290
65655
66716
66856
59344
45116
49991
66929
59344
56352
46923
66566
67003
44991
45052
67074
66784
67070
66779
56875
56679
56998
66623
61562
67081
33943
69638
45227
61689
66119
44645
67147
66705
68822
49382
49793
66714
67154
66051
69560
69240
52392
66634
66861
61881
61439
64228
49918
67224
52395
59025
66373
67085
39343
66851
66776
25684
66638
47645
64035
61885
28393
46816
67227
54731
45490
66629
66636
69377
66855
66710
52396
47376
47323
32180
67003
61499
57070
69054
66434
59543
67073
50048
54064
67218
66995
49982
42820
66987
66373
66863
52006
37697
66704
66936
50117
66850
69634
57202
69439
47645
66856
66859
66707
67150
52126
57144
66850
67225
57195
56688
66938
66242
67002
69378
37534
64216
61367
64029
66716
16972
67217
51888
66852
67002
66935
66315
28866
52201
67007
66638
54603
66635
49219
66710
57072
66641
67217
67002
67074
66703
66785
30801
41104
61697
61557
66791
67224
56685
50048
67008
63959
66929
44811
67225
35153
61754
66636
54606
66785
61748
66717
66862
54346
66641
67080
67220
66858
66779
45309
66709
30743
66936
61818
47715
66851
45489
66710
67003
66992
54416
66790
67152
67001
34169
30585
68261
66708
66707
66859
44990
54349
66708
67228
66849
66782
54414
44918
66710
66712
66781
52316
66786
53957
67073
67216
54343
25677
69490
49916
66711
66635
45440
67229
61439
56754
47327
66714
57011
67221
66926
69561
69242
67007
67217
66645
67001
57075
66855
66634
66997
45235
57124
66713
65921
66936
56889
49731
66865
50042
67223
45428
67075
66308
66788
66636
67073
54665
54416
67006
59028
67224
52461
67215
69635
66635
67004
66640
30423
45037
39571
45117
49984
69633
49981
47769
54798
47836
47268
63711
45431
69633
66645
64096
66638
52460
45434
63970
66778
66861
52264
56687
67142
69637
63970
41114
59413
61629
66640
66243
59413
66863
18330
66924
66706
61697
51503
54797
47518
69558
66851
46566
41228
69171
59157
66858
49324
49730
66500
67005
54174
67155
67152
64101
61625
66637
63960
47318
47642
45247
66056
49925
47836
66999
50042
66931
66857
67078
66937
66630
66925
52197
66863
66786
59228
54861
66177
63899
66998
54719
66928
59156
66708
69238
64224
64225
66639
59161
69556
37811
66921
49606
66998
67075
67010
63966
45113
67221
69377
69624
57197
66777
47518
45244
69052
61757
61863
67075
47836
66861
66865
61818
67224
61821
49857
56884
67075
59094
67152
39285
66631
63900
69637
47325
67222
44580
67220
59228
67008
66854
49667
61878
67215
67228
49982
66644
61748
66782
54542
66642
66431
66931
42772
52132
67135
66939
67147
69503
67226
66304
67145
67008
35879
66859
47646
63701
67005
33554
54350
66788
47319
45180
66639
66860
69047
66641
52390
45172
66930
66637
69117
66050
47450
66706
66923
63768
66769
67003
66637
66788
66790
54856
66570
47569
45309
45502
66714
67000
44987
44982
66640
66710
69616
56876
67077
69637
47445
57192
66781
67146
45369
66927
66627
61374
67007
59098
67225
64032
54673
61693
66859
66636
66858
61688
56682
69308
52267
42713
47587
56883
67143
52204
66701
66845
61761
67216
64095
67147
54730
61558
66638
67229
30694
66057
61436
37591
61883
69635
67216
67069
66928
61507
47587
56357
66633
69108
34326
67077
67080
49983
44982
63904
63844
63967
45497
66791
69176
69376
56751
64095
67221
67153
54542
69563
69178
56570
59156
65812
49920
47524
49860
44982
67007
50052
54597
67215
35926
47518
63897
59411
52518
61436
59485
59348
67005
67006
52456
41224
67143
47260
67143
56464
66998
49789
66183
66709
49849
56753
67073
45044
47520
66633
66856
59417
67000
66789
64037
66379
57133
61696
49926
66633
69243
67148
64082
59411
66997
67226
63908
69368
66935
67144
66639
61438
69635
66792
67004
66180
69443
66378
54412
69630
66935
63712
49924
61567
69630
45245
66709
59401
54475
66930
49924
66989
66642
66639
47319
67002
63892
30580
66717
66435
66786
46935
39298
67006
64157
56942
66860
67005
56821
69630
67146
52518
69439
67219
66788
47774
69439
66371
66861
56687
67000
67003
66786
66846
67081
59081
61885
69372
67070
69047
54478
66939
56825
52385
66442
47584
47092
66858
61559
66860
69631
67221
66714
67010
66926
67142
67071
50046
67078
45237
67216
66708
45179
66934
66775
66854
63782
24362
63707
61749
66635
45496
67141
61696
66856
69638
66860
66638
67145
52070
66931
44989
64030
49724
67144
30360
67076
66854
59528
57137
66646
66713
67224
69291
63714
52073
37526
54733
57009
59347
69500
66636
65542
63780
54795
67154
45176
44596
66709
66925
49789
49664
49795
66854
67079
66786
61425
66706
59095
66862
66998
63902
69631
67065
66311
66713
61698
67075
49728
35868
66619
67009
67012
66930
59539
66932
69499
69315
66853
66642
54532
67072
67157
52326
47778
28984
67214
66636
49657
67078
66923
66790
66932
66784
59285
66694
58749
54669
29035
54234
66931
67012
37856
56752
66777
66862
66785
30577
68701
67000
67142
67214
66917
61428
66780
67143
67145
69430
69611
45294
59349
67223
47150
61193
66718
57078
66117
66785
59416
67212
66785
59219
61435
61437
66706
69310
52398
67222
67080
59222
64091
67154
67152
47458
66183
52459
66936
66708
67214
66183
63772
61491
58630
69498
66778
66708
69634
28921
67220
46766
47520
66421
67216
69501
45052
54350
67222
49488
69171
61082
63845
66789
61377
56678
67002
66862
66865
66933
54858
61192
49856
67082
54417
56183
45372
67001
66716
69163
45052
54856
66775
66925
49794
67225
49797
67007
67220
60923
66694
59017
57003
49907
66375
67222
59096
61431
47773
54526
66642
66927
63710
34056
45372
64154
44576
56520
67157
54730
66642
68168
57205
67085
61824
67001
54347
66854
69424
69629
45365
66858
52519
66244
61878
66247
67223
67150
66933
66859
67007
47449
67227
66865
64216
67228
47642
66858
66707
64231
67218
69502
59541
44977
66640
54474
51783
59292
47775
69629
66930
47841
66638
52264
69435
47585
66779
66865
67230
47264
66310
67007
66931
67010
50178
63778
66862
66999
61369
59282
66857
52389
66697
56510
66854
69050
66930
67082
67146
54796
61558
69182
54803
57140
66922
69632
47843
66792
47776
50114
57017
69108
67082
66050
61433
66926
63967
67148
61377
60851
67148
63964
66714
66856
35760
66639
69635
61148
52511
66568
66709
61502
67216
67005
63849
59286
66432
56691
67215
67077
67152
54540
67071
66857
66112
66785
61818
47323
54863
66710
69631
28917
66933
66714
54796
66641
66931
69502
61884
66645
67081
69305
52324
66644
67226
52203
44867
61366
66564
61561
59220
67221
66928
66718
66635
34104
59159
66777
39452
44862
56191
67148
66120
47396
50047
67009
63718
66716
66709
54736
59227
64165
54731
54472
52451
54540
66647
67082
57133
35660
63905
30463
66181
28976
67071
49660
66708
67136
66857
49381
61434
61629
66302
69627
50054
56873
67073
66229
67224
58964
67002
67154
45361
50109
67011
66785
66926
47584
54855
30632
47330
45179
66778
50185
42938
54476
69633
49791
67074
67080
66846
67010
66565
66712
18280
54115
67220
28758
67147
44928
66924
66925
61869
67001
52143
67081
44992
52459
66638
59226
61434
66786
67216
67072
67074
66791
49670
53700
52458
67072
66711
56751
54541
52265
57076
56885
49658
69629
66705
67009
66781
67223
67005
59086
49854
63836
67004
61689
54346
67065
50104
54543
34222
59350
30468
69561
66638
61754
45055
57137
67154
69560
66117
66790
69639
54796
66637
66365
67000
49662
69570
61752
34326
67141
66647
56945
67221
45168
66851
47393
49861
67074
67223
54540
49922
63900
66636
66858
66849
66785
66860
66791
52258
69436
63778
66635
64030
56746
66858
32456
69116
69492
56885
30418
49660
50117
66709
61555
66642
66785
63775
66711
66562
52521
61697
69633
66929
67079
66720
69500
64221
66641
69624
67074
57009
66440
66781
66781
67224
56886
47389
66856
54664
67074
57136
66775
69050
67079
47583
63910
45427
49985
30642
67146
66784
54795
63904
66704
64031
66704
50047
66641
59155
37475
69631
67210
61818
67011
67149
59476
67001
54601
66714
67223
52207
67072
66791
66374
66936
64032
69630
67072
61568
67077
52447
66988
67140
52197
67079
66122
66712
62740
66850
54067
63898
47647
34111
67141
66640
66858
67153
66936
61808
49730
45239
54797
67228
67223
66764
69565
67080
66119
37635
54729
69633
56950
59032
66712
21823
69626
59466
66934
69121
67151
67071
66716
69115
66114
61498
66633
66859
54478
67218
67004
66712
69372
69636
52330
59284
66122
67231
67001
49653
67142
69630
67228
52392
66857
18249
16827
49793
66435
66856
45239
67078
49857
66782
66776
50120
56881
67150
67135
61436
50051
68930
69304
47843
52525
49995
67074
67149
66931
67223
54411
67005
54798
67006
66863
66784
66634
41115
66789
69178
69637
50180
46981
67070
66632
47640
67073
56883
66640
52010
52321
45365
61197
54413
56882
67224
57075
46818
47766
52263
66715
61688
54349
66306
67006
69631
66437
66936
51404
67223
50056
67001
67219
67220
67000
66855
63975
67002
67004
64033
68772
66640
66439
57077
54666
50050
37644
67223
67073
69556
68816
67227
66936
45118
67224
45433
69240
56824
67220
47842
67077
66773
54603
67073
59405
66782
63715
66857
54113
66861
54545
35711
61811
66850
68599
66311
47392
66784
66789
63902
51551
56693
66782
67005
66863
39295
54542
49797
61369
69632
66778
45243
66713
45366
47504
52136
66712
67227
63969
47385
49924
47150
52065
45371
45177
67221
66642
61565
66854
57135
69632
45174
28925
67080
66854
66718
45237
54542
69235
67142
61694
66858
66919
45046
66710
47705
67221
49863
50047
59412
67228
66856
66854
54732
56085
66785
67149
66784
61818
67217
45103
66638
52463
67153
66918
54482
50173
66783
67148
63961
20830
67145
61499
61689
49736
67011
59165
50048
42875
69558
54659
59481
49861
56408
67153
52008
67064
66937
66501
69628
63968
67155
47386
59416
45366
67223
66706
67011
54470
67000
67063
24730
69637
67003
67152
49796
66634
47450
45237
67000
67073
66374
67222
46987
59279
56879
67078
66929
41002
57007
54412
52458
66312
61557
67077
66932
67075
69637
66378
67222
69052
69630
66639
66708
52261
66173
59034
52457
42715
61559
67002
64215
58472
59550
66640
66858
66637
52322
61367
66781
66791
44977
67078
67079
67222
66932
57071
56806
66783
64225
69501
66778
67073
66708
66710
67005
57200
52523
47324
32504
54416
66860
67220
52137
66782
66863
67075
47390
47453
67006
67151
69312
59543
59354
52515
64224
47455
39573
47325
66644
67222
59036
66633
56952
47515
59148
66787
52138
66241
64223
68773
52007
45050
45111
65664
67221
67149
45306
66851
69635
65772
67000
66787
46936
66637
67085
66244
66567
54609
66928
51668
47327
67082
61697
66706
54732
66933
47707
32294
66423
67005
34006
59477
67075
47389
59336
47642
58912
66783
63906
47832
52459
66997
54542
66708
57069
45435
66790
67147
45374
69564
54729
67215
44928
59019
66933
52071
59162
56885
66930
59278
54412
59348
67218
59033
52003
61817
61876
45049
67082
69307
67144
66176
46927
67074
66858
67079
66711
67003
61619
64039
63903
44750
49921
57141
66364
66632
63720
66641
67004
57203
66249
59413
57136
66640
54855
56940
67148
66707
64157
30692
49924
56883
66641
47519
52001
67005
66708
66999
56760
66777
56870
56685
54795
51501
66936
66861
66936
66490
67084
66783
45045
66928
66634
66642
67006
61684
45310
52329
66640
45363
66767
52064
67001
66781
57138
66780
66789
33939
67011
28449
66926
66767
46875
49671
52522
67228
69632
50110
67082
59149
42459
66639
56686
67148
47325
66786
54660
66784
44815
69631
69637
47524
39572
66934
47319
69635
42772
67072
44754
61687
66633
69499
54464
48218
59353
66709
44639
59220
69635
69116
50049
52521
64038
66638
66926
66793
69497
34056
52196
66630
56756
67228
67003
63708
59292
67148
56946
66987
47832
54595
54347
45485
66634
63714
54733
56748
37535
67225
64227
66715
66866
59213
66637
67001
61437
66635
67227
67079
66926
49993
52117
66643
66851
42827
67005
69181
45307
66309
61429
56749
54739
61559
63779
66785
66302
49730
54729
67223
49925
45116
66711
63968
56882
56692
51673
64096
61564
66785
45303
69631
45437
54543
67144
56697
47838
69378
59419
61689
59161
59222
54732
69636
66784
66306
67221
56742
66774
59413
66927
64099
18059
66714
67076
35874
66860
66866
50113
66772
57199
66639
66705
54478
61429
66782
54612
69294
66309
66787
66641
66181
35655
49737
67150
37420
67146
63843
63152
66770
56812
67218
57008
67080
61627
47576
45438
47770
67011
57075
43160
67150
67223
59033
69429
49500
49986
67074
67221
56243
45177
52457
16743
54727
66787
63841
67228
66711
66711
50171
67148
67012
59546
66632
53560
66714
52137
64098
49922
69631
56876
66504
66927
45114
39455
67077
66708
69248
52068
52390
56403
66933
66715
66857
67225
66708
47330
63712
51890
45368
66929
47777
66125
54469
66711
47451
54670
59026
35709
66782
66866
47834
56942
66781
44701
66934
66715
45428
69111
66934
67069
59330
66854
68542
66922
66787
67007
52138
59030
66713
66505
49921
49856
49437
66712
66772
66930
64029
66790
47452
69179
67000
66632
67076
67004
54347
66933
59548
66848
69560
61502
66782
66638
66625
64096
66642
59478
49165
54846
66934
61082
59147
61435
69375
52454
54864
66630
66936
69561
54663
67146
67080
47640
47568
69117
64038
67080
61761
66441
54598
57006
59158
63846
67218
57008
67149
69506
61689
66859
66309
61141
67223
66935
63780
66925
69375
52444
67148
61307
45305
67221
67144
66774
69440
67010
67148
61685
59485
47771
59541
66246
67142
66791
59544
63842
66931
59536
52262
67075
54397
66785
66997
67222
50046
67224
67211
67148
47641
63784
66635
69058
52142
67077
56462
66715
54352
66785
54733
47713
66776
69632
65666
54119
61434
45373
66640
49925
59030
49795
66784
47842
69620
67145
59098
66860
40763
63975
66637
46934
59281
67150
52140
66785
69633
49730
66636
64094
45241
67003
56747
59400
47589
67077
66240
66715
47390
66931
63902
67145
47834
37861
56514
50111
67063
67001
61437
61755
67223
49912
49920
54474
50041
66711
58583
43045
61887
47775
66703
44987
54479
63839
69051
47844
45433
54863
44483
66632
66501
67080
66634
56817
69305
66791
66930
67154
66629
66784
49792
57133
45176
66315
47645
59034
47579
64209
44511
66710
50172
66636
67228
67224
66932
67217
56942
47458
67074
66242
66780
66700
69635
61433
67002
41382
52141
67152
69434
66709
59100
66640
66855
32183
54607
61814
57199
66780
69636
59284
69499
66928
69310
56945
61880
66718
59160
61629
67070
66376
67228
69051
67155
66646
66645
66785
56814
66861
69633
50050
67154
49984
67221
54288
69628
67003
66788
47777
54739
61687
66716
59100
63774
47771
37803
67149
45373
47712
66715
66928
47327
64160
52388
54797
54861
57009
66929
66937
66860
66706
50182
66783
63906
54732
47523
66709
66308
69376
66783
52134
67225
67005
49855
67005
61559
66644
67003
67143
67224
54473
47324
54603
67151
56939
64101
61819
32389
69631
66861
32343
47773
66857
66995
49663
66781
66925
52454
56941
52007
66715
47512
30469
52007
56948
66999
69627
67215
67078
49732
57068
59349
66185
8911
66855
61563
67150
56816
66789
67146
61374
54791
66641
28342
67070
57008
67224
49494
54480
52004
59100
52263
47320
41172
69633
66855
66633
66938
47588
61565
67223
41395
59542
52518
58689
66640
32119
67150
54802
67148
67006
66789
66372
59355
47707
66639
64103
67151
67006
64021
66503
66998
67003
66786
66433
57070
35658
66713
59226
47775
66923
66444
54537
69630
63839
47523
63778
64225
66246
54281
66710
54798
66567
47650
67079
59036
68223
66861
51824
52201
47321
66709
52069
66930
47648
66857
66631
57071
67073
67211
66862
49845
45041
67073
66568
67154
59208
49219
64228
52464
67077
56811
67150
61365
44543
56810
66182
61147
56815
67004
52266
61820
45500
47329
63691
49329
52517
66784
42879
66935
54537
67080
66180
54861
61745
66712
66926
50109
66643
59474
66783
52521
69110
67226
67076
45307
66859
67075
47770
69118
49858
49789
66636
66860
66783
41171
66702
45112
47517
66310
66785
37529
66245
66058
69181
49784
69115
69632
66788
66637
66931
66121
67133
67007
66627
67222
67148
64038
67009
69305
59159
67076
63270
66938
66244
57137
67081
66441
59029
66784
66706
69638
64092
67004
59481
69306
67076
69634
66712
57133
28752
56882
63778
66639
46721
66784
66859
47036
42989
59416
66710
47587
47389
66860
67151
67074
66787
66920
67219
67078
59543
66853
44650
50053
66778
66504
67150
66784
66931
66852
56935
63972
66694
25815
59479
64025
56290
67007
67149
63648
66249
66855
66643
56931
66783
67156
63837
67145
66049
64030
66859
66708
23415
56946
56882
59163
66854
47712
59031
66507
61690
67152
66933
67076
66709
37126
50058
54533
69179
42830
56692
38945
61818
49793
66712
66862
44985
67076
56569
69433
69112
49219
66715
56824
69187
67011
66928
50110
69626
67150
69634
66709
49220
67077
45114
56743
67010
47639
67080
67220
67002
28867
66628
66780
66636
45114
45497
66708
37748
66845
51939
47314
60924
59274
66784
69441
69308
67211
49857
69416
34224
52136
66855
59161
50052
67008
69104
59153
47323
66565
69243
49020
64101
61431
66640
56880
61193
66856
56344
66931
30531
67076
61503
54728
67149
52517
54545
66927
61623
58641
64097
66378
47776
67149
50177
67152
46984
49668
67147
69563
52001
66637
66714
49849
59286
67226
47518
66786
66712
66858
45492
69243
52523
66851
66638
67078
67150
49796
66707
61627
67076
66988
66924
49921
67213
43045
59416
49922
47324
66861
66174
58576
67081
67001
67077
59284
64105
66627
66177
64097
66500
59229
66429
64102
59282
52391
66788
49855
37584
67149
45112
63717
57134
66857
66779
49989
66791
69636
37806
66937
66714
52267
66501
66860
56570
59472
67003
67145
66937
67203
66863
66175
66711
66049
67225
69633
49989
66931
66708
52257
69052
52070
59476
67062
66779
64093
66935
66790
61689
67226
57139
67081
45496
49922
68932
66569
69180
66706
67001
61824
44756
66863
67074
45419
63965
66633
67157
54536
67216
66785
67065
66925
67144
45049
66847
30353
59157
66241
40998
59223
66703
54417
52391
61819
67220
69051
50186
64102
67223
66852
69638
54860
60288
65996
59024
67220
66859
59031
66788
33888
67007
54779
66716
30740
54351
45497
59099
66696
47770
47647
67142
59346
49790
63901
63833
59286
61884
52136
59227
66634
67211
67078
69635
69056
61760
66710
45310
67005
66778
36100
66854
56610
19409
47453
66924
69053
54600
67073
47834
59478
67082
67076
67151
47773
67073
66702
66637
66711
59035
67223
59159
66785
66717
67143
52130
54802
49791
67224
66852
66639
52327
69315
69247
56823
54538
57199
33950
52129
61562
59096
54600
66783
66861
64095
66716
67077
47381
66706
57137
59158
43149
49987
66777
66857
63212
66713
66779
46814
66995
66854
66638
49672
54001
66925
66703
47710
66925
66862
66851
57199
59540
67008
47839
57073
61758
52522
63842
66713
45493
52457
59158
54736
66789
59547
56947
61818
66782
66861
42475
66790
69312
61690
54545
45176
56939
17780
66788
66903
52385
66782
67000
52077
52249
47779
67147
66930
66786
52327
47451
54474
66713
45052
66634
66633
67077
54729
49992
69498
59103
66783
67156
34224
63969
63910
66633
69431
69113
58857
67005
52197
69638
52200
69047
66640
56685
66164
66636
66922
66935
66624
67137
59530
66507
54473
66641
67220
67226
66929
56749
49549
63898
66991
47650
67221
66711
47764
67226
52330
52061
66925
67224
56753
66935
66924
54602
66718
66183
66790
67064
66048
69634
67083
47326
57073
66573
42771
66787
56185
59032
61363
67146
56753
57066
69050
66498
66377
30523
61627
59543
61807
66934
57073
67003
66933
66710
66925
45241
67006
69112
66304
47521
69180
57009
54341
44979
66704
47328
49600
65548
28925
69435
66303
66935
63702
69374
47576
67216
52131
61752
67222
45440
54348
57200
45307
54478
67148
67078
54545
66708
52134
66715
66787
61369
66925
54794
54411
44867
66639
67150
49920
66928
59079
59163
44978
54736
66253
66705
59412
69242
66934
66857
66716
65553
45504
67005
64097
54736
69638
61371
66644
56823
66622
49735
67072
69051
58585
66638
57200
42940
59091
66860
54867
66708
66644
57075
66776
47839
66115
69637
61571
67148
66641
66784
61498
56572
66184
66639
67219
39185
45051
66705
69372
67004
69634
66936
66930
47525
69499
47586
63711
45502
59477
66856
66927
66932
44989
63905
28879
64103
30417
61628
67000
69624
54670
47461
66499
66720
67076
48783
69628
56872
50051
44987
69439
51783
66914
66923
47329
52392
67002
45044
66641
49796
68878
67157
49991
69297
67227
66633
66633
67144
57010
66862
54413
67000
54476
57136
66365
47841
67006
59220
52009
56749
57006
69636
66644
42834
61823
54674
66786
66859
67148
66856
66117
67073
67136
52005
63971
49660
57002
66709
69631
66930
59415
45055
30410
67222
66999
54601
61815
66171
52134
56676
49856
61686
66703
57135
66780
69311
69636
69629
67001
67218
66115
66988
52136
47836
67218
44650
67143
66633
63837
69500
67151
32460
69179
67144
67214
52518
67219
54473
52139
66316
67075
49855
69634
45230
66639
66050
69498
54476
66305
66790
67144
66932
67144
67077
59541
49668
67149
67082
69637
56455
69118
67227
54420
67079
54739
47510
59032
67152
67082
52390
28547
61438
66854
66926
47514
52072
67002
69493
54865
66934
54802
66850
66929
67004
52139
66996
61081
45307
59227
66933
67072
66631
39456
66705
56757
67146
49991
50048
42436
63325
69371
64091
57008
61500
58785
47579
41112
66858
47646
61493
66711
69632
67005
66784
47457
45047
52459
61758
41227
51890
67224
66435
69179
37530
65706
66243
66856
67076
66786
54411
66309
67073
67072
54539
30633
52390
66996
67149
67226
67008
58961
63900
66930
63709
66863
45245
69501
67223
45497
66785
66718
37578
66712
42995
67083
67149
45178
49723
66713
47768
54419
63780
45371
69633
66180
54799
66188
63532
52326
66646
56292
52074
67004
47843
67229
66707
66060
61505
59161
66928
33884
67222
56882
66701
67010
66646
66637
63200
47384
66785
67083
52133
52325
67147
69628
61430
66713
66441
66770
61566
49994
65590
66931
33937
63970
67135
67144
66707
66781
66783
30525
66780
56814
66047
49982
56813
67081
45056
66791
59088
66928
59473
52326
66783
59475
64159
56294
69439
50110
66058
56945
66860
66637
66793
67083
54796
49857
47776
66711
52449
44648
57070
67002
67224
66930
54852
49672
49734
66929
67149
67003
47387
67001
57196
32342
54858
52520
61570
67146
67225
66862
66785
49716
66497
66705
61826
66371
56942
67004
66714
50052
67138
64224
61430
66642
67224
66060
39509
57063
66306
67217
54350
63479
66856
49988
69249
49498
66990
35884
69120
63374
67004
61817
66630
59220
66769
67224
66847
61496
66633
66715
67221
54606
59093
67000
67149
49671
46929
62964
56348
66784
32460
66936
67156
69630
66862
67149
56885
52496
61623
67225
52137
67143
66785
67226
41393
67061
45290
66934
66786
59032
56760
67222
56874
52522
48926
69057
52270
66791
45238
66933
46930
50046
45052
47523
66778
37527
66787
66560
45230
66786
67212
66640
59477
69050
66999
66640
52266
33510
66785
69561
66710
49917
69106
49729
61816
52392
59282
61688
69505
49795
34279
66712
63781
66556
66928
57012
66293
66636
49665
63907
64226
67150
63847
66642
66775
47835
61570
67151
57015
67214
67146
59346
66859
67003
66707
61372
67154
67144
66501
66932
45182
66937
66707
56759
69621
68647
61377
50173
50050
67151
50049
67004
66376
59540
28751
47515
69367
66638
64217
63833
30807
54867
66848
64034
61891
66712
66714
66792
69567
45363
47520
45047
44807
66785
63778
69243
61887
67076
66858
67225
66785
66922
67073
54729
59544
67010
66636
66706
63840
47391
52523
57001
56748
66931
63774
46922
47323
53898
49728
66930
67145
28757
59159
69637
66992
66789
49669
66781
45502
63255
69628
66709
57073
28870
56881
69632
53845
66643
66707
59282
66780
56751
69038
52134
56345
66642
47838
59225
67223
67220
45436
61037
67220
67216
64034
67005
53900
67076
69633
52070
66787
66636
67155
54236
54347
30577
45042
66789
56947
61885
67002
67076
54540
51606
66856
66561
47841
47583
67229
67076
66548
66247
52009
66631
66856
54537
47711
66054
66935
66783
43159
66937
50053
51941
52140
54671
67070
54862
67208
66306
66933
30531
67076
54412
49544
69118
69634
60922
66635
54801
66637
63954
56753
59098
66634
66937
66714
47568
52515
68878
52456
66704
66643
61629
66439
67071
52265
61633
69546
66855
66707
66930
49922
66640
52390
67006
59216
66856
54793
69630
66933
67074
43108
64164
69437
66565
66704
66857
47517
47644
66854
67009
52460
67221
66631
54800
66860
52388
58582
67001
67081
67078
66633
47457
66860
69380
47647
61365
52132
67148
51601
69636
52386
66779
67224
67140
66782
47328
49792
67007
63964
52322
66119
67222
67209
61747
67210
69185
66784
66851
67225
52515
49796
66859
66639
49918
50180
66640
69559
59158
54348
69047
49668
54118
63967
54792
61437
67223
67075
67148
42992
59420
61690
67216
61555
54351
69637
66997
45118
67215
67207
67155
66854
67076
60866
67155
66859
66785
49738
66047
67005
50053
67216
67224
68754
64223
69375
45497
47578
47760
66712
67227
54350
59351
47378
69048
66635
66790
44983
61496
59217
67076
52005
69107
67076
67077
45299
66785
54803
66928
67078
54607
66997
67074
64166
67071
41227
47580
66441
66638
47717
66860
45104
66638
56945
66932
67153
66304
67155
64095
66059
49669
67148
66996
57203
66853
66785
66855
66848
39187
61820
45500
66931
68704
67146
68934
66784
67151
59230
67151
67223
47647
67146
52524
69428
66240
30115
66853
49851
57134
69631
59546
59093
47773
67084
59358
66637
54669
54734
67226
67006
66785
69497
66358
67204
49799
45177
66565
66997
45492
66785
57202
67231
66641
45373
63775
67147
66784
57199
69244
67220
45433
66789
61493
54350
69635
67227
41120
67223
44979
43100
67077
66632
66930
66646
45112
67007
64160
66933
67082
57196
67146
49794
47325
66247
45046
66783
63834
59155
34008
67075
59544
52521
44985
66854
69303
66933
54348
66926
69111
66372
66931
67221
56941
59025
47828
61756
67008
59036
66782
66932
25716
61439
58799
66711
57066
54802
52384
52522
61753
67150
66930
44537
67216
59348
61498
45173
66636
66785
66641
47837
57012
67221
66714
44990
66925
66634
49792
69299
69367
66638
61623
66937
45173
67071
66782
66370
59289
64093
66706
67225
61755
66931
35976
66776
69638
59089
67004
58426
64222
65037
45172
69637
61368
59281
69305
54344
66929
68552
66786
66932
66923
40953
49672
57073
66307
66859
66931
69563
47774
45239
66712
64159
54853
45051
68713
66714
67148
47454
69566
66785
52133
35870
69629
45100
58910
52268
63901
54355
45103
66783
46829
66784
67080
69366
49841
54732
67198
56888
56824
69632
66318
66642
67155
66793
47203
68551
66509
49653
56823
47834
66864
67078
66894
63966
66122
66783
66785
67218
69497
64164
67150
54605
69245
66856
66562
66931
52512
67000
66790
67222
66790
45488
66931
67077
66644
67000
66856
66997
63266
67152
54727
47641
45494
63371
46871
67148
67212
37426
67223
56882
47453
67149
45307
61489
45182
63716
67075
67075
63840
66789
66715
54733
61750
45493
47842
67071
64032
34050
57010
35649
66857
66930
69631
61434
67004
69377
66373
67147
66641
53463
59227
67227
66933
57201
59212
61752
67076
66172
66856
52518
67157
67078
63720
54865
66793
66783
66639
67074
66173
56944
66053
67079
67075
45176
49995
69049
66368
63836
64225
67156
52452
47521
44920
44981
39463
59347
45243
67006
66311
61613
49663
66925
47391
66707
67155
66863
69239
67154
66926
66639
56569
54598
45294
54670
67153
52513
69632
66854
47380
66859
66862
45109
49725
66783
67143
66777
45043
66374
67222
66857
61881
67079
67157
66503
66929
69180
66633
33882
69119
66639
67072
69052
34278
28595
52005
66934
66785
32453
33996
66248
66862
47711
64029
67149
67069
51890
66704
66243
66704
66634
52011
59472
67007
59030
67221
66637
54605
67077
67070
47317
47449
52323
61889
54737
52010
66935
37869
52326
66178
66770
60867
69627
67074
59097
66172
52202
66935
54733
47713
47650
58676
66932
69373
49986
66180
67079
67222
66243
66714
57135
54725
66856
69242
47833
66043
61690
47648
49852
43094
66638
47388
61419
49918
66933
66865
67145
66711
69303
63967
66776
59352
66928
47713
66702
52076
66925
63902
57202
69245
59484
47448
66780
66926
52333
66849
45240
67139
66309
66855
49370
47844
49858
67224
50181
66640
66635
67000
59028
66927
66784
61200
61250
66377
50176
67222
30358
49983
66788
66839
69505
61251
67078
66785
66780
66925
66926
69313
57003
69179
66780
67078
67228
67007
45427
61567
66783
66643
67220
66782
66641
67003
63909
57133
50109
54405
47825
61747
44976
66790
66789
52014
67075
66934
69175
52458
66925
66930
66930
67222
56951
66857
52268
66502
56351
61668
49978
50119
59224
66860
54853
67002
67221
49661
66641
66500
52069
56228
54798
66861
67225
65994
66853
45115
66703
57012
66790
67081
66709
49330
34108
69238
67079
66787
32288
66849
61425
39300
67009
45180
67085
50116
64165
28928
69560
49675
67065
52323
58909
66930
49787
56687
66639
66716
61884
66783
39295
66936
67080
66636
67209
67061
67009
56948
67144
64152
63715
66642
45114
54351
67011
66935
66864
57139
52121
57070
66640
67001
47520
63719
47458
69630
66782
66175
66851
50058
66713
56187
61358
67073
64098
66858
54154
57002
66499
57201
66783
49795
67080
69111
59354
69239
37804
54601
67084
69629
52136
54860
45369
67003
57140
52200
61883
51726
69634
67000
54481
57076
67225
66860
66788
44595
58801
56687
67219
69633
51837
49987
66710
67145
66304
67228
56949
34272
67071
69640
61559
56945
60769
47776
66857
66621
59093
65704
42723
66055
68935
54801
66784
66172
30161
67224
66632
47640
67068
50170
61435
58857
61372
66780
47650
69296
66437
56886
66633
66709
54604
68931
66860
66859
57008
69373
66709
63211
45435
59478
49795
54795
66638
67005
59349
66774
67147
61693
66711
39514
69313
66716
56694
65166
45301
66708
49726
67212
63784
67006
44102
61689
67225
63965
67216
63716
66119
61096
45042
49322
66857
59472
66713
66631
67228
67078
66852
67150
32451
47445
67074
67006
66709
41393
69628
66996
67226
66115
59542
66635
56750
54729
66637
66645
64154
66051
51947
66637
61372
61375
66999
31475
54543
49990
66251
67224
35760
66936
58529
47709
69117
41003
67137
67223
49211
66711
61756
66708
45428
56751
63715
59227
61625
34005
60860
66505
66999
64034
47519
67073
66783
49729
69636
66860
64029
66787
51552
58848
45363
57002
66432
67003
59413
67143
66709
66934
44979
52136
66714
47517
67151
67222
66997
66787
66716
56752
67000
59347
56678
66714
67146
37594
52327
69243
47653
67151
67081
44919
42821
63714
66789
66996
67007
66636
56998
67221
64221
45308
50055
66306
47332
56819
49330
66630
41055
67076
66850
45370
66859
66438
66936
49929
59355
67153
54865
67081
66933
57009
66117
44804
67010
52071
65933
67151
67213
49918
67065
67077
66708
66859
45306
52519
66793
66856
61291
66790
66712
66718
47641
52522
67149
66786
66929
67068
50052
49795
69633
44980
68255
67009
63777
64226
54735
47319
66639
61689
66927
36035
66565
66993
56944
69111
56752
69234
66925
66642
49738
50057
44859
67081
66711
69365
54667
67006
67078
64217
63718
61878
61631
69103
46983
54543
64976
66857
66923
46986
66926
66781
41396
66936
67223
69436
66771
45240
66997
47524
66238
46930
67074
65665
54544
67077
66785
67223
67147
66569
67152
47833
67146
66304
52393
64158
69565
66858
57140
56573
66859
66634
66643
69432
47842
50056
69304
66435
66637
63838
66711
64089
64029
59223
54349
59164
66930
54127
59158
66852
66856
66373
49777
64159
69633
61888
67004
49667
69632
28310
47653
49733
52510
47639
66713
44987
66783
67225
66637
64163
54609
47510
66996
56351
66998
69240
66790
66930
66246
63846
66789
59219
42931
45039
66787
47710
61553
67227
66431
67149
66367
47776
67220
69630
66926
66247
67225
66781
45494
66699
52193
66718
67222
66933
66929
66861
63538
59343
66853
67002
67005
66997
45304
66858
45424
67148
67228
67214
69632
54791
52450
69119
66999
69631
66788
67080
69630
47777
69630
52460
41176
59476
66713
67074
67148
56685
37136
66997
66636
52521
66189
66754
66853
66641
66637
66935
67149
66641
59220
22056
63778
57195
66630
54478
67076
52388
66638
67002
66707
67145
44924
66862
66865
59223
66719
54602
66783
66250
66835
52137
52330
66997
54477
69562
67080
67223
63848
67007
67150
49922
66122
66379
28764
54854
66930
47586
67218
66925
61615
69502
66634
45245
66635
45503
69571
67154
66862
66711
59222
59225
58580
32181
59219
61435
61807
69240
54548
67223
67149
50119
54542
57008
61758
66781
66936
67076
63904
56691
66709
66636
35930
67225
66501
45119
67080
53897
56756
20916
63701
64159
66710
52263
47773
67076
49990
66854
67077
66119
61878
66931
67003
56881
66370
67009
67227
45240
66640
66711
67008
59355
66937
49732
66785
67227
50050
56458
66714
42772
67158
69633
45052
59037
59289
54344
56696
45503
66784
66773
67157
57139
49788
32182
50181
67079
67149
67149
67155
66639
47453
61033
59416
63775
66923
54732
66702
66783
52003
64097
66930
63958
45431
66635
66636
52201
67081
39513
44862
50179
66496
59219
40948
67004
66790
66766
66563
69112
59480
66713
66640
66639
59412
66640
39461
50051
50049
66719
66508
63905
66781
66369
46872
66930
67228
59354
45243
67078
64166
67150
45178
39449
66637
64037
35935
52071
69045
67003
47767
66307
67075
66370
66933
57012
66787
66858
50172
69240
59539
67001
56756
42718
66854
54608
58149
67145
66713
20873
66781
66642
66056
69637
69305
61375
59150
66927
47711
67145
66714
66718
67155
39398
67000
67077
59285
66861
66712
66124
66778
67145
32127
66713
59030
69050
66713
67074
69497
67226
67217
49855
45494
45232
66635
52068
61752
47510
66786
66710
49864
67147
41118
52008
66638
66999
67154
66923
67004
66783
57136
64097
67146
49723
54793
64038
52390
50046
35660
54799
66241
39246
69124
56939
66495
30785
66932
66645
37757
47328
61875
66929
67157
67224
54801
66185
52067
47455
54473
67147
59088
66712
59090
66856
67075
66853
59030
67148
57131
47514
69118
59288
47461
56687
67157
47514
30687
56750
67073
66931
66999
67150
67073
56888
66632
66930
28931
66777
66636
66179
42715
66780
56685
61699
67153
66935
66571
66931
61365
63371
63972
61377
50178
66713
67218
47448
66793
69637
66787
39625
66636
49857
61696
59155
67223
66856
67220
67078
45175
67008
64036
67218
66778
39297
56822
67004
67148
67149
67074
41000
69248
47459
67075
67227
58910
67082
66710
67152
66784
64089
69628
66937
49737
46822
67007
66927
67150
66715
67002
66633
51505
67148
47206
69503
66858
66848
66786
66240
69634
67000
66927
66638
56996
54069
66710
49725
47715
66640
67004
69244
69177
45238
30256
61566
47842
67004
66789
63526
61757
33467
63702
67010
50181
67002
67147
60146
59160
61504
23316
59352
69171
69633
64092
66636
45237
67152
66929
44474
69430
67146
66698
66780
66863
54541
67002
67077
66996
57144
52519
45179
63843
67069
66709
45498
66853
59213
52080
47769
69311
66711
69634
65657
52393
69438
66854
67002
69434
54732
61569
45046
57132
56758
59417
61697
67075
45043
61372
66711
57065
45042
66704
45112
59468
45176
66863
67079
66641
66641
66635
52199
67219
49860
67012
67214
54663
45235
66997
59535
65607
67150
66702
49918
67080
69627
66786
66924
64035
67077
66716
59100
66853
66859
66645
66642
66244
49981
47706
47775
35713
56875
56887
50046
67153
69634
66926
57001
66936
67006
42714
56879
66939
66711
67075
67080
67082
66060
47578
67154
66789
63907
52126
66924
66933
52522
67069
57013
19463
61884
66711
66784
59218
66638
67000
64031
56295
66934
66787
63705
67228
49857
51310
54731
59291
69637
67220
59405
66930
66933
57000
67215
45177
45225
45178
45366
49673
66927
66925
66638
66849
29035
49660
67078
54664
59540
66936
49857
67211
66560
66927
69046
67080
52198
66785
66715
54480
67143
69632
54800
54460
67079
67217
67064
52143
66937
67221
67072
57201
54670
66932
52321
66183
61439
66990
66924
56947
69624
66379
18246
45303
66786
63592
66858
63900
66860
67080
49984
69437
67007
52264
66923
69638
66936
64165
52011
66060
66499
54535
66792
49730
67153
54349
56243
66718
67223
66634
58641
57129
30748
67003
57069
37810
49858
30801
69563
49219
49328
67217
66713
66046
56757
49434
66625
66861
54172
66935
66930
59479
44982
66865
66645
67148
52384
47456
54475
57198
66713
49866
67225
66784
56947
66924
47587
67231
64160
52136
64227
66858
67151
66312
61431
66786
54866
44869
66790
59421
34007
69632
49667
57074
66637
66781
66715
66857
47389
66638
69631
64032
69637
65929
49929
66712
67217
58631
66371
66854
49799
42616
66709
52126
67223
49793
68660
49865
47387
66710
64221
64159
66935
62877
63710
54797
59153
59093
41373
66705
56563
67141
59089
49334
66789
66930
67148
65832
69240
67075
69424
69370
61820
52260
67076
61691
66633
59094
54478
56824
50178
69631
50055
66791
59164
66503
66711
66781
67003
63904
66784
66932
45434
69634
66635
52394
56810
66999
66857
66718
67157
57075
66710
63907
67002
69175
66931
66440
66929
49664
67005
69635
66711
66640
49989
54415
54408
66503
66248
49859
67081
66778
67004
59468
66720
67007
67151
64097
66632
66860
47775
67002
66309
52064
52134
52396
64231
66708
69178
67001
64156
67230
56877
67008
61367
66632
61629
67219
66639
67148
63963
67000
67227
49726
56937
63712
63774
45501
66937
66700
59157
66787
59477
66781
66715
66791
66717
69247
67001
61758
28649
67083
51889
49988
67075
44702
67076
67152
52064
45438
35230
67146
49218
49788
67217
69572
61565
59220
66936
66635
54411
66853
54409
54463
45161
54341
45115
66924
67155
47460
63771
66860
67216
61755
66640
49731
66304
67151
59475
50047
63897
66630
66368
66925
47321
49859
67221
59342
67216
63772
66860
54341
61625
67227
52129
52006
66375
49330
69165
59531
66858
66709
61369
61310
66862
66930
61495
66705
43049
66642
66709
67213
64164
44983
67148
64030
69178
47522
69247
66715
56883
36091
54612
66056
45114
66640
67004
66858
64226
66784
49862
67150
47449
63891
66301
66931
59225
66111
57203
67218
69562
32395
67221
69628
63971
66924
66918
66930
66711
67149
51661
67152
57135
49274
56747
39293
66638
32130
67003
67004
66776
67072
45368
47575
66857
66935
66713
61565
69180
66639
66708
66437
66778
66633
66563
66708
67073
63713
67220
66636
66638
62792
67219
69634
59216
45304
45498
40439
47324
45366
67150
66929
35924
66646
66919
66175
61498
59088
66927
47704
67144
69634
67005
66842
66714
66372
61437
47700
61369
58797
67006
57078
66930
64037
69631
66059
67011
67007
66250
64150
49864
66636
50054
69309
59032
66788
47041
54796
66714
52395
56874
61879
49799
66850
66786
66933
45110
59031
67218
67067
66711
59160
61436
66117
59090
66706
61565
66927
50108
52016
66181
66712
49857
67009
52199
56881
28708
64166
54661
61139
66785
53955
67226
66712
57201
67224
66858
59284
61814
67222
66925
61757
67151
47390
67072
66933
63708
65832
67222
64158
67079
44476
67151
59466
66633
67222
66437
69250
49928
66370
66635
61822
50165
57073
67230
59030
49368
54671
67010
54797
67223
66638
64227
67008
66705
66713
66312
45166
67221
67000
49795
66714
66251
56877
66053
66714
66936
67068
66789
67080
67149
57004
64095
30414
67000
50055
67210
52203
66714
66788
45364
64103
59349
34159
67076
52130
56752
69637
67208
47040
67010
66643
37320
44812
54739
66927
67224
49988
61750
54738
44541
67214
69634
45433
67222
66563
64096
59349
67075
47459
47330
63963
69494
56692
67075
66720
37477
52009
59548
67151
64163
69180
64027
61571
66929
59410
57136
67075
61885
66852
66854
45307
67002
66927
66645
61502
69629
67222
66785
66916
67083
49862
67151
63777
47396
66497
59412
66181
67150
54067
67004
61889
69368
52131
66859
69187
69365
66782
47334
47374
49922
69637
51564
66786
66852
63969
66365
53894
52205
44981
59092
59478
47516
47582
45244
63714
67082
66996
67212
44993
54668
33946
59485
52265
66865
64039
54735
57139
67080
66710
66851
47709
63904
66438
56353
67217
45046
56886
49855
19650
67004
67151
54734
63710
66787
69632
44986
67007
20560
67074
67079
67083
66781
57195
66790
66783
67006
64221
66920
47839
67224
66786
53897
64221
66859
66635
69631
63709
66119
61629
45243
66639
66639
67218
67212
66710
49730
66999
66782
66781
66633
67081
66245
49330
30523
45369
66712
68448
66784
59091
67149
57011
47451
61558
57139
37588
49736
59478
47709
66717
44596
52457
56942
66928
69633
63717
69373
67141
67081
67071
54483
69631
66861
42930
67150
69375
59095
66632
59216
66705
56753
49927
66928
57728
54480
66862
69175
67218
32176
64217
66710
67004
66781
66706
66637
56689
47772
45304
65655
61820
66637
52327
67003
47505
45171
66850
69638
66713
66934
66710
57074
45308
57132
57009
66699
66437
67081
66645
67080
60923
54409
66704
64095
67144
59154
63771
56811
47328
66856
61626
47776
57010
66782
66639
66636
59409
69177
34218
47151
66713
57007
45499
66631
52327
66718
61627
66574
66862
66706
66716
49728
67212
67147
66434
67006
61756
45367
66926
66858
67001
66637
33948
67149
50042
69050
66698
66919
51611
59357
66645
67004
54411
64031
63968
67145
63711
61506
63907
49733
66927
59541
50116
66937
66787
44986
54234
49384
66858
63719
66929
58581
66859
66711
69631
66933
67146
69632
50178
61564
67073
32456
54735
66639
66997
41375
54661
66781
45434
45366
69634
67003
69047
67153
66632
69176
66922
61634
47651
67219
67223
59351
57008
47582
53893
66050
35872
45111
43150
45372
50056
67225
69637
67147
54414
69634
66855
57202
59220
61562
66784
67076
47709
66788
67009
66937
66933
67144
69116
67146
63775
59153
52059
47580
47450
47586
61376
63714
67008
66857
67003
66641
45049
54601
45239
51894
69304
66781
52068
66858
54529
45103
66930
47840
66640
47454
53844
67142
39519
56760
52331
66777
32176
58629
69489
66632
67084
67145
45176
47330
67072
69113
67148
58972
67224
25821
47390
56690
67148
59028
66789
37700
63777
42772
67147
47511
59343
66931
67141
47519
66853
67147
66935
67215
67001
61430
45371
67153
56813
28927
43049
67141
50055
66781
66777
67001
67149
45050
67004
49667
50187
67222
69118
67004
66843
61756
67217
47320
67075
47388
63970
66931
66237
67148
66925
66988
66638
50053
61563
66933
66937
66997
61431
66931
66704
66781
66925
56822
47154
63774
50053
66928
67074
52133
67150
54669
45113
54347
67147
66786
67077
63706
66713
66928
67151
66635
57140
67008
49277
59286
67220
66710
66782
61884
67069
67218
59017
47651
44536
66787
69564
69632
61496
63777
66939
66639
61626
66777
69048
66505
47097
59160
66933
59413
56883
66926
47836
66711
64224
44979
67008
67150
66864
52141
66550
59417
47523
37691
50043
66781
61369
66999
41066
40948
57137
66922
66854
56691
37687
69568
52079
49382
41392
49918
66710
66857
47770
64151
67000
66858
66712
50177
68879
66713
69369
66502
67222
66117
67077
50053
63777
57204
56950
66937
54861
49670
67002
47513
67074
66858
56880
67228
67079
50116
41397
39283
52390
39457
47841
66717
50048
54796
45310
66860
47384
66792
66636
66778
69570
36043
49864
66313
62924
67224
56823
69501
54537
63714
66789
52263
64099
49323
63842
60970
66706
63782
64219
47517
64092
63904
66641
52386
66855
47581
66998
37524
52008
52134
69043
41334
69626
54336
61628
57199
61427
66710
50056
66928
65608
47651
49864
63206
58242
69635
52132
67005
66375
66785
59411
66932
66930
66853
49858
66932
52071
67148
69638
66932
67219
66716
66933
54734
59417
47458
67079
64229
52074
63713
66375
69629
69631
44985
47324
57010
64230
45307
54539
61690
53954
59098
59532
66782
67226
67229
50186
47575
67000
49864
69047
67139
59549
66711
54673
54350
66435
66704
61430
63838
52387
66933
56340
66708
34272
67219
52317
59418
66785
52258
68980
61816
39244
56889
49802
66935
47323
67007
57131
61880
47389
56883
40441
67218
66776
66714
66704
69628
69629
34104
33892
66635
52323
66380
66854
67151
52329
47318
67077
69119
47587
69630
66638
56757
54603
66921
45114
61572
66640
67071
67071
69634
67146
54858
45492
49379
67001
67216
47458
67148
66439
66792
67068
67143
68882
66640
59225
67002
66779
67217
54667
67227
50122
59275
28497
66855
67066
45300
59279
67222
66715
35765
27120
49155
67083
59024
45494
47522
45119
66711
66857
66706
66634
45239
66708
49921
66048
45495
69569
47329
54855
67215
66862
66789
66117
67080
63703
66786
44697
67085
66928
67007
52003
66852
47445
69564
52071
67001
67150
66784
66710
66631
67141
69439
67221
66630
67070
67073
50056
49921
54349
66858
30416
57197
67078
54537
61633
61690
69242
47776
49985
64163
69240
69433
66934
61818
54784
61885
66376
50046
66858
66862
52259
59029
64162
29038
47579
66716
66933
52070
66916
63967
66862
54481
66713
66184
67149
61502
54669
52458
52003
59281
66928
61369
66635
67220
50181
51495
52260
44985
67149
47518
66922
67005
52462
66863
54405
66929
69631
61434
66862
66930
66788
66931
59282
66858
58691
67224
55573
25687
66928
67223
66937
67219
67003
54346
66707
58969
67157
44986
67149
64025
66369
52510
45437
56279
67227
67002
67152
61569
69307
47042
66716
66937
66373
66927
66564
66671
66637
67008
33952
63832
54731
66779
67148
67004
66782
59219
56760
66933
67148
49789
66786
61565
66435
67003
52520
65934
63318
66783
45497
47324
54795
69626
66634
59354
49795
67069
52460
68704
59415
54482
69184
46717
67073
66845
47772
66784
52137
69500
57077
49662
67144
54411
47771
67075
67216
45433
67002
52394
67225
65714
66781
64036
66921
66707
67002
66243
66851
66852
67218
56346
66566
66855
66640
67145
66997
66441
61885
52391
59548
47781
66497
66931
59284
69181
67146
45226
66710
66785
66776
66774
67071
67000
45102
59224
67005
66643
47391
63961
66854
66926
66782
67145
66633
59545
69570
66502
45440
32568
54535
66708
67146
57066
61825
61815
49724
66710
67227
69632
67221
66706
59160
66853
59097
66712
45045
66778
56879
67152
66858
67004
61690
66780
67007
67001
69500
66643
61498
66936
67222
57139
66184
67221
67156
66376
37524
61879
66779
66998
66786
45237
67082
67223
67147
69050
69628
67004
52076
54408
61754
66788
32512
67148
46882
42721
47714
59095
66990
49855
67225
61564
59342
59476
67078
66782
59223
66849
59217
30691
49671
49985
49992
52511
66999
66637
66251
66708
45240
61566
66710
47333
56944
56192
55995
45495
59227
66930
67008
63845
57201
52517
67155
66849
67003
67130
45296
54543
66866
39185
67081
61687
61500
66863
41225
66923
46675
50047
67000
67230
67148
67152
66924
59025
66851
61311
66302
66850
67215
40853
66301
56750
66857
66643
56753
69309
54469
47513
69251
59345
67071
47327
66568
50052
47580
58694
69242
52005
45370
44985
52526
66640
67144
63778
47091
61757
66632
52138
54793
63776
66712
19241
61372
50054
69116
67076
54411
66847
34112
67151
67156
34334
67070
63712
66774
64223
66782
67003
66852
64158
49797
67002
66859
66251
66634
67076
66854
67007
44978
66635
45237
67153
64228
66857
66643
66932
63845
47379
68933
67011
69308
67144
61763
45367
67146
47650
66784
66711
66720
52130
63838
67142
63782
69501
66644
67073
59092
47588
56826
52261
67077
45042
57203
66564
69235
45304
66786
54548
67152
63900
69632
67224
67223
45178
54409
59531
66780
66318
45431
67146
66925
63262
67148
63707
67220
49859
47707
52140
47708
56287
66641
63837
45240
47320
67230
52008
67219
69636
56753
66500
56409
45310
66998
64225
66638
54470
61566
54671
66781
66785
57198
50116
63837
69635
66711
67225
49858
56248
54857
67003
66250
68255
66929
59225
66697
67146
67062
47442
52321
69240
66710
66861
67146
66855
66927
69568
66119
45229
47383
66635
61499
66642
63691
61816
66993
63966
54059
45362
45309
54475
50114
69439
47773
67149
64099
67225
67000
37463
47324
67075
67077
50179
60868
49327
69632
52516
66779
67079
53907
69629
42936
66642
59028
69437
24362
54867
37641
67142
66933
67148
61369
67221
54861
66991
61692
52133
66780
54356
56884
61435
69634
47453
47649
61891
69112
66706
59345
57075
52001
49673
67075
42874
45497
59484
66312
66858
61822
66315
67000
61439
50180
35661
63153
50052
61689
52197
66855
66780
66637
49795
66932
66508
66853
66858
67218
47710
32448
66782
66315
44644
47772
45499
66502
66708
66855
45238
66715
66646
66708
66859
56879
66716
69305
66997
35878
59161
45051
69500
47837
66776
54863
54333
54662
47513
37742
58806
66716
66790
47708
69631
52198
57071
67007
67083
67077
66930
47642
69504
67006
52454
67153
47645
65659
20829
50110
66996
58518
66790
59223
19281
67226
56401
66918
63837
59100
54597
52329
66857
49798
54861
66857
66927
45502
45433
67147
66779
67081
67081
49675
69630
67225
66865
66782
67074
41114
47517
47708
66862
52250
66854
67152
67147
49925
52202
68715
67069
63718
69632
67148
67083
67224
66777
67007
54606
45494
44991
51498
66790
66710
66852
42877
59410
69502
66637
49915
66983
56757
47513
66858
45108
56683
66928
32289
67079
52265
46984
69374
66930
67076
67003
66718
42985
67151
69434
66640
56755
49328
56687
59416
66996
66717
67077
56852
66435
67075
45309
67009
57005
54862
52070
56885
66785
66375
66710
30805
63840
51728
50185
67075
66717
69302
45115
67012
61752
66786
67149
46991
61501
61619
64029
59098
37091
49732
30799
67224
66790
54855
66714
45242
47841
66782
66859
66508
56816
44973
57073
66784
67222
66637
67005
66636
57006
47098
67150
67226
67221
37742
52520
66785
63907
54794
45108
45496
66861
67224
47324
67141
54541
57072
47386
49794
66998
66644
66930
66634
67150
67225
66862
67150
66846
67077
53955
49862
66711
66787
66928
66860
69434
64030
61819
67150
67003
49924
67006
67076
67140
50178
54605
66704
67076
66637
69501
69633
64036
66784
61566
47581
54414
66712
59032
64037
69636
54418
69569
47255
18064
57136
67148
67219
66930
49799
32241
54862
66705
56461
54414
45179
59477
66381
47707
47838
52398
47325
67002
59412
66638
66781
67064
67076
67005
54539
67136
54607
66787
66639
59289
67216
47844
66783
24496
61627
66628
47510
69114
66859
42829
66928
54379
45440
66932
66790
57128
66853
66637
59355
57071
45435
67003
47841
47831
63911
66933
45114
49799
67145
67008
69633
39188
66638
69632
47389
66858
47648
61496
51663
45179
66929
67075
67001
67229
67149
47306
67076
66641
66861
54858
67073
69634
61746
52008
67220
52445
44984
61371
69630
61819
28169
66924
66785
50045
66993
49270
61624
66297
66569
61564
69179
37639
66784
67076
66930
65878
66936
66637
61748
66929
49721
66924
69629
59225
67151
67229
59417
67079
59423
66779
67149
67006
54737
69492
32568
67076
66640
66932
66935
41064
67075
64033
67225
49917
67219
59225
67214
59417
64162
67077
32291
66791
52132
47313
61883
66692
47194
61369
56503
56459
59093
69368
67007
61442
66785
66930
67150
52519
66924
35823
64223
59286
66714
66707
54849
45173
66183
67134
59281
66248
63970
66859
66645
61820
52458
61572
34333
54475
66114
66299
66857
59415
66712
61752
63706
69058
45505
52071
66560
67222
44701
63485
44873
66855
66300
54864
66936
57012
67138
54590
66785
47829
67073
59285
69112
44484
66704
45111
49268
49547
67228
67004
45105
69571
67072
49981
63774
49162
66785
66637
67001
66705
45176
69048
61377
67137
66443
69428
66928
65545
50056
69631
69051
67145
66780
49785
69629
66859
59292
54723
66926
41225
66934
67007
69186
28759
67155
66932
47391
61494
69438
45427
54673
32297
61561
59280
61437
56887
61622
66713
56947
66051
66705
69630
67007
61627
67226
66923
54535
67076
27219
66937
66644
66563
47515
56619
66861
66711
69309
67224
69368
66245
67069
45046
67223
66864
28599
57010
66125
66188
67219
30469
66635
67075
51994
52389
45048
36090
67222
67217
69112
66935
41111
66317
67151
47450
66935
59289
66935
66996
67222
45229
66860
67076
50174
61555
59101
45242
50051
67220
66644
67073
47707
66639
59161
67009
54795
52461
69171
66637
67069
54540
43155
66623
67215
54733
61882
66931
54535
61752
66708
67146
37631
67078
47837
47384
54479
45118
66864
66636
69636
32508
67152
69249
34326
66926
66638
64230
66843
66637
66763
66933
30585
49793
59418
56135
64222
67003
41277
64158
45182
66855
66998
50181
61757
52003
61432
67155
66916
46994
66918
61822
66861
66366
67157
67003
47714
66691
66714
56349
66056
25908
61497
54539
67225
49720
66927
67000
66932
47511
52195
66638
59089
52260
67151
67218
69444
51776
67007
63969
67066
56694
49795
67223
56936
66310
67223
67148
49861
50102
66641
59224
24401
67153
69630
66180
67218
56812
67072
69243
54406
66781
66254
63268
66633
66855
66864
66709
66638
66177
67010
56949
66936
67001
67079
66855
49731
52391
67005
56695
54352
59419
69485
66785
61878
44980
45050
67208
69367
59092
59292
67083
56885
49322
66858
59346
61432
67146
66854
67147
66710
56357
56626
63645
67071
34054
67003
66856
67218
47778
54351
66639
52202
69570
67211
69432
67002
46932
61881
56944
56187
61564
50116
47521
67153
66924
66935
66931
66854
67076
66708
28702
39129
61620
66782
66853
35716
69180
47769
56820
56991
47521
54356
69634
66709
63969
66712
65165
66643
45242
66709
45179
67078
67009
45307
69307
45367
63709
67225
52396
52331
66778
47519
63845
69175
67077
54670
47045
67224
39293
69500
61370
45113
61299
52326
66123
54667
54415
50120
41283
52005
66783
67007
66637
66779
66860
66709
66789
67154
66777
66781
66639
51941
54603
64099
66430
50053
47389
67147
66844
52263
45304
61888
61687
66993
61501
47449
54484
66855
66859
67071
67009
56943
69115
66638
66851
69113
66630
64162
66856
69048
66713
69357
59217
59035
67010
51610
47769
65444
66855
66856
66933
45105
69557
50176
66932
66857
49924
47697
56294
66637
66768
66783
52205
67078
47393
52131
46978
47462
67011
66913
61877
67078
30357
45500
61626
59351
59082
66936
47392
63320
41117
45110
67155
52133
65824
50050
54863
64222
67226
66709
50053
58745
68990
44988
66788
54545
47260
67071
66309
66786
67224
67144
67072
66057
67154
45051
69632
66640
64163
69431
45360
66999
66640
49802
66712
69634
66786
66856
47836
50048
50179
40853
66783
47269
51658
49993
56687
63970
66245
67143
61756
66636
66853
66046
57200
67072
67157
66857
63902
66710
67148
67219
66860
69311
69114
52449
66858
61370
69118
49789
66371
67006
67076
67153
54351
67216
52180
52328
47775
44984
69631
63700
37753
69631
66854
54348
47575
66639
66117
52267
67146
67071
67226
69111
52068
47515
54800
67137
59160
56244
69501
49735
66635
37868
45310
66932
59348
69634
66712
56879
67226
69239
69245
66500
66780
56823
57013
66859
47765
67148
69306
49161
49662
66710
45046
66049
56746
50182
52272
66637
66180
63259
56688
66790
67072
66784
47522
45246
67224
69503
66631
69055
67151
45040
67075
67225
63779
45499
63781
47843
54355
69631
66641
66783
66933
61441
41170
44988
64035
69638
66931
66710
54406
67150
61499
67223
67005
69631
69627
66930
52141
69116
63904
49789
47457
49856
45032
69368
61439
69559
67075
61749
67072
