67144
61569
67011
67077
67227
52075
59039
67007
54866
66646
66122
66789
59481
66631
69247
67228
66790
66934
49326
66778
32332
54413
47841
67078
49800
61692
47717
47456
69640
52335
66630
67141
66785
56822
66790
66640
66318
69508
56761
67008
66641
67008
61636
67223
56574
59292
67079
67229
45185
69187
66640
45436
52009
66859
67223
59231
45119
33954
64162
45117
54349
69503
67225
67151
54734
66643
61094
67006
66626
66860
66642
41118
63849
68548
67231
66934
56685
66938
66791
59344
66864
49928
63909
67157
67084
58969
52520
67223
59288
66864
69310
66717
66858
67153
63907
67230
61632
67080
66863
67227
66187
52330
69240
67229
49673
67158
66791
63783
66787
56300
67011
57002
63977
52460
51565
54863
66647
61887
49990
67226
47390
47707
66376
67006
69637
68886
66863
61437
67004
59543
56818
52527
66716
54416
49737
66937
47654
67070
49924
66978
45291
69237
44986
66640
50058
54353
67077
66937
66857
69442
66791
67006
46678
47782
66639
45312
45232
52144
64223
67082
66714
67005
44985
49802
69640
52143
67223
47654
69640
44990
67155
45245
26003
67230
66718
50121
49916
61564
67228
67082
59415
66646
66715
64097
66864
47328
66641
67005
56948
69639
66714
67157
66999
66789
39457
66999
67084
67230
67156
67084
69630
66939
67225
69637
66860
66380
49924
67084
67222
45309
66793
54478
66789
52521
66925
57132
58796
52525
45249
66789
52448
66793
66571
69505
56188
66645
66934
47520
66055
66718
69122
64040
59096
67151
63843
23463
59220
66719
67084
53901
66862
66188
66185
56949
66932
50180
66787
41287
61828
66866
66861
66790
59227
50184
66783
66788
66936
58747
66939
52139
67229
66864
66850
54606
66642
45440
54613
67157
66864
46824
47461
59420
66714
66718
66860
56745
67009
56698
58865
51837
69637
24600
67083
59031
51669
63847
69315
67229
67007
66922
47637
66864
61439
67009
69120
67228
67154
52142
67071
66645
56825
67226
67227
67156
66382
66714
49867
54804
67154
66316
64229
67151
66378
56758
50121
66863
66936
47845
66720
66316
67085
66935
50116
52397
66433
47640
47843
59418
57208
68549
67227
66787
67085
67081
66378
59039
61569
66858
66782
54609
49734
45245
47454
66792
59477
56698
59031
45501
63719
68830
66716
54721
66858
67006
66251
49801
67158
66788
66639
52205
66647
63717
67084
61569
54416
58102
66936
66791
69637
59100
67224
47839
61821
28601
67011
67009
56814
47523
67154
66934
44705
64036
69637
66932
52265
66060
67154
46827
47328
61437
56889
66858
67079
47775
44981
44988
64162
67010
66865
63962
47586
66717
66715
66641
66718
59421
56948
67221
66120
49990
66784
66640
66786
66719
53851
67084
45236
47327
67230
49990
66185
52459
67083
56757
59357
67157
59167
67081
66858
39562
54606
67010
66788
67085
57010
52395
52076
66785
47458
66861
67010
66934
52128
61692
57080
63842
52525
61443
66642
49796
66647
32128
61377
61432
56950
66938
54613
66793
66646
67229
66864
67079
66866
57018
66792
28658
66642
67150
66786
66792
66639
61687
59421
66934
67078
66862
49738
38995
45118
66864
51567
66786
66924
66712
18151
28652
56950
54669
66855
67153
50123
59161
66860
67157
66850
57075
67209
50379
49801
66502
67084
66862
67226
52002
61570
66931
67155
66645
66938
68606
53652
67230
66646
68717
66374
66646
69057
67077
67080
66718
66858
69639
68994
57207
67156
66717
66790
67006
67009
67074
54672
66720
66049
49930
67075
67154
67156
66859
61824
66785
66719
66792
66643
49674
66715
39046
66926
66639
67084
66635
47518
66310
66570
44646
67080
61441
66790
64096
49603
61826
54471
61758
32459
66934
66714
67080
66716
63977
66122
69639
45054
45249
66791
66719
52399
52392
66789
67230
66938
64227
63905
67151
69248
69186
67225
67007
59036
66643
52387
66122
69188
65548
67158
69442
50182
64163
67010
67007
67226
54607
67006
69380
59032
61695
66706
66647
66787
52000
66123
59417
66852
67228
52265
66777
67154
47458
60924
52078
66792
66718
66862
66719
45054
66706
66712
54413
33698
59166
29039
67230
66720
67008
67218
68713
50051
64034
66252
67074
66791
69438
49797
56761
67158
59484
67225
66999
66118
54802
69181
47647
67154
66787
66934
67230
50183
56461
49930
52140
66788
50058
47711
52463
69182
30807
49863
47588
64225
66793
67228
47331
66785
45241
61568
66379
63847
56762
54416
67227
66712
51948
39355
63783
67080
67004
59355
69640
39465
66640
52136
66859
66923
58641
67222
66792
59161
44817
67007
67078
66916
66863
67226
57075
67004
56826
67079
51770
66717
44988
47332
49801
54416
47839
66717
45052
67223
69174
45042
67230
65881
54605
66717
49988
66716
66119
67081
67230
66641
66716
66936
52458
54675
66790
66643
32352
68263
59228
52200
66640
61692
56954
66863
66792
63970
54739
66931
59034
52324
67006
54608
66863
32297
67150
67152
66720
57195
66860
66641
67151
54483
54597
45247
66633
67223
66785
66642
67082
69316
66938
59166
59416
42883
35657
28532
66251
56761
66932
67082
66510
65667
45312
51999
66189
67230
42826
45433
54417
66932
66785
45505
69375
67155
49928
66119
67005
67009
28769
66715
66938
66939
67230
47144
67012
69181
47332
54854
54351
67079
46987
66997
54865
50052
69054
67006
47157
69633
67150
59161
66865
64154
63842
66852
57206
66719
47718
45372
61372
47841
66858
47522
67158
66716
52265
66860
66641
57071
69120
67007
47647
41006
66634
61634
52267
64098
49861
57010
63841
28601
66793
47710
64226
45430
67010
67011
66864
67227
67155
45116
44483
66641
50108
67231
47458
61502
66719
66791
66924
66643
61758
67082
66715
67229
52397
67012
60982
61426
47264
67079
61500
66998
68823
67151
67084
66933
66790
66637
66788
66445
66715
66861
37532
67005
66719
47845
49603
52068
67009
67150
66937
50183
66860
57075
47395
67220
47334
66175
54792
52079
56696
66858
69182
52397
66509
67010
69049
49383
56819
66706
66792
67156
53160
66861
66789
67084
67080
67009
37421
66717
66786
67007
67009
56685
45308
67157
50050
50118
59416
63969
61374
66793
47331
57210
67155
66779
47392
67079
67004
61633
59485
61569
54800
66719
45182
67225
63784
67158
66861
64169
66055
56760
52456
54420
66714
56887
47707
67003
66182
66248
52010
67153
47779
56762
50184
22974
67225
56743
67079
66793
66864
50056
42986
69371
67009
47519
67153
52204
69639
66643
66860
65225
67083
67223
66932
61749
52012
67085
49796
66861
57206
59227
66642
64161
66791
66933
64167
66644
28655
54738
52008
66865
63971
54179
66850
52388
59278
66633
63717
59165
44868
46881
67079
67157
69637
66639
56684
50120
59415
63906
67152
66863
67011
61444
49165
63718
47391
66719
69443
47457
67155
49860
67078
57075
61572
64104
66642
66939
69502
69315
45488
34050
44987
67224
67225
41172
62780
50182
52393
67010
66787
45248
64225
61763
64167
66720
67085
66711
52139
67078
66861
45243
69378
66112
61440
59359
67231
67228
47390
67225
67157
52008
67229
67231
45498
67082
69444
66567
28177
51670
56695
66788
54670
67001
39573
66935
59288
67156
56691
66646
66862
69313
66788
66790
63785
28984
69639
59479
67230
47328
54676
67078
56758
50187
66936
61378
28769
66866
67223
30579
67216
50059
66791
49674
67230
66862
67155
54862
66645
49797
67083
52399
47519
64098
67153
66645
64220
67153
67227
61493
69310
50053
51610
54474
59417
67229
66788
59486
66786
66639
61374
66444
66866
32516
66793
66787
66865
66639
67224
54356
66862
66935
64231
67012
50059
57209
59037
66790
50177
54414
35717
47843
61889
52268
61442
67010
47717
30747
49667
66987
66641
66640
54471
52457
66644
67224
67150
54069
61888
66938
66121
45504
64229
69116
67158
66791
54734
52328
54867
64034
64164
56890
66716
67157
66634
69505
66851
66792
69637
67077
61505
66636
57203
66790
66938
67154
66642
66716
47328
69245
57206
66714
42826
67012
66639
67230
63719
67011
47845
66931
52528
66719
28879
67081
66058
66640
67012
47711
49931
67009
67230
66647
56758
54478
52012
37758
47516
66936
66786
52267
66862
69058
67012
66934
66936
56952
66792
49795
45499
67011
67153
57203
61380
67155
49332
67152
61506
68611
69634
66647
66932
67226
47522
8356
49796
57009
37759
54735
39407
66793
66125
66933
66717
54735
63843
57077
66714
45370
65773
66859
67154
58641
69637
54421
52015
47713
47332
66716
45057
45375
49387
67008
69638
54603
67008
49659
66712
67077
61822
66719
64034
67223
57074
39462
49802
66998
59283
66936
67083
67081
61568
66865
49668
61376
69057
59157
66556
41224
67230
66712
47648
45181
59098
47517
57206
47397
54605
67220
67226
66860
66252
59353
66647
67077
61508
66933
66645
66939
63977
61089
66647
67145
45180
66931
52394
28712
42882
66936
43163
69500
56823
49989
39622
66790
56352
59419
66938
66643
54481
66792
52201
66938
20832
67007
66643
61567
66184
45433
47779
67231
64166
66865
67008
66641
61571
69638
66642
63907
66934
66715
61762
31802
67002
63974
66793
37641
67079
61501
66713
44992
39301
67009
67068
39574
66643
58858
63778
34059
61827
66711
69186
67156
54547
66934
61635
66793
66931
68666
45498
63714
66630
66382
63906
54670
69120
45437
56760
67002
66061
67153
67078
66566
66790
66719
66645
50055
67230
69565
52016
59150
66643
49609
52270
67069
67154
66785
63967
66713
66645
66642
69639
45055
37590
63784
57146
69508
66639
66785
66935
69639
66060
66641
66443
47457
47651
43160
56632
44819
34063
66126
61507
66647
66787
66720
59289
66247
52331
67071
44990
67006
58157
44540
67082
59354
66182
49445
58857
69640
67005
44984
69639
52522
66715
66368
59102
66929
66644
66787
67004
66706
47334
49497
47587
66935
66997
66051
52267
69379
54676
54731
66935
66717
57076
66645
69182
67071
66865
54862
67069
63977
58645
67011
66862
67226
54869
32242
66783
67081
66791
59421
61377
66939
66506
66440
65663
54541
69503
66862
52328
54065
69123
69110
67083
54608
66253
67008
44985
50118
44653
67150
66788
61260
66789
56890
56564
67227
57139
67223
66936
69311
54546
47457
66866
67006
66783
49926
30582
66715
67150
52462
67081
67012
49970
66791
44281
66856
61827
47327
67085
64227
69121
64169
67142
66714
67006
47648
66189
45371
32132
52269
40621
54740
57202
66937
37477
67859
67225
41285
66573
66939
54736
58531
66642
63844
69443
66715
45502
61380
66862
67230
67150
66787
61500
66863
52072
49731
67079
66863
52524
67082
67223
54737
45500
52328
23463
47587
49669
67226
49861
66858
66793
63720
69637
50120
67154
69247
67006
69252
59036
63899
67158
50116
45057
54736
67154
54605
61889
66860
69052
66793
66310
67084
67228
66715
42937
67229
66922
51943
67082
67153
67151
66036
56695
67084
66793
49732
67011
61814
47393
47584
67151
69637
56823
67227
54542
49854
49925
66860
67083
47332
57140
57117
67231
53958
67224
69567
49790
66718
49928
69570
64104
30808
64024
66939
67150
47265
67223
66789
66510
69640
67001
59353
69635
42996
54674
53960
52142
63721
67226
37647
66641
52399
59227
64169
64161
54415
63846
66785
67143
66720
66717
56821
66786
39406
40954
64226
47777
67231
45504
66791
67231
67146
69639
67227
67215
54610
49608
45498
66864
44651
47589
52333
54798
65706
66862
66936
66932
47522
59103
66646
66933
67231
67150
59033
69378
67158
67072
46990
67081
67217
66937
66939
66936
66936
66849
66785
69638
67077
66931
66862
67150
67082
67224
47582
56758
66714
67150
22055
66864
50186
66646
61697
47519
61683
66937
45306
56691
66641
49992
47330
61887
67226
67150
49659
66790
66377
67005
66788
56761
64225
56949
47843
56691
52080
54547
66714
67009
47331
66715
64168
56693
47778
67154
61633
66642
66719
66062
67081
47717
66792
67229
66645
66646
67006
66865
51725
54607
64036
67081
66646
67227
47590
66864
52072
57145
69121
67008
46825
42937
59291
66646
58972
66246
61890
66936
32573
32461
52143
67085
49671
67151
67005
66865
61692
66639
61439
66717
67009
67084
61756
58535
66939
66641
32236
69059
67151
69316
66933
69116
24502
45120
66376
59037
66645
67228
45118
66712
67231
54736
61700
45311
47582
49864
67008
66639
66862
49797
47456
64105
69638
66633
67011
66937
41341
67077
66861
67221
67005
61440
67084
67006
64035
57210
46939
69640
54350
49803
66712
49990
63716
69504
54477
66644
47777
33702
45114
67080
50054
49991
54738
49867
66864
44978
67224
66935
67151
66712
66786
66779
69245
63973
59543
61636
67008
64229
61632
30032
66787
69433
50118
44536
68937
63718
66717
45181
63975
66849
67157
66787
67082
49674
67011
66560
52079
66862
53902
44757
54416
67151
66858
52016
56818
35824
66718
45120
66254
69639
45249
47460
69314
54543
49803
67223
66863
67001
69374
47706
61692
67145
66996
52456
69638
66641
66937
51726
52201
69439
54349
64038
67080
67224
66792
47456
67229
54355
50052
61763
54003
54477
66639
52010
66442
66862
45436
50122
63717
44478
56954
67083
67219
44987
44985
67157
66715
67011
45177
67012
67003
56947
54346
66712
52078
67158
66861
47588
47651
67150
66641
59413
46868
44647
66646
66718
66935
66790
67009
49737
66864
45375
69632
66713
47838
37861
64038
66934
67081
66636
66505
66712
67082
66939
47718
33750
66788
67078
47844
67004
66793
66860
47457
66939
66933
66858
59101
63913
56882
47523
66718
69637
52074
66714
66647
59034
66779
28706
44812
63649
66640
66647
69638
59161
56826
47587
59418
67230
67230
66439
66861
66713
49930
67011
57133
67158
63972
66856
57209
66939
67008
67229
66936
69442
66376
56518
56885
47385
56749
59288
66640
67080
67226
66635
49737
52140
66790
66630
47710
66647
30639
67077
47717
50118
66716
63977
45115
37422
47334
61500
67008
67156
56997
66382
67144
67078
67010
49218
67226
45233
66313
63782
67158
61621
69181
39186
66719
66715
66645
66935
47843
66647
66640
54736
66938
47459
66933
67077
47844
67081
51507
67227
66865
66374
61762
66641
56824
51785
66861
52139
54610
49864
66790
49062
66647
66715
50052
49799
49864
66934
67158
56883
54866
61760
66712
32237
66639
56296
67081
66857
47265
20739
66712
67012
66379
69567
57134
67070
49925
69638
69639
63707
49718
66789
66712
66931
52257
66938
67154
59548
64157
66939
66860
66937
49736
54182
67004
66860
66639
66712
58523
66786
66712
67223
61694
45118
67155
66934
67153
39182
66931
67152
64161
67152
66186
34112
66708
66865
67005
63714
45117
52328
49989
66937
69188
57146
69500
66923
69638
66250
54676
57138
47332
67084
52265
66502
67224
45361
52398
67004
47518
67231
66776
66713
67011
45441
66717
59224
67010
59231
67008
67150
66712
69059
66714
66631
54663
66645
52270
54541
37812
66123
66713
47779
57014
67010
66790
52200
67153
67153
69315
69506
67012
66712
66644
66713
66849
47776
67229
63832
66183
66864
54863
42991
66788
67152
66647
67222
61631
67008
49274
63778
54481
66932
66711
66702
66313
52080
67007
59289
45055
66935
57204
67150
56698
67154
61892
69116
69639
59096
61027
66122
35769
66793
66640
66850
66497
45370
66644
67225
67151
66863
59017
47332
61569
67223
66858
67214
46869
63715
54180
49739
49725
66703
14911
63849
63699
62827
61374
63267
67005
67004
67224
67010
61698
63210
63841
67226
66440
69568
67079
59291
66858
47845
64098
44989
38817
47520
69057
47711
66643
50056
56191
66864
66937
56245
47654
49855
66923
66504
66715
64104
54607
66119
54128
66859
67224
66860
66713
61623
66792
61366
67000
56950
66637
52136
59408
66645
57077
56826
66862
67152
66059
69309
66644
52206
54183
66859
59485
69049
49991
69176
61564
63721
63484
66788
45499
57139
56826
66858
66933
69120
39573
64226
54479
66646
66859
66778
47333
69570
67226
67009
67084
61373
66937
59546
66716
69501
39468
69250
67226
52201
67225
56826
66790
57146
67230
66935
66791
52400
61437
59293
49930
63114
67081
61884
69506
66123
34228
45248
64102
67231
67151
56686
56951
66716
66853
67223
66647
66865
67150
64168
67224
66939
67005
66641
45121
66863
54545
66931
67226
66790
45050
45249
45049
67156
66310
37425
59287
66574
47378
67078
63907
69251
45495
66939
66643
66939
66790
45504
63834
66186
66646
58857
52461
57018
67153
56758
69639
47520
69639
67226
67004
44986
69623
67079
67230
65720
67085
54803
69631
69054
45312
61892
67223
49930
49923
63778
67227
67077
66640
59165
56467
45305
66861
66567
61500
66642
67077
61437
66792
67075
56694
61572
67151
54676
52139
67008
66937
40855
43051
66932
69567
47650
47774
67155
56757
56820
56824
52136
46993
67081
66644
61372
67224
52333
67217
56353
67003
66864
66859
61570
66187
69245
67012
58967
52330
69639
47333
69185
37643
49672
66858
28656
54798
67061
67156
66708
45438
49990
67006
50177
69638
57004
66704
67158
66640
63977
49925
54805
47779
67083
66860
66786
67010
64167
69181
69639
64097
44598
69121
66187
52065
66720
66254
65609
61572
59420
37427
66187
66642
67060
66859
66639
47328
52456
61696
66788
66861
66712
67224
67078
61621
66712
63324
50057
36045
59486
49992
66173
61885
47522
69377
66785
66934
64041
45311
47521
67080
47398
66719
59167
67224
54662
67154
69640
66247
54735
66787
49799
67085
66639
69374
52523
45441
61380
61756
47524
67002
66714
66718
49924
66865
66647
67009
61763
29032
67152
66640
67082
69374
47588
49928
67153
61378
37588
67153
67154
56824
66126
34226
47774
69640
69637
59419
45440
59481
67007
52141
47520
59165
67077
54866
39303
59354
44988
63970
59481
67226
69441
51316
67155
45438
59293
66936
65663
61436
66716
59035
66862
45118
59353
67080
45117
59100
49994
49734
66930
69055
59347
67081
56359
49737
46925
57081
66566
49673
67006
67156
44992
66936
45056
67230
67080
61824
66793
56242
67073
54016
66785
66061
56882
69500
56685
59421
57003
64104
66630
30423
61568
67155
67083
66862
33946
67229
69638
66641
45230
67004
61692
47654
66123
64217
44649
56758
67156
66922
66713
66860
68826
50185
49386
53472
49795
63717
66718
64225
67158
47454
66057
54863
69566
56884
69247
69639
52396
69121
66640
56758
66866
67230
61887
50051
61441
64233
64230
54608
49925
39469
67230
47327
52395
45183
59032
61147
66376
67231
67085
61370
39347
57014
66851
29858
66784
66771
25687
67084
66645
66641
47648
54416
64039
66643
61889
67085
28397
67158
46824
49990
67229
34006
54738
47844
45497
66719
66633
66716
66641
59290
69377
66708
66859
66786
66713
54798
52396
66714
47382
67008
47332
52458
32183
66646
67007
63784
61500
67008
57077
66183
69058
52525
66443
52205
59546
66717
67079
67158
50055
59094
54070
47841
67224
67224
67004
65822
49987
69565
42827
54797
66987
49666
66378
67006
66866
54666
52010
45377
37699
66508
66712
69502
66938
45175
50117
47452
66856
69637
69638
67084
57203
52462
69443
52393
47650
66934
66864
56760
66866
66937
66710
63909
67157
45054
52129
66714
57144
61566
66858
59289
67225
52396
57196
66790
56694
66440
66939
69119
66250
66938
67009
67079
69378
66939
37534
45438
64225
66934
61374
49800
64038
69117
66719
58534
16976
67077
67225
57146
51894
66647
66861
45498
67010
69639
66936
45121
66318
66055
28875
69632
52204
67010
67012
49992
66640
67081
54606
69637
66643
66790
49226
69638
66715
66938
57078
66715
66642
52323
67225
66935
67008
66713
67081
66646
66712
66644
66785
45054
30808
66787
41110
52396
61697
67084
61565
67230
66793
66793
67227
50187
56692
44929
50052
67154
67012
66252
63965
57208
66929
59163
44819
66060
67228
67154
35155
66126
61761
66790
66643
63436
54612
66714
66792
66859
61757
39463
66717
44991
66864
66439
54354
69504
66646
61828
67085
59103
67225
54866
66859
66720
66787
66933
45312
66642
66715
47333
30751
69638
66938
66646
61819
69640
47715
44989
66859
66642
45497
54542
66717
67009
67004
67084
66992
56890
54416
66715
66791
49670
67153
56954
67004
66123
34173
67084
30587
66720
68267
35823
66717
66861
66714
17024
66861
66931
44990
59036
54353
49551
66716
67084
67229
59100
66858
66859
66791
67226
54415
56574
44924
47333
66717
67078
66715
66785
66789
66718
52321
66712
66786
67078
53963
52012
67079
67226
67225
67153
54351
47845
25686
67083
69497
67229
49923
66789
66716
67078
66642
67084
45440
66716
67231
66862
61444
66571
56756
32570
47334
66505
66715
66934
57014
67081
67227
47525
66935
67080
69568
69375
69245
69630
67012
67229
67225
69244
66645
66250
67005
45373
57081
67150
66860
54421
66640
44986
67005
67080
45242
67153
57131
66849
66715
66788
65930
66312
66939
52008
56890
66934
49738
54543
66866
69059
50051
66719
67223
66935
45436
66792
67078
61693
66310
65940
66793
30476
66640
61700
67082
66718
54674
48789
54419
67147
67007
66933
59033
66567
67226
66790
52461
45055
67219
67230
69640
45109
66640
67223
67011
66782
66643
66716
30423
35876
45041
66858
39577
66715
45118
67153
49993
58589
69640
61887
49988
67007
47775
66443
54805
41005
47838
66442
47269
35330
63714
47211
45433
69185
69638
67155
66647
66640
64099
66712
66645
66568
52461
66716
45439
56755
63974
54608
66786
63973
66861
67011
52265
67079
56696
66247
67150
63601
69637
69118
63977
61822
41123
66642
59415
35990
61631
67228
66646
67151
66243
47328
59417
66932
66864
64033
18338
47773
66931
66786
66714
61378
61700
67011
51508
66865
54800
37759
47525
54608
69564
66709
66860
30801
46574
37478
41231
66313
69180
66717
59163
63780
66865
66929
49328
61143
49732
49446
66508
67152
67006
45374
54183
49929
67155
63652
67153
49226
64103
69566
61634
63777
66643
45184
63966
66789
47321
66188
47647
42880
45248
64231
66061
67007
49930
66786
47845
57138
67005
66792
50051
66639
66936
61764
66864
66719
67084
66645
66938
56698
66639
47841
66934
45054
52201
49862
66865
56947
66792
67080
59229
66933
54862
67082
66183
63969
63899
66787
67006
52073
54725
68714
66934
69639
59164
61699
66717
50058
69244
58587
64231
66056
64230
50177
66642
66860
59163
52394
69565
69637
37813
57202
66929
57010
49607
50182
67004
66716
67078
66572
67010
45184
63972
66378
45115
67012
67225
66793
69380
67151
69629
63721
57204
63969
66785
67152
47520
69248
45249
45440
69055
47397
61764
66791
61871
66646
67082
49927
47838
66788
66862
67228
66866
47590
61820
67005
67227
57016
61821
67156
49865
61506
56884
66246
67084
67227
59102
69181
67154
61827
39293
67077
66639
63970
63909
68829
69640
54676
47329
47779
67223
67009
44589
66717
67224
64164
59228
67078
67008
67005
66862
68271
49674
69569
61887
69635
67215
67005
67231
67000
49989
69377
66645
66865
61756
69638
66787
61696
54543
66935
66643
49667
66440
66716
66937
61629
42778
45373
52138
67080
67144
67157
66939
69638
67152
49863
69503
66939
67228
67224
66307
45436
67153
40565
67009
54734
35880
61633
66860
54868
47647
52202
63707
66787
67012
49803
33560
67085
54352
52394
66792
45370
47328
61559
45184
69252
66646
41173
66866
65881
69056
50184
66647
67077
52398
58915
45177
54478
66936
66938
66641
67151
69118
69244
66058
66937
47456
66314
66712
59230
66932
52322
63773
67080
66776
66382
67007
49803
66643
64224
66788
66119
66792
50179
54861
67155
66574
59160
47573
54354
45309
66792
45502
33892
66718
66712
67004
66930
44993
57143
44984
67007
66642
66182
66715
49016
69625
59223
56876
66636
67079
67230
69639
64099
47454
54735
57201
66787
66781
63905
67153
66864
45373
69246
66931
66862
66636
64161
61374
66713
67009
63780
59103
57017
67227
67229
64040
67222
54676
67003
61700
45243
66861
61629
66640
67011
66859
67150
61694
54801
56690
54671
69314
59485
52272
66859
42716
66936
47589
63422
56888
67224
67151
66791
52206
67006
66704
66858
66849
67083
61763
45051
67224
45377
64102
63382
67155
47585
54737
54738
61561
66646
66641
59287
67229
66939
30695
69376
66062
47778
61438
67009
37592
54068
61888
54350
69640
69571
67224
66793
67078
56953
66932
66913
61507
49867
47588
54605
56358
61502
66640
66861
69111
45046
34332
67153
67078
39467
67082
54862
49988
52200
44985
52078
63910
65831
63849
63907
63975
59078
45499
54478
66791
67077
69182
38606
69376
45179
56754
54414
64102
67080
67228
61572
67156
69058
54549
66861
69566
45311
69184
49555
56575
69640
59164
66935
65819
67010
49923
67228
47524
54545
49867
67005
44986
47457
67012
31752
50057
45369
54606
66789
67224
50053
35932
67007
47519
56411
63897
45441
59417
61443
52526
66792
61442
66714
59487
67152
59351
66642
67008
65996
67011
67231
52464
67085
41231
32513
67151
52331
47264
47456
67150
69639
56467
67156
67005
61572
49797
52016
66189
66635
66715
66933
49854
69440
56755
66640
67082
66792
45051
66717
47524
67148
66639
59164
66862
66705
59418
66642
67009
64163
66791
66787
64038
67230
66379
52205
57139
66841
61696
67078
49931
69637
66639
57210
69245
67079
67151
67008
64091
67227
59417
66712
67004
67157
67227
63781
63909
54789
69377
52332
66936
66720
67144
50116
66640
59098
61443
67150
69638
67012
66792
49800
67009
49864
66186
66935
69444
59038
66378
63271
54415
67152
69638
69639
66938
67224
63717
50058
49931
61504
61567
67224
69638
53849
45248
66637
66713
64167
59410
66704
54480
24138
66933
34280
49925
52078
66998
47779
66642
54414
66646
67009
47328
66644
67008
67085
63901
52078
30583
66720
66717
61700
66442
66715
66791
66714
46937
52208
39299
64100
67008
56571
64161
66248
56951
66787
66864
44987
67005
52335
56822
57012
69639
61571
67151
67007
52524
56697
69440
54410
67223
66647
66793
61568
47778
56693
69444
52464
66376
21743
66863
54676
56692
47844
67004
66717
67006
63844
66792
66635
66850
69060
67082
66793
59090
66861
61886
66712
69376
61436
67079
67152
69052
64105
54480
45233
66939
52332
56826
54290
52391
69630
66444
66505
47584
54541
47100
67157
66864
66938
61568
59159
66863
52334
69638
32298
67223
61749
66716
67152
67012
61549
66932
66935
67150
69312
67073
66717
50054
45504
67083
61568
45245
58752
67224
51894
66715
69639
45183
54737
66937
64227
66782
61885
66863
66719
63783
66713
24367
32031
63716
67012
61755
47781
66637
54543
45503
57016
67148
54733
61697
66860
66858
66118
69640
66647
66860
66715
66646
66937
67150
56697
52074
64104
66931
67157
44989
47838
64037
45050
49732
67157
67151
66647
30363
59480
67079
47333
66861
66793
59535
45312
57143
36102
66646
57138
66716
52393
67224
47845
69300
66939
63719
49736
52076
47771
37526
54534
54733
66125
57011
61886
59351
49800
69505
59480
66639
67010
65551
52067
63781
67085
54804
67004
67154
67083
45182
64034
44598
69427
66717
23281
66931
32025
49796
67226
49667
50183
49799
61822
66859
64232
67083
32511
66787
67077
61434
49388
66715
67151
59100
30420
66863
66785
67006
66645
63910
67084
69639
66303
67070
66715
66315
66440
66718
66792
61699
66938
67084
66706
49734
66375
35872
69628
66624
66792
67010
67224
67012
59358
66939
47713
59542
63716
66938
47717
69503
50122
69315
69380
66860
67004
66644
49865
54541
47845
67079
66857
67157
66791
52333
37539
47782
54413
28984
66793
67223
67011
66644
66862
49661
56691
67079
66630
66932
66645
66791
66863
66936
66720
66792
61631
59294
51837
66703
66720
58752
59543
54669
52203
29039
66125
54238
49606
66935
54419
67012
66785
37864
59036
56759
50059
66786
47326
66865
58915
66792
59033
30581
60926
68710
66858
67008
56694
67150
59029
67223
50056
66923
49739
61436
66932
66789
66787
67152
59346
67154
66792
69439
67224
69620
54607
45297
66719
59355
67007
67231
20882
47153
69056
61200
37538
66718
49672
57081
63964
66124
52205
66786
50116
59419
17822
67217
69639
66787
66938
59227
66248
61440
57076
61439
59421
66713
64164
69316
67231
52399
67215
67231
57142
67082
56952
59231
63212
64099
66859
67154
68362
67156
66183
47458
53897
66185
69640
52462
47334
66938
66714
66717
47589
67219
69506
66187
64165
63780
63912
61499
66851
58639
57135
69507
49735
66787
57202
66713
45307
69637
63841
28925
67153
67228
47583
46775
61623
47522
57145
66430
67151
67224
45438
69504
67011
45054
64100
54357
66310
67224
66789
49493
52400
69177
47525
61089
66713
63849
69181
66792
63713
61377
66850
56685
56819
67008
61372
66865
67206
66866
51779
66937
66718
54862
66931
61198
59039
49863
66786
67083
45049
54420
69442
56186
52009
45376
66854
67006
66639
66720
61754
69171
69634
45053
52522
54863
67084
66779
69441
66933
56952
49799
64037
67225
63784
49799
54858
67007
57135
67223
66718
60924
47845
66696
66851
59023
66791
57011
45501
49914
67227
66379
47455
67223
66647
59099
49931
61440
69176
47782
47326
54534
56758
66645
49733
66935
66931
63716
66311
34064
57141
45373
61570
64162
66791
44584
67012
56520
59355
67157
63975
54733
61205
66647
49801
68174
67223
57208
57081
67085
64167
61828
45498
67004
69376
54354
66060
66859
66860
69433
66864
69637
43107
45372
63953
66864
47716
52524
69501
66247
47459
61885
67004
66248
69501
67227
61889
67154
53900
66937
66925
66865
49672
67012
63972
47457
37645
67229
67009
66866
67158
64225
66863
67231
66644
47651
66786
66861
59352
66716
49801
64232
14948
67227
69245
69502
67081
59543
67084
44982
47333
66642
66987
54481
57204
51787
59359
59295
47454
47778
44869
69638
66718
66937
67229
47841
67152
66642
67079
52267
47586
69440
66862
47587
67156
66788
45499
66865
69639
67230
66939
47267
64104
66310
59226
67010
66862
66931
47777
67012
67133
50180
67009
63785
67228
66866
66713
67008
52524
61375
69637
59287
59224
66858
65938
52395
56695
66703
67228
56516
66186
66858
61377
69054
49674
66936
66933
67083
63784
67151
66786
54797
37757
61565
66931
69182
45497
54804
66934
57143
66850
66928
66860
69640
59420
47846
52393
66793
66922
47780
68179
50122
67069
57018
47586
69115
41068
67085
67008
66055
66863
61438
66939
66933
67009
63975
66859
67154
66934
61378
50184
60859
45376
67152
59550
63972
69639
66718
46591
66865
66935
35769
67156
66639
59097
69639
64167
61150
67083
52520
67150
66574
66785
66717
52463
61502
39407
67223
54542
67005
54797
63849
47713
59295
56760
66440
67077
56693
45503
67223
69629
67081
67228
67152
59097
54543
67150
67077
66789
66861
35826
66119
50187
66790
45169
61827
35859
47330
56946
54867
67152
66714
66933
69637
67231
28926
66187
66935
56818
66714
66786
54802
61566
66642
47710
66936
67011
69507
66641
61885
66792
66646
67223
67084
51784
69312
54420
52328
45051
66645
66318
67227
47649
52208
67224
44868
52333
61372
67009
66573
69248
61567
67011
59223
67231
67227
45302
66933
67158
66720
47716
66641
49738
34112
59421
59162
69622
66780
66647
39461
49801
44871
69184
56193
54612
67150
59022
66121
52396
47398
69638
50053
66440
67009
66639
63718
66863
66718
49165
66712
52016
54741
47157
59230
56757
64165
66865
54739
45179
54478
56948
52453
56879
54541
66503
66647
47046
67085
39462
57138
69116
35663
66314
63911
67077
30467
67155
66184
66720
28981
44638
67077
54867
49667
49675
66713
66720
67142
67085
66860
45439
49385
67224
61442
61570
61632
69121
66311
53843
69630
67079
50055
24503
56882
66786
67077
57013
66238
56411
67228
66317
58972
66933
67008
66118
67154
59148
45366
66930
50115
67004
67012
57144
66792
50057
66933
42772
47587
52144
54863
47327
30637
64040
47334
57016
45180
67225
66787
66646
50185
66642
42944
66636
54482
67081
69638
47520
49798
45241
67081
59036
67082
66778
66851
64233
67011
59537
66566
67225
66714
67011
18280
66716
54116
47391
67224
56944
28765
66637
67152
52009
44929
67225
66931
56887
66933
66919
61875
67156
67008
52525
52144
66717
67085
67153
44993
66787
52460
66712
66640
67077
59230
66640
61439
66716
66788
56190
67218
66790
67077
66939
67083
67151
66791
66642
49675
59356
53705
66711
52464
22867
67072
63784
66718
66789
56756
66793
54543
66638
52270
67009
57080
66707
56887
66923
49667
67231
69630
37864
66712
67009
67009
61507
66787
61886
67230
67008
67008
49803
59093
17072
49863
47718
63836
67004
67006
66935
61696
32242
54353
66786
67068
66647
50110
46057
54548
57203
34225
54011
59351
66716
30474
47716
69570
66790
66645
67225
61759
57139
45056
66939
57141
52395
67156
67004
69567
66790
66119
61373
66793
66933
69639
63969
54799
49994
66643
66641
66372
66647
67006
67151
49662
67008
69572
47641
61760
66640
34334
67080
67145
45376
66647
49861
56947
63780
67227
54869
45177
61502
66858
66933
47393
66793
49862
61250
67082
66866
67226
57138
54548
66859
49928
61636
63905
49556
66639
67150
66860
66644
66858
66560
66788
52335
66860
67231
66793
66715
52264
66933
69443
67155
63784
45245
66639
66718
64035
59163
56754
59291
66858
66644
32458
67083
69124
64104
69501
65550
56888
66790
30422
69377
49661
66790
50121
67080
66713
67084
61564
67010
66644
59416
66792
69570
63784
49928
66713
67158
66567
67153
52528
49988
61697
54482
69639
59229
66931
69436
67080
28819
66720
67083
69500
66996
64228
49731
66647
37812
69630
69243
67080
66640
57015
64163
66442
66939
66788
45237
66787
47778
67231
67152
56888
59033
47396
56823
66863
67080
54669
66376
67081
67154
57144
67012
66783
67011
69055
49931
67081
67229
47584
66788
63912
63721
45433
69118
49992
66932
30643
67071
67146
69116
66793
49493
54803
67005
63908
69252
66712
66926
64037
61443
66712
67008
50053
50052
66646
47508
59159
59536
37481
64165
69639
66051
67217
45313
61825
45051
67012
63715
67151
66788
59485
66442
67008
66791
54603
52266
66718
67082
67227
42886
52208
66120
67080
61438
66793
59485
66376
69638
66937
66640
64036
66936
69639
59096
67079
61760
61568
66718
67084
54418
52449
52080
66996
69639
67145
23146
52202
63844
67083
47586
66126
39514
66718
56762
62744
54418
66858
67228
54072
61569
63905
66864
47649
63836
34115
67231
67146
61884
66640
66861
66858
67003
67156
61758
66939
66933
61809
69246
49733
54179
45239
66789
54800
66859
67230
66865
67227
66716
66770
49669
69569
42884
67084
47328
66122
67151
37643
57141
54735
66647
69639
67231
56952
67155
59038
44924
66716
66939
21829
66937
69633
45246
59475
54543
66938
56693
69122
66793
67155
66646
67073
67150
66718
66788
69123
45242
66122
69567
61505
66939
66642
61437
66861
67085
54484
28812
67221
67085
67004
67223
66712
66937
69380
67231
69637
66928
52333
67231
59288
45436
66126
49667
67231
45247
67008
67157
49657
54478
67151
66642
69639
61437
67228
66859
52395
49931
66861
47458
18251
63698
16836
66713
49798
69436
66439
49226
66860
66933
45241
32403
67078
66646
49866
66937
66787
68656
66785
67007
50122
64222
56888
50053
67150
52336
67142
45121
61444
66573
50054
61500
68937
50056
69309
45501
47846
64103
52527
67079
49995
56939
67082
69566
67152
69637
66932
66118
67229
57141
54414
47327
67010
66645
54801
66788
67006
47508
66865
49731
66787
67154
66643
66647
41124
66317
66793
50118
69185
67158
69637
47589
50185
67079
46990
40952
67070
67078
66632
66932
47648
67005
67079
67225
56889
45374
66641
45176
52014
52333
52329
67081
45373
67004
61205
47639
54418
35926
56886
52011
67227
56692
57076
46614
46825
61762
47774
67217
52269
66792
66719
59092
61694
61760
54350
66931
66311
67007
67008
66863
69637
69637
66444
45171
66938
67157
51410
69635
67226
66251
50056
67080
67008
66254
67226
67155
67224
39633
67004
47460
66863
59290
63975
45430
67006
66864
67012
54481
64040
66647
68772
63843
66644
63845
66441
56188
57077
66864
54670
52335
50053
63849
37647
69182
67230
69052
67080
67082
69564
66712
68824
66856
67229
61377
66938
66862
45121
66641
67231
66637
45437
67153
69245
66789
56824
64040
67227
66785
47843
49994
67084
57068
66782
67153
54610
66642
67076
45245
59409
67008
66791
56762
63716
66647
66861
49928
54115
66938
66866
49913
54546
67010
35711
52200
61812
57193
66858
57142
68603
67073
66312
67006
47398
47328
66787
59483
66790
61889
63905
69639
51560
45310
56693
66785
66790
69367
67010
67156
66866
66059
39298
69248
54545
45053
49802
66859
61376
67080
69637
57066
66783
66060
45247
66933
66714
66866
45374
52204
47510
66639
52136
56883
66719
66250
67227
53851
63976
66865
47394
49658
49926
47845
47159
61892
52074
54546
45375
66714
45184
45177
67222
66862
66643
69378
61570
47518
66858
66120
57144
67008
69640
66639
45182
66718
28926
69633
67084
64102
66861
68770
66719
67085
45246
66866
54549
54788
69241
59101
67150
33894
61699
66938
66866
69121
66923
45503
45049
59356
66713
61258
47706
66712
67224
52014
49864
67226
50056
69638
59417
67151
67230
69316
66864
69640
66854
69115
54735
66720
56085
47522
66788
66863
67151
57202
66788
66646
61827
66863
67226
69637
45112
39189
66645
69315
52464
66932
67154
61696
66924
52456
54484
66788
50181
68992
66787
67085
67157
67219
63969
49800
20835
45180
67145
67152
61504
65831
61697
67078
49738
57016
67011
52272
59166
59037
50048
66713
42881
39578
69566
66939
54660
52459
59487
63971
49864
69638
56409
41009
67157
66935
52015
67157
67068
39469
66937
50123
66504
47838
69637
66858
63976
67008
67156
67012
47393
42942
59422
49674
45372
59098
67223
59162
66711
54611
67011
66935
54479
45182
67006
47653
67069
69314
24733
66716
69639
66937
67007
66429
67156
67004
49799
57139
66639
37088
47455
66788
45246
66045
67009
49790
67079
66859
66378
59547
67230
56414
46989
50053
59288
67153
56882
49494
67081
56890
66936
67079
41006
66375
57010
67227
54419
64230
52462
67007
66316
59039
61565
66712
67078
49928
66934
66785
67084
52328
69637
67005
66380
45313
67231
67150
69053
52523
69638
67004
66642
66934
66710
66713
52270
67156
66182
64165
59039
66931
52459
67083
42719
66786
61565
67151
67011
47462
64221
66786
58478
63973
59551
67082
66640
56947
66861
64221
66642
66859
52322
45178
61376
67009
66790
66718
66793
47583
44985
69637
67083
54865
67080
67155
67224
52141
66933
66862
57079
50110
56812
66791
66787
66860
64232
49670
69501
47838
66780
66502
67077
67082
66713
50100
66719
52203
67008
54478
57208
67082
52525
49732
47327
42424
32512
69639
54419
66937
66861
66705
67227
69439
52138
66642
66789
66860
66863
66720
67078
56696
47394
66719
47459
66861
67009
66932
67158
66645
69312
52203
59543
51675
59356
65706
52524
61039
64225
66119
47455
47780
39574
33897
47329
54349
66646
66937
67226
52528
59036
66931
66639
63905
56952
66789
47520
45375
59151
69639
66789
56825
52139
69640
66248
66703
64232
66933
68776
67230
52010
42719
45057
52520
45115
49862
65664
66786
67223
59551
67150
52459
45313
59534
66859
61442
69640
67010
65774
59100
67009
47262
66790
69568
46938
47646
66642
66704
67085
65882
66249
37649
66573
66645
54611
66714
66931
66936
51675
66719
47327
39516
67083
50116
61698
66310
66712
61694
54736
37813
66939
41281
47716
61258
32299
52456
66424
66646
67011
59096
34007
54797
59486
66642
67081
66788
47396
66640
59343
56818
47651
64099
58920
69187
66789
66937
63906
52016
47839
66931
52463
67157
66997
59356
54544
67006
66715
67004
57077
59482
45441
59038
66790
64103
67155
64099
45374
69507
69572
63847
54734
47333
67223
66719
44929
66639
59023
66311
66933
65612
52071
69120
59166
69119
56885
66719
66931
67158
59279
33951
54420
63849
59351
67158
67223
52395
59039
69567
52012
57075
61823
64168
61883
56887
45050
65492
67082
61501
69310
66643
67152
49736
66185
52077
46936
67010
67076
67077
66859
49668
67082
67227
66716
50055
67012
66119
61619
47706
64041
66717
63906
67154
44758
67152
49924
47397
57143
69637
66371
54862
66640
59230
63721
28710
66645
66640
67012
59164
57205
64040
66253
49549
59416
45243
57140
49733
66645
66933
54864
69640
56946
66933
67154
59294
66713
35939
64166
67222
30698
69250
49927
66643
56889
66718
66644
67151
47526
59032
52009
63907
67011
66863
66716
49430
67004
67225
56762
56883
66786
66713
56878
67229
56692
49862
54800
67152
51508
66937
66939
52080
66864
67227
66938
69637
66496
56355
67085
66786
66785
37228
45054
61625
66932
66791
66643
64169
66644
67084
67006
49852
61693
45053
45310
66864
52336
59287
66644
61756
45372
56695
66772
67007
52073
59165
67004
66923
66788
66717
57142
54349
66786
61372
66790
58535
33942
50051
67012
66710
28456
66645
66934
61758
66772
67077
46880
67083
49674
66790
52523
52522
67230
67085
69639
47589
50118
67004
67082
67078
59156
47845
42468
69315
66639
66862
56691
66643
67151
45246
47328
67152
66787
67082
54669
52459
66786
59354
44817
67007
69639
56194
69640
67228
47526
69639
39575
56820
66939
67152
47327
45433
69639
49275
42772
66630
67081
58700
44756
66860
61692
49675
66640
34114
69499
67011
54470
66717
48223
56825
59353
47777
66715
59294
44647
66865
59226
45434
69638
45501
69117
45440
50057
69054
52521
52336
64039
44434
66645
66440
66933
69184
66793
54235
69499
66786
34059
52330
52200
49862
66630
66707
56761
45500
67228
59160
67011
54667
63717
67008
59292
59539
67153
66641
56951
45499
66996
67005
47841
56762
54597
67151
54355
67226
45488
52262
66640
47457
63716
66936
54741
69057
56754
66709
37535
52142
67226
67080
64232
58917
66716
67081
66866
64033
59220
25824
66643
45502
67006
66861
61440
32350
66641
66788
67229
66786
67085
63971
66935
54668
49995
69639
52119
64225
66647
52522
66859
64167
42831
47718
67012
66789
69183
66252
45311
56760
66315
66786
61438
54541
56756
67007
54739
67081
61567
51893
63783
52514
66790
49799
66310
67079
49732
66865
54736
66931
67229
68659
49929
69379
45117
69310
66718
30366
63971
66861
56890
69046
56695
66864
51675
66715
64099
64162
61570
67150
66793
67083
45304
56359
69637
66712
45440
47780
54546
59353
67144
50053
56698
28762
47841
59290
69378
66936
59419
61759
61695
66859
59165
66865
59231
66642
54736
67078
69638
66859
66793
66790
66310
66935
67229
66058
56745
28706
66777
66644
59420
63977
66934
66793
64099
67152
18061
61886
66716
59422
67082
69638
35879
49929
66862
61089
66866
69180
50115
66864
66781
67083
57206
47317
66646
54406
66713
67143
54479
50110
61437
66785
66787
47330
54612
45309
69301
54663
66318
66644
66787
57133
66641
66793
66189
52202
35661
50174
49737
52138
67155
67006
37423
52012
67153
66715
63845
63778
63154
66863
66777
67078
56818
52523
67225
66646
57009
67153
67081
67078
61631
63905
47584
67230
45439
66720
47778
47462
67011
56692
57075
66849
43160
59161
67150
67226
67229
56359
59038
59160
69438
69113
49501
54611
49994
43149
67080
66126
67226
66789
56245
56888
45180
61633
52464
49795
16744
59419
54732
67011
66792
66715
63848
66865
67229
56523
66719
67148
66712
68556
50180
66641
67156
58382
67012
42944
59551
66720
66640
54862
53565
67078
66715
56885
52141
67078
64102
52142
49929
66934
69638
67080
56883
63714
66506
52393
66932
47390
45115
54801
39461
54418
67078
67227
66713
66718
69250
69121
52075
66122
52392
63781
56407
67077
66936
66246
66720
50186
66864
67008
67226
66862
66715
52200
47333
45438
63715
67079
51892
66252
45375
52459
66937
67215
47781
56947
66126
45440
54477
66862
66712
65663
47455
67150
54676
67141
59032
67155
35718
34109
66790
67231
66866
52334
47839
67077
56948
66708
66784
66375
44705
66865
66934
67010
66715
67152
45435
45051
69118
59035
66937
66510
67077
67150
59335
45121
66863
66864
68551
66931
66931
66712
66790
61700
67011
67009
52144
45499
59039
67080
66716
61439
66509
56949
49928
45434
49860
54485
49437
47332
66716
67157
66781
61441
66934
69377
64037
61694
66793
61380
47456
59352
69188
66995
67006
66937
66639
69437
67083
67152
67010
61764
54349
56693
66933
61698
59548
67156
66855
66631
69566
54352
61508
66716
66788
47461
66645
45249
66631
52014
64104
66787
66646
61753
59487
57014
49169
67217
54853
69438
66939
44990
61089
69629
59155
45497
61437
66932
69378
40959
52457
69055
54866
66786
66639
67225
66936
45181
69570
54353
54671
63784
67154
67080
67085
52522
47647
69627
47573
61629
69121
67153
64040
57141
67085
67012
61761
52388
66446
59548
54606
66936
57012
66642
59165
67084
63849
45236
67224
61828
57015
49861
67150
49995
69506
66863
61693
46880
66859
66639
66313
66777
61148
69118
67230
52268
66937
59035
63781
54175
66931
66864
69380
30699
52447
56953
67150
66858
61311
66939
45305
66864
67225
67229
67153
67156
66775
54668
69443
54738
67010
64165
67156
49797
61692
67077
59486
47782
47779
67077
59548
67085
66249
59038
67151
66932
66791
66866
59549
32569
63844
63976
66931
59096
59537
66712
52264
69564
67083
50116
54405
66771
66790
47582
67006
41009
67228
47713
50051
44868
67230
66644
67220
61824
67157
66938
47648
66639
63785
66369
66643
67155
69060
54416
52144
57011
67079
61880
56462
66790
66718
66640
54354
52522
66791
18617
54738
66647
47716
63912
66783
44992
69637
66380
65666
67154
54125
66717
61440
66860
45377
67230
66643
35662
49931
66939
59034
69569
49798
66786
66785
67001
47846
67151
69628
67010
67152
54421
59103
69637
66864
69186
40765
66861
63975
66505
66643
66863
46939
67230
59288
50117
67150
67218
52140
30794
66788
66642
69638
67011
49732
66720
66642
56754
64099
66572
45241
56953
67005
61815
56754
63976
59409
58533
47589
67078
67084
66858
66249
67230
66715
67085
47395
63720
66935
57010
63911
59292
67150
63782
47839
69639
37864
66860
56521
66247
50120
59294
67068
69055
67006
45372
61440
47647
61761
66504
67231
54353
49914
61826
49929
66939
54483
54799
50048
69566
66715
66785
58585
63649
43047
64229
61888
45310
47777
66923
66711
57074
44988
59353
54484
67081
63847
66790
69056
67150
47846
67154
45433
56890
54869
54485
44483
66641
66640
52393
66503
47390
67085
67084
66641
67157
56820
69120
69311
63719
66792
66639
66938
66866
67156
69638
66630
57063
66788
64041
49800
67007
57137
54356
45180
66718
66317
47523
47654
32291
59038
66789
47586
49987
64216
66792
44519
67005
66717
26949
50181
52526
66640
67230
67231
61635
67228
63910
66932
66643
67223
67155
56949
52247
47459
59551
67079
66720
66250
67231
66786
67082
66706
66938
69638
34221
61437
39633
67010
69505
41391
69375
52142
66712
67158
47775
69438
67077
66713
66862
59100
64232
66645
66792
66861
66855
32186
66182
54609
66445
61822
67157
57205
69506
66786
57075
69639
69640
59288
67008
69502
61564
66937
50052
69313
66786
56950
67230
61887
67157
66719
67005
59164
49668
61630
32462
67078
61825
66382
45055
67228
67227
69052
54350
67158
66646
66646
67157
66646
67225
66793
66639
56818
61379
66865
54528
69640
69640
50054
61884
67157
67009
49990
52392
67229
66712
54290
66934
69632
66937
67010
67224
66792
66934
47780
66640
54740
66864
61693
67081
66717
44707
59102
67158
63780
39135
47777
63777
37811
56954
67150
67227
45373
31802
47714
19285
66715
59483
66935
66708
47331
66490
64161
66990
52394
66717
54798
66310
54862
66861
57012
67154
66935
66793
66939
49736
66863
67157
66715
66933
50183
63716
66787
54726
63908
67004
54735
34119
47526
69638
66716
52333
66316
41234
69377
66933
66789
53847
52139
67226
67226
66572
67008
66788
49860
66635
67010
67145
61565
59420
66646
66714
67012
50057
67147
52462
67230
47456
54479
42482
47326
67084
54610
66717
67156
52396
56946
66502
64103
66506
61821
59419
32392
50171
69638
50058
66866
67008
32352
45497
47774
66713
66859
67229
66996
66509
49667
66861
66786
61568
66933
66933
52459
69560
56949
47308
52015
66781
66720
66793
47521
30640
30478
47772
52013
11495
56953
67223
67008
57205
69631
67225
67223
66792
67081
66791
49736
69427
57068
67007
59358
35939
66186
66716
8920
67012
66863
52016
61571
56464
67150
66568
56820
67152
66791
66254
67152
69182
61376
66788
54795
59416
66641
49925
28349
59223
67078
49801
57013
47575
67230
66860
49495
61759
54483
49497
52013
67886
59100
66717
52272
50182
47327
66567
41174
66938
69640
67224
66864
61316
66640
69310
66938
44701
47590
66939
61569
67230
67225
66931
41395
67082
59548
50184
52525
66787
58695
63714
66646
66860
32123
67007
67151
47520
54805
67223
67151
54800
67011
66643
66793
57011
66374
61444
59357
66786
47713
67004
66643
35989
64103
66715
67151
67083
67007
45373
64021
46883
66509
69640
67006
66639
67007
66785
66790
41229
66441
66249
57070
56694
35664
69375
66718
66639
59228
69247
47778
66118
66931
66861
66445
49859
54546
59293
69637
34063
63843
63783
47524
69116
63782
67157
64226
52074
66250
47155
54290
69637
66716
66646
54803
66778
66572
67155
47654
67153
67082
54609
59037
66640
68224
67085
66863
50187
51832
66860
52203
66788
47329
57202
66712
66642
52076
36094
66936
66864
47651
69439
66861
66931
66636
69180
57077
35990
67080
63908
67214
66790
66866
52393
49850
66789
45049
67146
67081
54420
66568
34279
67155
66783
59216
63845
49224
66644
64228
67155
52464
66717
67085
67225
56818
59290
67150
66781
61373
66858
44543
54674
56819
66996
66189
64098
61150
66643
56819
52008
67011
67078
52272
66857
61826
66647
45503
66646
47333
66647
63696
58865
49330
54611
52522
63845
66785
45307
42886
69638
66938
45503
54542
37645
67085
66938
66189
52272
54863
67010
61747
45116
66715
66786
66934
69639
50116
67080
66645
55903
59482
69507
66783
66509
52526
67142
69119
67149
67228
69637
67084
66793
45313
45429
66863
67228
67082
49926
47773
47155
69119
66643
49859
66640
49797
67157
66639
59035
66864
45180
66785
44990
41171
52397
66706
54798
45113
66503
47521
69569
66313
69176
66788
66713
37538
57012
66250
67151
66061
66786
69181
61888
49790
47396
69116
57012
69637
64167
66791
66861
66641
54547
66936
66712
66121
56696
67135
66643
67012
69248
66634
56468
67224
49384
67152
67231
64040
59103
67010
67230
69313
66935
59163
47462
67084
56577
63272
67080
66939
45116
66249
54797
57139
52270
67085
67074
66441
66862
59035
56760
66788
67151
66714
66641
69638
63719
64101
63911
67007
52527
59485
66935
69311
66932
67085
67012
69639
54594
66720
66938
57141
45440
28761
66790
56886
67150
63783
67078
66639
67007
46725
49675
66785
66860
66862
66720
47044
47717
42997
67154
59421
61823
66717
57141
47590
63541
47396
47520
66862
66931
67151
69640
67074
67152
66790
47081
66924
45178
67224
52393
67084
69638
59544
63973
66858
42888
44651
67005
50053
46824
66786
66643
66506
52143
67152
66788
66788
69374
66938
56950
66860
66717
56943
64228
63972
69054
66700
49658
25822
64152
59480
67085
64027
66937
56291
47397
67009
58863
67153
69246
63649
66124
66251
67231
66863
59162
66647
57013
56938
56819
66785
69503
67158
67229
63842
58693
67152
69639
66057
67153
64037
67085
66866
67224
66713
69568
23416
59229
56950
67154
56884
66936
59163
67011
66858
35819
47715
52269
59038
63783
66510
69187
61695
61508
67155
67085
66934
66935
67084
52004
66715
54869
37131
54862
50058
66719
54539
50119
69181
66647
42831
54420
56692
61444
38947
69120
61822
49865
49799
66995
66718
66859
66866
69639
44991
66707
67084
67009
56578
66859
69436
67154
69117
69639
49219
47584
66717
61566
56825
66643
69188
59159
67011
54071
66936
67081
50118
47844
69627
59039
67158
66713
69640
66715
66712
44987
49223
61636
67083
63713
45116
67012
56752
26600
67011
63779
47647
61092
67082
62837
67228
67008
67006
66866
28874
66251
66631
51260
66788
66314
66639
66570
45118
66639
45498
66789
66714
52523
37751
61634
66854
46825
51944
69121
47320
69565
60927
52393
59283
52072
66791
54671
69444
61634
69316
69568
67216
66057
49866
66574
69424
66863
34227
36046
52142
47462
66858
67009
59162
66865
50058
69640
67011
59485
69108
67158
59160
57078
47332
66865
66571
66939
69249
66125
49020
67227
64102
35938
61440
66786
66643
59230
56887
66706
61194
66504
66861
39298
56351
32129
66935
64162
30532
66510
67082
69247
61503
49927
54734
66311
67152
67009
52524
67079
54549
59548
66934
66932
61630
47396
58643
68996
64101
66788
66379
67084
47778
49989
67154
61857
50183
66717
67156
52016
46992
66866
49673
66190
67154
61875
69564
66934
52008
52144
66641
64033
66714
54478
49852
69508
59295
66249
67227
67079
47523
61754
66791
54478
66714
66494
66859
67005
45501
66642
69252
51217
52523
47334
66860
45503
66638
66792
67079
66932
67151
59095
49799
63713
66716
57078
61629
69055
67078
56951
66996
67228
66932
61441
49923
56693
67219
67083
43046
69629
59417
69640
49927
66717
47333
67085
66863
66786
66181
66315
58585
58804
67083
66189
67004
61824
67077
49732
59288
66719
64105
47155
66634
49972
66185
66862
64100
59545
66504
66439
59230
67154
66438
66633
64104
66720
59287
47844
52392
67084
66789
66645
49859
64165
37588
67227
67156
67083
45116
52396
63719
66639
57140
69118
66864
67077
66787
49170
49989
47654
66791
66639
69638
47844
37808
63977
66938
61427
66716
69316
52268
52330
66506
59549
66861
66643
56576
66645
59479
59225
67007
67012
67154
45435
66937
66646
67210
59349
66865
44990
66179
59033
66713
66052
66053
66720
67228
52264
69637
66446
49989
52075
66934
66861
66713
61567
52265
67152
69057
66714
52076
66931
59482
45118
67066
47327
66786
66862
64099
56954
66937
68666
66791
56941
61698
47459
67226
57146
57144
67223
67082
66310
45498
66644
49925
66858
68933
61141
66571
67156
69188
66932
66715
57080
67008
60588
61828
61500
44764
67155
66866
67010
67077
59036
45425
52143
63971
69638
66640
67007
67158
59271
54545
69506
67223
61891
66789
67083
67071
49274
66925
66939
67151
56352
45054
66787
66852
66059
30354
66931
59159
66931
66246
49273
41003
66713
59224
66186
66703
67156
54420
63912
52394
66440
61827
47462
67229
42942
69055
66932
50186
66791
64105
39516
67229
66635
66858
66714
69638
66860
54867
58808
60293
67006
65997
61821
59032
67081
67223
67223
66864
47845
59034
67226
66791
66997
33891
66647
67012
69312
54788
69571
66718
66935
30747
66637
54356
66861
45499
52522
59103
59543
66697
66932
47775
37483
47649
64228
67150
32292
59351
66642
49796
66864
63908
67072
63842
64165
59291
52459
61886
66787
52140
30588
59229
52331
66641
66717
67219
66786
67082
52463
69637
61374
69059
47585
61761
45116
66715
54543
45313
69046
67011
53853
66787
52457
36102
45052
66863
61376
56617
47328
19414
66249
47462
59287
66930
66791
69058
66717
54608
67006
67081
54418
47843
67005
59478
66645
67082
69172
67077
67225
67158
66716
47778
66505
67079
49863
66711
66316
66644
67150
66718
66644
59035
66931
67223
39514
59166
67084
66788
66720
66717
63971
67150
66936
52138
52266
54804
34222
49799
45246
67229
40956
66858
44989
66644
65497
52327
47397
69315
67005
69249
66646
56824
56693
54546
51677
57202
66719
33952
69185
52129
66785
61565
44540
59101
66718
54609
66785
66786
61884
66864
66643
64099
59165
66717
69639
67079
67079
47386
67007
66706
44993
57141
67153
59161
66714
43156
66859
49994
45177
66785
59550
66862
27134
63212
32187
66719
66862
66788
52326
46823
57077
67004
66645
66858
59164
66644
65608
49675
66792
54004
66932
66927
66646
66712
42829
47711
66785
66931
56878
66862
57142
66860
59353
57206
45499
59548
67230
67008
69640
47841
67154
57075
67221
61763
69503
52526
69248
63849
61377
66719
66861
45498
56886
52459
66858
59166
59292
54741
44976
66793
69186
59548
57146
56949
66866
61822
66862
66786
50120
66861
67004
42482
69638
66792
64041
69315
67156
61698
61625
54546
22192
45183
59167
56946
56818
17785
66792
66792
54797
66907
56825
52392
45184
66786
66640
67007
37538
52079
61378
52255
67156
47781
54537
67154
67009
66931
67082
66793
47446
52332
67226
47459
56691
54483
61826
66715
54485
45057
52460
66640
67005
66640
66939
67083
49332
54733
66718
49994
64233
69507
61379
59103
47398
66789
52137
67158
59095
34224
66643
63970
54350
63912
66646
66640
66865
69440
47390
69120
36040
58857
64233
67011
67152
52203
66785
69639
66058
52201
49928
69056
50117
66645
54867
56691
50120
66173
49990
66637
66444
66931
69372
66939
49671
66630
54676
67141
66174
59535
67010
66509
66866
54477
56761
66646
64101
67226
66644
67231
47519
66932
67154
56758
54607
49555
66714
63899
66787
66996
69252
47654
64041
67228
67154
66719
63719
47769
63847
67226
66436
52336
61827
52070
65452
66931
66995
67229
66785
56756
67151
66936
17067
66933
32514
54609
67153
66718
66866
66183
59160
66793
66776
67068
66712
66056
61507
69639
66720
67083
67225
47332
43105
57075
56825
66574
33946
42775
63784
66789
59036
56186
59416
59037
69639
61371
66718
67151
69507
56754
59030
57075
69060
69053
47395
66506
61763
66378
66381
30532
57204
61628
47519
59544
66932
61812
67158
66936
64098
57075
59422
67011
66718
66935
47590
66716
47329
66933
63848
45245
23318
67007
61442
69120
66931
66313
64035
47521
69637
69180
47654
57014
59163
54349
66862
44986
66793
66704
67010
47332
67156
49607
67219
65555
67155
28933
44987
69440
66935
66310
41011
66935
54607
63707
66860
69378
67228
47582
45308
67225
45117
52138
52268
61756
63909
67223
64163
45441
64040
54352
51785
57207
61439
45309
67012
54483
45435
67150
52332
67079
59036
54547
66642
66717
66862
52134
66646
66718
57139
66789
66378
61378
67084
66932
67011
54800
66719
54417
59418
44871
66239
66646
61091
67155
66788
49928
47585
66932
30267
59084
66639
59165
66717
44985
68829
54740
54541
66253
67154
66713
47585
59416
69244
69244
45181
66938
52400
66860
69635
66716
66934
65555
47780
45505
59039
67006
54609
64099
66058
54738
67012
69639
66785
61375
42889
66645
66793
56823
39353
66623
67155
49738
67156
67081
47392
69059
66647
58585
66779
66643
67227
57209
23372
42944
61890
59099
67078
66862
67012
54868
69177
66715
54798
66647
69369
57080
47392
66781
66785
47844
47590
66124
56759
69639
56822
61572
68660
67151
66935
66644
61500
66790
67154
61507
66862
56579
66936
66189
69373
66639
67006
67226
47330
39191
64229
45056
59230
66712
66860
69373
66931
67012
63906
69640
67010
66937
61567
66933
66716
47525
54547
69508
67002
47589
59468
63719
61698
45502
67227
59480
66785
66861
54797
66932
66931
66937
67008
44993
56889
63908
32293
28879
52520
64103
28602
30423
51885
61633
66935
67009
66633
69632
67001
54674
47331
47462
66865
66504
52141
66720
67155
67080
54861
48787
66641
69636
67156
56874
40951
50058
66938
44989
50183
69440
66567
51786
69571
66919
66717
66929
66061
47334
66863
52399
59484
67011
59038
45050
56698
66643
66858
49802
59293
68882
56825
67157
67228
49994
50113
69306
59228
67228
28988
66642
67158
66639
66934
67153
52331
57012
66708
66865
61822
54417
67228
67009
37424
54479
67085
57136
67011
66368
66062
47844
63772
67008
32514
59224
69121
52016
56887
56758
47460
57013
67082
69639
67083
66644
67151
42834
67152
61826
66937
54675
66858
66793
41399
66864
67224
67157
25641
66863
59547
66124
67082
67077
54483
67142
49666
52013
39352
63975
66246
49667
67005
57007
47842
66716
67151
69638
66788
66931
61694
59419
69474
45057
29946
30419
66998
67226
67217
67004
66717
54606
52521
61820
45044
66176
54482
52136
66861
56683
66792
49856
63777
61694
65554
66712
69637
57139
66647
66785
34222
69314
69505
69638
32571
69634
18061
67007
67218
67219
66638
66119
49667
66996
67216
52137
52460
47838
61694
67225
63265
44652
45053
67151
64039
66640
61886
63844
67149
69506
43106
67154
67231
32464
67152
69185
69640
67152
66933
67215
66939
52524
59421
67222
69570
54479
45500
52140
61440
66317
47385
67078
66644
49863
66852
69639
66864
45239
63719
66641
42477
66059
61567
69506
66313
54479
67229
66310
47393
66790
61200
67151
67154
66938
66938
67148
69637
67083
42999
59548
57146
49673
50057
67154
57012
67084
67152
69639
67225
56461
66640
69118
67005
67228
67228
54421
49925
67085
66938
54739
65881
47518
47583
59037
67151
67152
50058
67085
66863
52396
52205
28547
59545
61439
67155
66862
52271
66935
66861
47520
28453
52072
44993
67006
47519
69501
28818
54865
67078
66939
66645
54802
67152
66859
66779
66931
66639
67011
66644
52141
28603
67004
52206
61081
47833
45307
44988
59231
67077
66935
64226
67078
67230
66639
66712
39461
66251
66713
57074
56759
57079
67153
66712
49993
66640
50048
67157
42436
69311
63327
54418
69377
50044
64100
59097
57009
66641
61506
66857
58794
47572
47586
47777
41116
66790
66866
45297
47651
54739
61500
61886
66716
54420
69633
67005
67008
49783
66789
67080
47459
44989
45049
45245
52460
66570
61764
66642
41228
67077
51897
59544
67228
57013
66444
69308
69180
52077
37539
45234
65715
61888
66248
44983
66859
65613
67079
63784
66787
63907
54415
66936
66317
56886
67078
66934
67080
52269
54543
67151
30638
63970
52393
67231
67004
66934
67158
66866
67229
67228
67008
61502
58968
54546
63908
69639
66934
54421
63717
59162
66864
66860
45247
50117
69503
67157
67224
67010
45497
49733
66789
47333
66718
67152
37586
59226
66714
67228
42997
66374
67083
67080
67158
49800
45181
57202
49732
67012
66713
66714
47775
54545
54421
52144
63785
52333
45372
59026
69640
49992
66185
66789
54800
45306
66188
56889
63538
45051
52329
65667
66646
41394
56298
63842
52076
59231
67005
59230
47843
57207
67230
54740
66715
49995
66061
30581
61505
66647
59163
61502
66935
67083
33892
69640
67225
66446
56884
57203
66704
66635
67012
47462
66647
45242
66645
67005
63209
56888
47391
66647
66788
37480
67083
52189
52137
56888
52332
66717
67152
66702
69629
66716
61438
69640
66715
56578
66442
67157
66776
45105
61571
61572
49995
69246
65599
66934
66931
67216
33945
67080
63971
66792
67143
54798
67151
41289
66713
45180
66789
63777
66788
66785
30530
30367
66782
66718
56814
47458
66055
67225
49991
67155
56821
59163
67081
67006
45057
66640
66793
45370
59090
45504
66935
50056
59473
66714
52331
68996
66792
67151
59482
54797
64164
61258
56297
45181
69444
66714
50112
63908
66061
59228
56952
67008
66865
47652
66642
67004
66793
50120
67084
69637
54800
66647
49862
66790
47780
61253
66713
67010
52456
69052
44650
66863
57075
58864
67004
56304
67226
67231
66934
61373
54861
36043
49673
69439
49735
66862
66933
67078
67153
66645
67011
47775
47394
69181
67007
54350
57204
59101
32350
66645
54859
45168
52522
66717
61570
69631
67155
56883
67226
66717
66862
50181
66786
67083
49723
67008
66505
67154
66713
59480
61827
59356
66378
66639
56946
54673
67005
66788
66720
67009
50052
67157
67141
61697
64232
53902
61438
59038
66642
56758
67230
52264
66062
66644
39513
66787
57066
66644
66310
67158
67226
67226
54352
61693
63485
66644
66859
50118
49990
54734
69249
59164
49499
67068
66996
66781
35884
47717
69120
66698
63380
67155
67008
67224
61821
67078
66639
66935
59225
30077
66774
54538
67228
67150
66851
59039
61503
57140
66633
66647
66716
65663
67225
66936
54611
66793
59096
56691
67009
54869
67150
52077
49672
66785
46935
66647
62971
66785
56355
67007
66788
67218
32460
66643
66937
66861
67156
47641
69638
61444
66862
66714
67152
66715
56888
47519
52504
66790
61632
28648
67228
54413
52143
45120
67152
56883
66787
54862
67228
67226
41394
66643
67065
45054
45298
66640
66936
69181
66792
66934
59034
57209
56761
50187
67226
66718
56882
47781
52526
66866
48927
49675
69058
59167
52271
67076
66792
67085
45245
66647
66939
47521
46934
66642
50051
49989
45052
67225
47525
66931
66787
64035
37534
67228
66790
68991
66566
68714
45235
66938
66789
52263
67221
66713
66647
47334
59484
52075
69057
63905
67005
66863
66646
67151
52271
66935
33514
54799
66788
47782
69568
54482
66716
28599
49924
52334
69114
66861
49734
30477
61824
67010
52395
56887
59290
67009
61697
66934
69508
59163
49797
66936
34280
66931
66714
54176
63785
66718
66562
45104
66936
66189
57015
57076
66293
66062
66642
63779
49671
66863
63911
66703
64230
66859
67153
67081
63849
54675
66642
61820
66777
66864
47843
66789
61572
66933
67154
67083
57016
60871
67221
