5575
66
15152
7968
11780
667
7150
2019
144
17452
22081
19237
11892
261
17305
511
9963
150
3190
10247
367
5587
2718
150
24002
21204
14850
7992
11165
19045
15154
74
11909
5912
234
25524
4699
297
10253
7447
16936
3248
8115
14703
7576
2593
295
3323
5448
364
13857
2011
17485
3008
10487
10009
11517
3298
4760
17236
317
630
751
5426
7461
4291
12300
17200
19416
17054
23946
21654
4295
140
2585
215
1104
21327
6912
2859
291
4817
17497
19569
24650
21910
41227
16597
11648
146
7231
2618
19536
364
12691
443
210
27542
146
72
2691
2412
480
17160
21913
12315
14268
9793
6271
21540
14345
2934
10457
19414
663
5082
8055
40380
7499
13183
674
9236
16752
25500
5038
71
9043
5
8189
14800
365
12244
21202
12544
20040
11959
4
10115
10311
7028
45037
8052
12178
2086
85
19227
5570
1892
15012
426
10401
71
332
4937
838
2922
9620
16742
19091
404
150
2281
18793
11575
11341
440
4
7339
5289
12173
4489
19338
2779
13530
5111
11995
148
16450
370
14434
2930
5515
3686
145
10537
19385
33220
2
9291
220
19331
2705
13795
20327
14109
9969
19304
7
2848
2903
19131
74
7297
10273
16130
144
67
13233
2091
17240
13726
10326
7800
7914
27296
12404
297
4615
14709
19403
76
9564
6762
8918
16846
34519
55
9988
12180
583
215
9848
38134
508
6
4952
7513
216
10743
21746
15219
212
10501
2281
298
9038
297
9775
16830
16701
222
15224
5361
510
1668
13578
2071
272
1980
362
2781
11787
439
216
65
12048
16119
79
297
4961
73
16969
27669
287
449
18792
21924
5639
2694
12223
7287
34475
366
2739
3517
195
72
7
441
2711
3246
62
218
7607
13735
3640
2284
13981
3
12619
2374
2663
59
14787
6706
376
14512
19696
8846
74
143
21652
12299
25468
38191
288
1495
13983
822
2647
6964
7674
226
11316
21534
367
296
6278
2210
16730
4752
38375
2275
2568
19897
21544
4811
7085
12811
14764
24428
76
10285
27175
14723
8282
430
14344
71
53
10151
10178
15309
21729
2469
6577
21665
1951
22188
11276
16729
597
149
75
14478
12115
34291
9035
14440
4738
71
9231
7897
14682
12255
34853
432
9665
510
114
21386
438
440
2378
250
7226
37719
10171
572
20355
14190
24404
8984
147
23870
17227
886
38240
223
291
19868
21849
503
20092
12132
19002
19849
2483
7704
312
9646
19001
16000
19017
19636
14451
219
12049
19360
25628
9367
14237
6831
38192
16516
21580
147
72
633
16533
19773
5217
133
4885
367
14832
6030
14162
5579
1825
67
143
151
270
29329
286
1758
14941
213
16677
9680
19886
11383
4617
2324
14112
2039
7436
86
13996
72
4
29588
69
2
11377
17107
9298
2595
19462
9945
19387
75
2148
6769
21537
3441
297
1886
4304
12294
9180
821
14238
19374
6578
44251
10336
71
7070
2362
19634
17435
217
1858
291
9737
17289
9655
7415
2630
2766
37989
2730
2894
12671
6890
2916
14297
20198
2480
9955
9295
3246
148
12279
16327
2724
19698
17218
4497
2538
2563
23827
10937
1
21608
2211
223
18977
2404
365
14572
217
24135
4672
7872
19838
68
15221
21733
2362
38390
5025
12118
27428
7647
10465
216
2525
3005
40655
7751
7348
10320
16749
32609
357
36637
16732
17556
293
11783
17286
4880
3055
2425
74
7817
1557
4943
441
7300
5265
422
34277
78
585
12506
2704
16953
1828
16613
18697
14046
9174
19293
18920
346
12169
14187
74
7819
817
18725
1958
12057
2539
130
9826
523
2654
2845
5572
9433
148
512
19388
12039
23888
373
3511
19166
14403
37840
1023
372
2220
221
9889
2466
9758
150
14595
2046
2
9840
4296
142
4177
17823
5646
1023
285
19704
41440
19250
15328
668
216
9108
9637
20403
295
10996
2406
381
21659
4012
2630
12405
17053
5255
2685
10149
10340
7715
147
5513
17197
7681
7399
26006
19064
13917
9689
7208
6
608
7294
5569
288
2962
5558
21965
14537
14170
23773
12677
10367
10438
7519
12162
14591
46106
364
4617
2346
3065
143
5070
2996
3027
4953
35200
2819
29438
5212
5691
59
27069
4920
27768
2475
12609
5299
138
23168
2916
2476
14450
11323
941
75
224
74
17175
17549
7493
2661
85
2818
68
2997
7465
6638
2869
150
3579
198
194
13472
10756
4619
140
7431
13916
22081
8849
22542
6828
9412
2635
24655
14193
7266
285
217
19372
1910
62
13784
14703
12204
9641
2537
206
12207
5332
149
12357
34541
290
1956
433
777
14962
14534
15058
2027
11645
22023
5465
362
5529
326
10088
287
14765
19409
223
19344
435
14619
17042
22510
5029
19758
4894
2973
292
18541
13239
11648
2462
29460
634
25288
12203
8111
5599
21213
5482
80
5287
14791
17348
14339
141
9237
28865
2082
17365
65
5917
17034
2241
10216
3259
5059
12418
7284
2192
483
144
23778
307
15139
2
9341
291
17279
14421
19567
12814
12685
71
223
9808
10114
13266
19777
16790
5466
33216
211
19958
279
2639
10282
11678
1818
3505
28994
6828
8
9431
358
3
9965
1548
16449
21727
440
2493
12
5002
21366
2938
2465
1156
4
11581
287
81
10345
86
20091
280
3
87
2853
146
288
142
9176
436
44809
16460
14178
5254
11385
16649
14557
76
17131
628
10027
7276
8848
2467
295
19384
7475
19376
5009
657
19364
437
1
141
2882
3045
581
19274
5073
2113
3888
7355
7274
5046
112
14942
17480
140
4947
5278
75
3221
298
36823
2165
2183
20618
7339
583
21594
12495
16389
2282
369
17065
16649
3005
74
25736
360
5565
78
6825
22701
4547
16722
5788
12167
14075
21966
63
4871
21886
289
439
7
5272
2093
2779
31600
2646
5582
5219
21536
2874
370
17408
451
14783
9145
12735
14842
20994
21598
3385
2211
14771
17420
138
21668
5453
14540
2997
15211
17238
9689
144
19336
12874
11711
474
14629
420
4686
19239
10129
22232
22172
296
21835
10056
12366
15080
19273
19499
7228
2221
72
145
17272
21489
2919
9977
2896
445
207
143
13968
290
19160
67
19482
75
4812
9359
2919
14640
7613
38073
18837
7
10477
9239
7812
791
148
17081
10025
2884
9730
221
2506
9858
9500
2539
440
591
2403
160
18937
36438
2401
2739
7693
14166
148
9385
66
17792
21993
2531
5537
29995
4
290
18804
11904
19479
144
19237
15720
491
4879
5039
14722
4746
17728
68
253
17070
10275
6894
34475
10343
224
26526
300
3188
9936
19713
5932
17071
219
14681
7606
2782
77
4446
144
73
8263
511
16576
221
27971
221
2991
32074
157
3291
7211
16948
12042
2577
3388
2462
19752
14237
21863
14606
19713
63
21570
7493
7779
142
2347
83
11982
2271
28311
18934
9996
14590
0
191
300
69
19073
3397
681
11872
364
575
5377
14504
12451
9
14233
7718
21880
9946
10456
7224
10543
5095
31024
210
21127
581
288
11685
5654
356
16846
4441
16978
48938
872
1893
1
214
1512
3385
3128
7788
19013
19109
8703
21346
16587
10673
10692
2201
419
2611
11512
12731
364
5090
5426
10050
14501
7237
251
290
3250
14438
12676
9564
19185
2157
3304
11640
10032
2187
24653
12167
81
22237
217
5711
7391
2785
29782
15025
10399
9644
295
14391
2144
13184
5197
3383
11020
3129
10465
9765
370
218
2982
285
364
21742
12386
436
199
22107
28885
7287
19700
5344
21444
296
21286
2352
7789
4557
10395
22119
2413
22018
2544
1510
12282
577
16580
17293
13855
150
7475
11162
294
5142
5640
283
4878
12475
14869
26082
23881
21917
19381
63
4688
20088
5272
14891
10864
139
5289
3058
8045
17309
21852
12029
38202
12263
448
4552
16829
12634
454
2663
4880
19304
74
2843
458
19499
2934
14655
645
2152
28760
418
220
5128
5092
149
146
5091
13267
23441
16181
14363
2592
2893
2210
19682
7552
12562
2486
11512
16988
446
16851
15939
14232
288
16794
218
5246
38120
442
21786
17225
23790
1
9302
13548
3
13979
7526
4621
7912
15563
14366
4489
2215
15839
13855
1273
5280
7827
14235
21963
9106
17196
9708
10722
2812
9485
17333
22164
21880
150
4969
10831
12769
9179
12815
2418
2526
31145
72
32916
2409
21411
5312
18469
19568
10398
209
1966
799
3677
3001
2933
18603
14703
12363
17243
2481
10108
5343
11390
3
4683
27761
5068
13849
5229
146
22023
9837
36926
41084
439
18993
9623
4754
38688
20334
17239
20732
2347
86
75
10087
151
73
2402
19332
19676
20275
361
2284
9931
2875
13918
7341
362
17103
5024
19383
220
15835
26738
12190
16712
140
2656
7678
204
2564
4942
19404
1
9881
16981
4743
70
10106
227
3248
7075
9570
5292
7936
4800
10096
499
2869
71
2299
29405
18787
5560
14238
2398
41558
148
5252
214
21512
2703
21197
37180
17428
2
16648
12475
2994
17564
2923
9860
73
14902
73
368
66
141
14246
25677
9301
5519
437
434
6505
5123
142
2287
9721
14344
1168
31999
4365
147
8824
78
5102
27254
21873
12085
2858
5257
8122
11993
67
21621
73
16582
2700
4827
21925
21870
21145
12175
5
92
2474
76
17483
10050
31950
36497
1547
30894
147
49837
21941
4683
17165
145
7758
68
12811
11650
19384
363
4
14397
74
13115
15067
1
12802
22159
2414
17306
73
436
21644
515
5418
9815
14764
210
9920
146
19410
2488
130
2618
4
2599
755
11708
290
12219
22019
21838
10022
134
858
627
4882
17196
12323
19008
504
21499
286
4617
853
36164
5382
12044
5630
140
7900
659
14329
22164
2410
21531
212
139
36293
9165
27281
21597
17160
11051
11899
19232
11638
6833
19173
28384
1778
453
508
2541
67
14107
21277
7219
12178
2888
14746
10383
903
6036
5141
20699
7227
25641
582
908
12089
68
45695
19158
72
322
15503
12065
9766
14956
151
15773
3753
2867
7554
3085
17601
11411
17062
146
8809
17226
3501
14877
7932
2866
18782
19468
18541
2368
1830
17077
18941
9867
16741
297
5100
365
293
9941
19093
7147
17003
9845
7851
12071
899
70
219
2652
1780
10475
5018
19186
5644
1826
16465
7697
17171
31824
9727
7403
16822
362
438
18788
21263
213
2587
2478
6517
2816
19632
23999
23615
14367
4920
436
2089
74
362
14230
222
4805
17291
4622
838
8125
2027
22534
438
61
811
7347
19444
22420
507
4936
70
143
18597
7682
2420
226
17011
2732
5109
2851
7153
292
16773
221
18851
6765
64
218
2486
19640
289
917
21717
26444
18854
5227
7221
11505
225
16243
12733
14398
1958
16375
2606
25693
3175
16463
14679
13738
12458
297
1967
3186
19481
398
7702
11451
304
625
16840
2564
673
4682
581
11587
9045
21290
32826
292
21937
12159
365
533
20609
2347
443
2409
16645
2466
6
3248
21491
2315
226
2787
296
4677
10210
3189
12546
5303
21618
5011
152
5456
1889
14643
7213
24143
19347
6534
73
14585
302
9
5320
22173
18725
3773
7152
6823
5
7942
36244
3314
13660
29417
7820
15290
2347
285
9979
5406
2279
1753
5138
2250
10714
75
27615
4874
7215
11832
1982
68
13579
12313
2105
30770
11575
9688
148
5584
14509
2705
23873
7020
10476
1116
17087
19704
4678
22019
19555
18305
9237
435
14121
19488
7486
13976
8917
5350
7227
7801
366
1015
14767
25854
34638
5067
19694
13172
151
11775
14173
80
17079
12685
442
21741
19193
509
7698
7287
367
2628
2749
851
4934
5145
17147
2998
12035
72
2917
7810
292
70
128
14588
14604
424
16524
2345
2488
220
17209
16322
2509
7340
8856
2486
2701
3507
127
63
2414
8601
76
4757
12224
42795
15645
14920
18863
12232
19681
364
3184
21495
3
4742
76
19777
12909
2908
7590
9297
77
22018
4487
12627
5580
14483
12743
12813
146
13790
12751
13912
45120
2016
19160
289
2948
215
1978
7703
4975
2664
5643
1900
9625
21706
4494
1899
3186
18921
7441
293
5370
7704
17304
34925
4967
140
5383
215
2239
16663
21579
16323
8472
14821
24456
12200
2555
4978
2936
42346
31685
5257
18856
9040
10132
6964
2
3522
213
69
213
4623
2827
22168
16199
4682
6
36284
7599
19528
7258
11831
30544
9578
14831
21455
3220
2340
10245
199
9114
2535
19705
7159
1459
11714
12281
150
21901
19436
2710
43650
17771
17559
384
5037
2851
34276
5643
17327
8051
36443
221
2735
2555
767
400
278
5093
146
16972
30503
3004
218
212
7581
11829
3222
21786
19193
2520
360
4676
19234
300
14458
10243
25429
430
367
17201
10388
302
146
73
72
2337
14866
7968
4874
23164
11887
17329
12593
28921
2277
16727
19539
7877
28452
7784
150
10456
8194
16867
11697
143
365
7808
2647
2396
9310
7364
224
26271
7856
29180
7409
2160
14581
9303
49395
2852
7711
4808
4363
7292
5152
14832
16
9940
2279
887
295
1206
18725
12288
17178
19604
3
19630
3319
385
2413
8212
12372
17052
9511
24330
34916
75
808
14101
9285
73
24066
21957
9743
914
17296
16777
13564
2864
2389
2336
10165
10189
5493
340
15158
11856
5733
9176
297
9371
13256
6633
152
81
7417
24581
2341
305
2508
7153
3188
13985
12149
10088
5794
18851
7828
9780
4413
848
19768
7548
11509
21394
7208
9887
17202
3215
32247
11768
2592
22207
10492
7802
9242
5442
18373
10015
10004
2339
21506
15022
799
2573
2773
2265
2911
4808
3254
14426
756
2274
5265
13037
60
17340
16515
29584
143
2933
368
18993
75
7364
14431
52279
257
7538
22102
19309
12506
5417
64
324
24769
219
19388
510
14812
21854
19275
368
21366
2409
19672
2206
7784
69
19235
16953
3224
362
295
8851
10350
7634
13543
10008
10712
672
7677
17262
150
3367
11989
23808
2251
9307
9791
78
2780
11574
14400
19142
18057
10051
21529
26017
953
5425
6
3034
295
5556
10675
21776
4422
2921
20274
31166
517
10542
3017
14563
576
68
9039
27816
12463
9052
11582
9680
10384
21720
2548
76
4554
73
72
30293
16603
16658
11471
2079
438
2704
38305
748
9896
11984
5076
19226
2496
4756
146
139
17528
2092
21594
909
4559
22356
9039
436
7681
7788
4
21631
438
18925
15626
259
2842
27186
4930
12991
12538
7099
4998
19585
569
2921
145
17547
2725
12073
7408
12126
9299
4495
2338
144
20039
17676
33453
2403
36610
971
37739
22439
5200
17038
422
225
3946
5782
62
2810
15787
17024
32379
291
9225
10817
7345
75
1036
13782
16815
8
9648
16876
4815
2719
16690
16706
11836
438
16461
23698
12154
2557
2278
21840
8046
73
2778
7029
511
48731
12600
19833
28179
515
7080
294
10046
5044
148
381
368
22160
14327
72
7847
5201
72
11028
287
144
360
16967
5651
14247
44205
2934
10033
12250
14368
9929
9820
17256
2399
28848
0
5280
5344
0
9290
32791
16118
2
5239
22111
282
16537
8491
22978
5340
36242
21854
145
5466
12083
9798
14761
2563
671
5420
2706
9170
16649
269
359
17489
2564
14119
32306
65
21271
7086
3447
9692
5356
19540
16931
5832
360
2590
16931
2269
17083
290
214
228
14525
438
14451
2510
3371
21394
2683
2409
7567
34186
2041
5397
8662
36368
19716
16669
367
5520
366
7376
5786
16785
591
14625
11709
15157
7702
2356
37901
2417
2768
16916
31818
2163
9625
2279
151
21550
19453
10264
11637
10040
12411
705
10010
229
2044
17150
19645
2876
18288
19126
36289
75
2323
5310
3097
2540
2889
5269
16955
16594
11651
22055
5474
1166
16512
21961
3436
7303
566
12188
14452
145
9322
960
5355
6891
2701
2604
2703
7983
192
366
1969
14916
2494
29056
3239
18540
27204
5982
12440
13156
2336
19215
29721
85
4756
3
153
5181
5124
19513
8940
11989
371
362
54
19900
24200
18794
29508
2406
2992
10279
8117
21792
45110
2696
14229
12395
12429
362
427
432
2335
20880
8062
297
5424
12601
38409
81
511
2443
2406
14595
7943
20690
17564
21761
17500
12673
2997
5791
14464
16930
29207
46862
16915
2997
17634
21692
34675
16780
150
1871
16885
7334
17097
14806
16323
16519
7437
19253
2345
11576
17084
10143
2414
2705
1111
2727
19683
11844
218
19357
17056
511
25523
476
19067
2479
2596
20089
26118
446
19284
74
10336
21267
6838
4
21708
5799
6779
20960
15216
384
211
13988
14948
73
2602
7410
620
1
2774
3193
21767
15747
2409
16195
72
972
69
27371
19403
4685
21576
148
9559
2125
2801
2596
889
12194
2282
26202
1952
1972
2482
2112
373
5561
21741
590
21200
2092
9965
3187
18942
17090
9714
12543
434
14164
217
6954
214
4187
72
4633
31299
9612
9665
11461
761
19608
19459
7307
2016
18079
11383
5
2357
290
26761
14703
4749
5483
2557
9717
20813
219
21492
4694
14503
9836
977
10125
19471
268
686
9818
9171
21530
22045
219
7808
19340
8976
2632
21457
37792
2549
2759
2051
21839
12317
14453
8049
27805
72
2198
454
7357
13552
512
2150
17170
10221
79
2452
2786
14380
10635
19266
288
9586
4819
363
24525
27456
16851
222
5228
2028
16607
2205
72
3250
28965
21965
5648
4134
17340
9995
6894
8989
23832
29988
12279
7028
14107
13229
26148
14920
89
27468
16381
21799
2882
148
19619
16480
4302
8125
7549
12400
12456
21824
19416
44581
2923
70
727
17205
9500
10367
21542
964
17289
481
7683
9425
9235
10271
17587
10046
26073
9365
12808
11768
691
2526
366
17006
299
17309
625
21918
1903
17115
362
224
14443
974
5126
14472
24364
5221
140
16759
8308
4422
442
9914
2421
14537
16198
219
75
2598
2554
12215
69
14792
9783
6702
4
2628
19831
18942
575
369
16619
14805
2730
14557
2405
9912
15220
76
522
17301
147
3
358
9302
19260
148
226
2667
7340
7681
13182
3186
18664
8206
13432
12297
289
6508
292
6953
19269
13776
2850
4686
3392
2471
1843
15220
2338
7405
15802
437
7599
7146
7325
8198
1236
7909
19528
22630
18996
381
367
28924
12034
217
15261
19392
27567
11582
402
6958
29126
6435
28959
13968
365
25089
4689
439
19392
7297
9167
5179
2398
3031
4177
14468
160
4812
291
9927
14041
7752
3052
18725
65
9113
19890
21790
7616
622
13541
9954
12234
212
7879
20469
4498
65
6644
17555
4748
2285
11837
1590
7809
509
16449
5141
66
218
17414
511
16957
4500
16335
2811
22396
17228
9746
3266
11778
4491
37935
372
1959
2213
9867
11897
16912
12069
12694
221
7419
28227
36524
19323
9754
74
19625
7023
3104
147
17574
10463
9903
9835
10537
4938
15644
2
14784
289
3141
10730
1
7826
5307
148
2475
78
11841
257
14528
7357
16384
10077
14934
7839
135
9575
12437
5418
24593
16961
38254
289
5014
20197
17409
14267
14708
2554
2529
78
7922
5377
2676
10171
508
2082
365
12413
14327
14537
2632
13446
19702
30064
10119
19825
24206
6503
451
13944
5168
16965
35385
12541
18494
2528
18938
14647
7639
24204
23616
4617
16533
11703
22211
493
2391
15264
32727
130
16768
9946
21728
7851
9050
7716
7614
9690
21497
19164
2165
12796
21738
14378
16259
12195
12303
29174
15084
2848
7799
215
4813
40819
21504
5421
34291
441
299
2964
4673
17520
2422
14337
21336
19294
2394
20941
9555
5348
2215
12268
5514
11890
14276
16511
17347
12129
298
18730
24262
2592
33605
9971
12351
15189
2616
2592
357
21779
13278
21272
6766
7791
6645
19079
10088
7517
64
7694
7634
11906
2560
66
480
294
9313
38071
7224
2957
2694
49091
4830
7660
33759
16933
5777
19065
83
9877
19329
12307
12664
11327
2
7282
23992
11655
143
9508
604
16541
437
15017
29583
15141
2870
624
86
10260
14702
9637
72
5447
16321
21791
18942
19549
383
23689
7989
3
2679
10278
19612
4617
23931
1100
10544
11708
9169
33051
4687
219
2867
364
10196
436
18376
515
8630
16607
80
1297
363
4744
2976
2213
2704
10197
2792
14539
2275
15340
12660
514
2532
17046
13730
7374
141
474
16678
218
147
4867
18277
15187
20877
14478
19434
9179
9037
150
18208
12474
8109
31437
32681
365
4495
10129
76
21670
69
295
21717
24067
7902
567
7815
21742
1687
0
78
5311
14865
13540
364
5070
7021
4426
5048
19384
376
5493
5340
5099
13924
9836
11
298
2354
142
7415
10240
2150
301
2935
7156
72
19184
21382
12090
141
2266
7845
12364
2499
16099
10474
15940
2446
11498
14189
147
289
24389
318
3370
5
4875
22054
7492
3113
9944
5251
14058
4942
9924
7477
3235
21988
4813
17289
19511
5170
19979
326
5629
1888
14669
4746
12756
2516
21748
10197
5547
21634
361
76
381
14775
12272
2991
11895
7591
3
7529
836
8113
141
7317
31275
2955
441
14448
2481
4289
19
19424
26219
2338
22362
576
5333
19290
2854
274
1905
2272
10068
5418
72
12286
14269
36121
18931
2871
24645
714
13029
5277
21483
587
14269
7905
19771
1
19155
2477
142
4682
2773
28421
2886
138
19924
7942
17033
15078
35994
2996
17279
78
7345
21331
10052
5061
4567
10944
6
609
515
19690
3215
6901
7858
15943
31775
10339
16127
7774
2049
16068
14114
727
4439
11897
12456
4751
2851
8200
20602
2341
2467
212
12086
4869
3234
2266
19304
21721
2021
10002
1
14110
19695
443
10337
191
3073
299
290
3008
9725
14241
9870
9176
401
131
26747
19203
14229
22273
288
23232
14114
1
5593
3022
580
10206
4788
7528
470
445
376
2700
27216
27377
28114
17233
446
21663
364
7762
2413
69
34669
11573
4623
9952
2720
12564
10352
2494
5373
19261
9836
5343
438
7841
11962
34616
4557
22173
1825
12808
0
511
432
9821
5486
15112
19586
5273
17019
14837
12422
2698
73
432
19154
11900
5171
364
14395
3378
8642
25966
10196
21854
15912
47430
7452
19377
2329
14596
11919
11448
9849
219
146
17127
442
16750
3071
9182
12269
13407
2922
13983
28143
144
1708
0
436
16928
375
5580
7226
298
17090
14768
7023
4844
12474
439
4550
2399
4685
27027
19467
16808
34656
2277
146
233
16842
75
5365
14474
12611
4707
61
19272
162
4241
45458
215
12426
2
289
17055
12359
7649
30247
57796
149
9555
10686
9748
361
898
7806
11993
7225
21576
7855
7212
19655
17365
7276
2516
8786
14445
2855
25393
2702
360
5324
2372
2889
5370
5
25536
7534
2341
8092
2932
34737
144
7285
72
12211
150
9363
2087
19073
361
28114
436
76
18648
19626
2634
368
5
25212
9179
21030
2657
7411
21469
813
416
4687
10344
29780
16259
5334
2931
14176
7135
2921
11843
206
19501
71
4428
1584
222
1645
14657
19459
9510
14566
30842
19213
2578
295
12103
31090
3306
76
2543
21740
65
12148
32876
7567
14621
2416
14691
368
10407
7860
5408
22315
2145
807
2948
9824
15003
14806
5031
21144
19313
2951
9535
2089
2940
2421
2700
9039
29440
749
2591
5263
21599
148
19523
435
3579
2724
13983
1977
79
2553
21480
21434
146
2153
21964
16784
16843
518
7829
21605
3819
14309
9685
18982
3256
2388
29175
9238
1090
2395
12098
21720
12625
2624
220
12389
591
10439
369
2614
10756
17768
3191
7907
2083
7772
19622
6695
141
21133
2342
14815
633
7827
10028
437
2997
382
3096
6958
2376
153
2627
12126
9797
16679
9904
3367
439
20282
17110
2
19676
4720
7733
4894
9551
16145
19342
220
2566
362
19843
22046
14691
10094
2885
1763
16952
19962
137
15009
0
2436
9910
9774
256
2354
23836
4672
3058
10646
19612
8290
5597
127
368
7485
75
9966
2345
3387
8459
3582
3116
219
511
46152
2279
10270
7773
153
11896
6769
2727
7492
5647
151
149
14711
17738
4804
12180
19062
23816
2272
22497
7298
66
277
7
24648
377
10431
2577
1963
20420
19133
4741
2545
7852
12865
16963
21783
8119
2927
3
4236
5447
18597
10260
40411
16132
5990
4391
2
37992
380
15528
325
21452
21141
75
14772
5220
5119
21801
8638
6890
14719
14773
7682
2352
16191
2850
32636
16096
19396
7847
16807
2629
9623
7998
9746
294
2310
17105
3125
25502
143
2343
5512
357
17053
34806
33630
572
7744
4807
841
14485
12530
7386
5302
11247
4895
409
19306
17165
11674
439
5024
17193
964
7689
14926
14497
2681
4626
10213
978
19556
5037
12236
365
21504
2610
1306
19526
21135
287
219
9296
3003
4551
1977
10045
296
11518
10526
24037
10212
19713
19384
222
605
7730
8279
815
5253
9556
2614
19479
16213
2762
6959
7209
716
2529
7433
4548
295
16786
26577
71
21967
11323
9499
2254
290
819
19137
2999
10036
2961
5289
17048
14176
7312
10067
7166
7782
142
21502
564
7516
21189
7680
1
508
17373
16457
14859
148
9302
1905
14638
7449
21948
19459
2763
9983
1875
4757
19767
2
141
20812
16719
2075
5430
2032
217
9928
1240
16736
289
67
13611
11828
2998
151
4726
2283
4898
12
17651
212
11298
65
35705
7772
685
8270
7489
517
12736
11518
4613
19767
26113
16746
2686
27713
223
2924
11993
1485
1009
2789
142
359
11189
435
33106
365
14524
2853
36188
12281
21362
6581
7154
19157
10166
2922
27059
16846
2956
3230
4874
9427
14647
28641
14310
502
296
17174
7685
14176
21599
9230
2035
12934
16355
21811
4759
27914
18787
7643
2267
12109
75
6575
7527
437
2095
67
18938
574
16848
328
432
7609
292
19652
296
3
3179
14798
2538
15577
21983
25902
21655
13170
21918
2244
9822
2147
5525
32767
17056
5220
14561
12109
1
4980
2544
7552
2560
19693
301
12148
7992
23558
16865
21608
7312
36078
34532
74
5503
9927
213
7480
15933
12788
5
66
4882
146
9984
9718
2147
14049
222
21799
10079
5458
16977
5399
5342
21363
4427
7692
4551
21817
9638
197
5044
76
16741
24522
2846
5274
5458
7079
22991
2221
39033
0
12110
4433
21602
367
14541
9123
19375
12617
78
289
4886
19767
2208
4889
9428
14180
365
144
5401
16724
5274
2276
19391
15021
24871
2673
9562
6
2575
21730
22817
2778
14949
2854
13857
19128
16528
1824
16053
16647
487
2433
16959
12465
6639
501
12389
9885
3125
587
19413
10396
5052
2815
209
21598
3187
435
15950
3379
14100
9757
1479
234
10029
215
49866
22095
435
683
7633
292
656
8132
363
19893
13970
9749
8829
3005
2850
379
8268
433
12753
1955
7
19111
4615
35849
4424
12025
5120
222
7023
7589
217
19126
19604
18603
43689
7678
618
16514
457
9360
4814
21876
89
19678
17549
1664
38222
24453
625
25924
9100
2518
19646
21917
7021
9488
3314
18722
9688
5422
16130
12529
21715
14747
4489
75
14728
72
9650
5000
152
12211
12302
14547
407
6064
16860
19347
28817
7474
21732
14089
11712
441
11831
0
21757
14460
2919
1379
2275
7967
9490
11320
2627
5410
23756
9970
27270
17417
75
21667
8062
136
10018
19572
2791
216
12144
2462
11849
12289
19389
18941
18534
12880
4750
1509
291
5290
5647
10283
747
2734
220
8139
19173
7482
2513
81
5734
73
5366
19191
14961
19413
4251
16196
7747
76
12135
6
22015
7019
3414
11583
1821
9748
74
2999
12327
131
361
14579
75
6074
2995
10282
9107
21949
19257
14781
2652
212
18727
14464
7527
13988
9945
17056
9589
10332
17234
19193
8000
37654
519
219
4681
157
7405
219
17055
9949
643
18218
3236
26710
17105
129
9553
2557
439
24317
5326
12262
65
25465
67
41222
6577
5
12659
2347
24623
16579
9998
18874
2487
143
2275
24417
473
228
213
12111
9299
21132
2346
10178
16936
2083
1158
12498
138
35092
133
37063
48946
1
519
17329
15079
4622
5531
18613
22098
2601
1958
2357
24048
34767
2033
2488
282
14415
7801
15091
6640
4877
19693
16781
2787
21625
2922
23582
7939
11834
919
19397
5951
216
210
2554
16549
7473
17097
10072
2487
10764
2478
223
12807
17160
12199
18363
11454
1
17027
14467
23658
1894
293
14664
19341
23619
22013
21982
26047
139
11843
293
152
372
14503
38401
8875
2526
14243
142
2852
591
27251
462
315
10074
16719
16592
24721
5984
14959
14056
2088
5135
8063
14
6661
76
2354
6761
4830
15213
3
17006
19621
60
7215
4806
25414
15180
7684
9431
128
14538
20481
4360
21876
1466
3003
9492
619
10192
146
2274
36513
11577
227
224
363
220
2534
9362
2705
9296
7702
21613
19386
67
21513
17056
19385
29566
7488
24231
709
78
4619
7470
299
18939
124
11641
6961
10614
16193
11989
20882
6649
7278
979
14904
11766
7774
11387
10023
11975
16066
30924
7484
5433
33191
2415
9562
9501
377
19185
21403
3796
9497
141
29603
52
4556
435
2927
5278
2925
9864
381
16466
11577
3647
3
33271
3109
351
12353
25424
21609
3011
36255
36415
9904
18597
17234
10334
7918
21949
153
13720
21431
9417
14383
2204
7669
9367
4961
24263
16602
2153
2276
143
18990
211
16964
14837
16785
19010
5460
14554
24402
9788
8140
10922
297
6512
13630
19704
71
75
366
381
2174
2854
26751
11786
7354
5147
2476
10343
145
16605
17360
503
441
2347
7022
9693
12332
68
16957
16
2535
7536
7604
10472
13798
27131
9721
334
68
12874
1792
215
128
14515
9665
72
30897
21403
3318
147
5403
439
7710
36697
12690
299
2464
9493
69
1562
12325
7697
10318
12281
2405
19850
3676
10430
219
34758
294
295
21997
5418
438
9827
4985
5158
38580
2270
22032
9904
12366
25832
422
244
296
2389
7900
448
17039
9836
4745
17939
19383
6896
284
21840
292
587
16591
4937
19700
144
26501
438
2425
23479
149
14958
66
12150
16982
3100
217
14880
33421
11989
21786
12234
21325
16780
17127
31347
14615
2403
5312
2574
9366
32656
217
9609
156
21832
9174
9217
580
14108
2952
2473
294
3232
11967
4957
19021
5217
221
10067
6350
25767
7274
7637
208
369
9046
27968
12795
9424
5557
2330
215
2484
10016
2407
18527
5707
6518
5064
2158
16884
12460
21391
7241
6754
313
24071
509
2418
3243
33104
4617
5282
134
5191
9506
3
7510
24258
12907
22112
6964
495
67
2796
24265
2078
14558
21619
10531
19323
870
15083
4555
7531
7781
401
378
2875
2729
14626
11949
10037
17268
5854
19861
4606
13177
17494
490
511
37741
2405
2925
9
21309
19963
2393
18345
3908
2997
78
11700
38204
8658
2702
4116
2995
4
7354
9770
12879
2040
15094
19072
141
6838
11643
3191
7874
6961
6187
10081
5
188
12591
8732
21966
19647
14436
12053
362
143
12921
12664
19156
12157
5348
12359
4754
7
15296
22082
15178
12507
5126
11132
4702
38414
7726
16630
826
14697
18862
419
14509
16389
20809
5557
71
18533
19162
126
15205
4812
14960
143
12140
2424
764
291
36461
73
11773
17092
1967
17751
5937
16589
11907
290
2681
2464
7836
16522
146
12171
19420
9043
9463
8519
445
14190
7424
21074
219
7279
7091
3043
75
400
5048
2082
511
9219
1401
4811
7824
12426
24395
70
15
26142
11701
35542
17183
64
12317
19415
4491
7822
212
20703
3125
258
12424
12128
5068
8349
141
10321
12411
5198
18859
77
16853
11828
5622
7152
10390
15326
22050
14763
14453
579
7723
146
19525
872
14740
3180
14607
589
511
354
5255
21969
7554
19336
206
659
13854
16843
7836
9567
14171
19452
5267
2709
6896
12799
2051
1958
13096
3034
12424
1960
786
440
434
18037
25262
9172
4
184
63
2848
16890
2659
2415
649
17225
12062
70
5567
296
4974
12672
3458
588
366
16874
216
1828
547
2844
2297
13597
19203
19459
399
40087
319
7349
14181
1971
514
19271
18855
5141
10411
73
5005
1890
10061
21835
15673
143
2279
2707
5878
12182
7583
150
2911
16890
25846
19138
13916
21592
9229
7635
7087
9563
2084
14406
19443
3189
367
7406
6900
4871
521
12320
2213
10102
2691
7698
67
10929
7553
21438
10173
1992
437
7437
7625
21776
7211
434
363
18986
513
14484
2797
11522
31251
146
17082
9580
32215
5007
7692
4741
221
10280
297
11517
6764
852
13406
5214
2496
10013
19490
17277
21980
72
5310
21295
73
6821
17369
72
6703
380
3
24013
9876
21854
15021
2079
2846
5217
7344
3520
73
16084
75
21729
26537
838
584
2901
505
21747
953
14490
3157
65
12435
70
4621
19894
21077
4742
149
3390
9185
15791
140
14172
14264
22093
2703
2090
2705
12725
223
9957
14173
47648
19386
6890
4683
9376
11831
505
7753
362
38007
40989
2648
4385
19324
2268
9375
7403
2534
4882
443
292
10002
591
2079
4935
255
5074
2693
508
4618
10138
5407
73
4749
2705
584
14115
2593
26264
9629
2342
153
23648
5640
3
2683
7940
2208
1836
670
5069
2900
30729
78
2
9293
5444
13060
2914
17327
119
267
516
4751
68
391
7448
885
195
293
134
4226
16386
2403
470
146
291
2707
191
13343
21218
7151
2218
16450
1487
350
363
19331
40746
3350
13476
21072
521
22964
11271
4494
3321
12504
21826
9902
22809
14459
2167
2436
17236
11977
7791
69
10331
10218
470
14444
1563
280
21847
11793
14511
17044
2211
441
2760
5383
186
16390
3514
2892
2715
17169
2863
2481
21970
6952
9895
5168
12086
152
500
368
441
15026
19266
21154
10180
2559
219
12208
5228
34548
3514
3242
12498
19065
20880
3840
20057
7983
283
29803
447
10257
18658
22101
21700
5291
21197
9233
8043
438
3381
12308
77
11379
4428
11325
11190
5518
9561
32804
9630
26102
5556
2895
3519
5202
3170
35815
4938
14626
584
15841
7632
25943
142
11844
21518
2529
44932
18590
219
14629
3125
15068
2348
11997
2522
214
2994
433
11321
9304
1027
150
12287
11820
16317
12172
21343
3166
2998
225
4883
19038
22084
22240
27176
61
21263
16828
912
5529
17190
7896
19400
16972
442
2892
23745
77
42516
588
10427
12617
14053
15256
446
14336
33590
2327
286
14334
2639
14173
17054
1763
2
16858
2796
778
19450
139
5126
150
5395
265
2697
19197
5083
3415
2259
150
4
19323
32874
35244
15221
3
7
34184
32562
388
73
16136
11767
17488
5523
9999
72
18535
7
325
14989
5125
74
2342
149
440
12108
221
148
19539
19264
4408
4973
12189
17616
74
23638
5003
894
130
568
21790
288
7909
544
11699
219
8979
1946
18991
1481
220
9956
17241
2271
74
76
828
214
9942
9417
219
393
20982
20683
7023
19429
2333
2276
7892
19249
2129
16046
218
140
22161
2662
2740
2672
21280
7876
36248
18408
449
2025
21488
6964
11828
2527
14492
19345
14580
69
14379
16996
21834
36337
697
2586
4390
19306
17289
515
16003
514
5
214
11190
812
145
1784
5677
14048
16971
17490
28166
4933
16801
19853
2425
9359
645
18956
16854
7774
12453
23810
11642
5082
464
73
445
2626
21280
2338
21738
361
1676
14776
3
7726
9562
9794
16886
320
19180
16639
134
14777
18950
14534
12401
68
2249
7021
748
2704
17136
26114
10273
17188
11643
21066
1680
13829
17241
16597
10272
365
1900
216
2415
16713
140
21683
15064
6047
7019
150
583
20692
20361
21678
34359
9926
294
21707
72
20171
13353
2448
14691
14265
15095
9906
7688
8413
22025
1973
7925
11256
1939
1925
28611
56
2565
5004
7877
215
9432
4808
4
9524
5065
67
15239
145
706
296
138
205
147
27966
19691
24531
33297
294
24000
6574
824
219
217
7085
14510
10075
21206
19610
9611
18422
22043
2478
145
458
6
16876
2619
11040
4536
361
2613
19142
15480
6777
7218
9733
1
7153
12606
2328
7021
21659
31555
2082
5321
24391
4555
11929
18530
296
9573
4683
7170
7693
15105
19226
4871
9842
10820
151
214
22264
8348
514
5405
24331
681
2211
67
7738
400
450
9985
20073
12790
2707
2597
12414
6161
18942
10339
18854
8053
1157
24503
7471
2294
6822
12381
9352
33804
1100
4949
4559
148
4365
4549
8006
5561
288
15783
21910
21386
4376
18858
295
12029
2746
147
21814
9298
2220
154
6458
23680
14609
2472
2345
210
298
14107
7230
366
4949
75
5982
2087
2920
9943
29398
15891
367
2791
62
3135
146
22903
325
4
3107
585
2465
1029
23283
21957
17815
19083
7461
365
12158
33113
10318
2647
14889
34257
9693
150
365
11851
7776
2847
16824
377
18532
6900
3000
65
4297
2728
18800
2545
799
2594
12291
5631
5336
7587
16361
12311
16321
537
364
31243
15426
8179
8979
2110
25711
19364
510
3175
11916
5463
6
21426
10182
2994
6973
2464
11432
6066
16779
9872
2604
19195
7916
12238
11834
34404
69
18790
2780
15604
10785
21345
2273
2337
73
4934
14752
593
79
5134
15016
24287
19698
22506
224
21959
12244
365
12427
19615
14237
9034
14640
2
21439
14898
15346
19426
21969
2555
22090
23887
3151
2
71
5313
19190
11891
19511
14296
23807
16803
28503
9556
2470
19330
7411
9122
2086
3
21343
2958
341
49831
11896
7218
12739
11777
7540
5561
9243
1028
22271
371
15085
2029
12290
17354
11454
284
8057
16982
68
21843
14111
284
215
13584
140
16924
432
2467
13533
36626
5222
143
1251
6830
16383
15096
16512
1463
76
6774
512
17095
2277
5076
2942
5557
6729
2540
80
9917
1890
131
396
14534
294
72
19582
18735
12277
5
16980
2538
2628
71
2415
16195
191
5303
9622
471
11508
10498
3080
294
19265
9977
21798
28101
5183
79
17298
7427
16193
38458
16717
903
12618
2168
1341
11963
371
2588
3255
293
287
147
18287
915
14103
14386
2553
2636
211
9864
8866
151
19433
9690
5208
13730
16066
37182
9421
443
5796
221
3128
2678
11714
12657
7623
295
13029
4374
14720
677
767
17005
5475
2776
5332
297
17482
15565
38056
4744
9498
14637
13847
3
22020
12048
580
366
4680
12032
19640
23842
1746
69
12551
367
19604
900
3304
21481
7087
11864
9502
69
18924
5600
12881
18594
14948
11831
19302
19456
2485
5170
2469
7809
295
23944
159
14732
146
511
298
3222
142
11085
7728
7697
7720
5380
12652
21625
5292
4494
13311
10473
1164
2488
11989
14475
67
213
12756
2885
146
5860
18939
24529
14618
4128
12089
2659
12537
444
11380
10188
14479
371
14416
16132
21579
921
297
208
69
438
19656
4619
37238
11384
505
2472
9245
24030
13784
9827
77
14446
10336
2585
148
362
4816
25822
4680
29362
461
17042
14798
11889
3292
12522
2931
1
83
3306
221
19443
2216
400
2665
18818
14776
77
18534
1894
225
11834
2640
14433
21977
2796
21647
7940
12548
2760
7291
7635
7922
13343
33685
6702
5496
5128
9893
14506
31451
146
19518
12610
13852
7119
371
69
2422
18859
10454
298
220
33690
1102
10097
21961
5702
517
11578
45722
3220
2626
16924
4427
6710
644
16933
7568
15009
593
2788
290
14487
12365
21009
10123
2
8992
0
10029
154
2148
2363
8838
76
439
5130
10326
2664
23937
21845
2558
22023
13854
7422
12872
8857
21216
28980
12365
12416
9494
4820
34537
16755
22028
21980
77
1951
14375
6835
5972
2210
1777
2708
13730
10
74
14925
2747
5731
9160
21278
9502
2865
7156
291
27195
5317
15228
503
4809
4165
2627
14269
12651
7280
24525
7234
595
582
368
67
69
22355
16883
16594
81
14245
2466
17118
23272
845
3030
3059
2532
18785
145
320
7984
21196
5232
12291
2751
8986
15150
2260
145
10033
191
23919
777
218
191
14717
17005
16760
2304
7392
5317
4810
26789
14339
12469
8923
146
19007
38218
7691
9566
11189
17175
2454
7681
1953
17135
19073
148
360
19070
70
24442
892
26549
2536
7635
368
739
145
1
37239
4
9429
4955
513
440
5404
78
226
17079
8922
21910
218
14571
12023
2535
3247
219
19451
648
25819
14856
36281
19366
3056
305
2243
221
257
2984
219
16987
11518
2892
11436
8015
19005
4683
465
1826
9837
9991
431
36438
144
1150
29020
19585
4929
292
367
3
12420
16196
14930
19176
4931
5325
7907
441
13790
19166
7546
150
4686
5397
4871
19492
2403
7424
1873
7539
7738
1867
21635
10106
7803
2631
214
5654
21577
10117
19121
5104
37125
21733
19053
1043
18970
68
11699
5527
19824
19292
219
149
4369
25512
3251
13669
13916
2925
293
2467
2264
2703
2088
22004
1
17151
22844
8065
219
141
7677
21838
66
5382
5340
2
19457
27921
2285
21765
70
80
12532
10942
2309
19477
66
1435
8243
218
294
221
14654
3131
2406
14540
17348
19894
2494
19157
215
367
146
325
6069
7732
19798
2508
77
3142
1
4612
2562
293
78
449
9715
6741
21600
17276
19294
34347
14546
2612
5466
21538
36456
5081
19244
17089
358
6530
7548
33382
5932
17023
16462
8311
2033
6791
7912
2468
35970
7652
19956
19971
2621
4821
21916
441
563
22307
2208
72
378
12431
361
37756
147
299
69
9935
262
21970
6959
155
16717
21647
219
10153
440
21535
2097
5225
2702
3967
14607
2430
2758
27426
22508
11912
5072
14304
12022
4938
7221
2015
9942
24523
5701
72
9650
21593
2789
21959
7173
13854
140
19428
37722
19120
580
15027
7995
4815
10267
287
7334
23944
78
11705
17958
3316
16903
17005
21584
2765
7435
15371
2600
73
12365
7829
293
5043
4753
21662
35556
13720
4713
11255
33403
9361
9904
26724
151
0
2769
2025
7523
2628
13977
259
298
722
78
150
1
18538
66
364
2846
3245
7033
74
2181
13653
67
9627
47174
5269
360
14262
2599
19189
2774
2211
5331
284
606
200
5865
16994
15615
11253
7625
2776
1937
7380
12264
288
9304
17161
21540
21554
21753
21002
19962
12578
7841
2868
21738
37599
17047
7598
12486
7163
225
4750
135
14047
2311
2337
72
14586
142
217
323
365
8064
12058
53
289
2412
2496
14869
10049
8
215
9728
25686
2178
14825
3454
16324
2768
73
12688
2991
14114
48761
21620
150
5891
3087
3094
2444
16964
17237
12494
360
14662
869
3001
72
2150
14922
581
578
12680
14720
17129
8118
15215
14974
14511
22587
439
8146
9508
14299
3
4869
16863
17218
25883
2492
704
17820
5842
3175
135
9870
20199
155
2696
12461
1382
291
7522
22236
5488
29055
72
14473
19546
12595
9513
70
14364
21731
358
7092
7639
8011
21924
14110
14648
39722
21493
288
765
14112
289
14507
22208
14654
7439
35240
24394
506
10153
76
144
40902
9978
16585
16542
3386
12470
14903
503
16862
367
15716
8075
21396
67
8793
12055
293
14809
366
17195
1439
16853
19839
77
9439
14365
7450
4130
11188
9490
7556
2023
25844
71
12612
210
6766
21065
2881
1
19821
15848
2530
136
8056
22046
4877
4615
2982
5319
19051
4680
12673
9299
17031
40769
7005
2687
11452
454
9703
953
2630
3172
65
214
2342
24581
7604
4300
10117
14803
921
4900
38336
9685
2613
3322
7843
2023
7404
418
144
16645
12269
10154
21470
362
4300
6571
9432
196
827
19319
12669
19340
364
11955
152
442
5779
2911
2604
2775
19140
1075
4942
2532
17489
6957
26424
369
14770
2180
2485
590
2150
5572
5717
812
4935
12353
581
21721
2969
20069
5
9620
10218
3508
3223
13853
2
451
11580
21301
7453
151
505
284
23611
7427
366
14367
16534
0
11955
17242
154
22231
19235
296
1881
21200
31842
214
17569
17281
1
2864
5657
7856
220
4
12225
147
9300
12176
18744
4689
371
21557
15016
19693
3233
21368
141
20817
142
17494
764
72
7455
2658
126
4818
71
14404
13821
17220
585
7807
145
3228
2951
12366
11513
20181
14876
6576
409
17599
468
7616
23813
73
5338
5917
12124
147
123
2481
23959
531
12289
219
19108
8891
5458
714
2542
11805
10499
404
9909
20918
12252
655
11831
30763
220
3015
11708
148
9296
21724
1
5742
21191
27408
7786
820
9567
2017
8064
31833
225
2698
4487
146
202
216
363
17420
6362
439
9502
9826
10037
5696
11905
12788
5113
2628
14704
764
11636
19060
0
2699
440
5211
1959
0
12591
266
19392
1
7021
9702
19490
2684
65
1
65
6037
19833
2559
7926
21328
23105
26267
19606
21336
371
143
30933
16847
304
18849
7659
8128
10241
11041
22159
17437
2110
31023
498
561
2665
4754
442
8058
21638
10001
17007
2756
7741
655
73
2783
462
375
4619
2605
16588
2459
7614
10095
409
14448
358
14538
9834
4981
4426
14840
5
19475
21897
4555
12934
10314
12540
4616
5424
666
10540
153
5223
2703
16531
7535
891
512
16778
219
7030
9824
38299
2624
6836
7907
71
15163
29805
2534
9811
217
215
7026
5329
19451
145
9367
221
19763
19365
809
201
3542
7934
19570
12731
15010
541
2158
11844
10923
12089
12369
9555
21322
2863
9429
19206
10079
20186
7970
17627
6753
46540
11986
10153
16720
2410
500
77
11920
18926
12883
363
5630
17285
19320
9426
10266
11320
1
5502
19290
14653
371
14949
6836
5003
30611
7718
16951
10
14798
5737
224
126
11704
7726
20311
2559
15013
10099
3068
224
18113
221
11846
29538
22192
12048
63
7938
191
6956
2730
7917
1162
10485
21723
68
16445
2764
14300
898
14301
1829
3114
37207
10087
5881
73
29674
14238
29024
11163
9493
7680
3194
4624
12192
7088
9941
5
5192
19333
14413
9364
74
12133
18995
5214
38991
8144
3014
9722
7794
4811
17495
5855
8790
19524
7595
526
19691
1997
5258
4898
2364
7030
140
1963
3055
19273
19748
2198
2284
2862
15074
733
25519
3178
2149
13251
11894
18857
8061
36247
9297
22850
7089
11323
12955
5121
35192
16574
11975
32497
7519
2278
151
9364
18962
9936
5646
2813
365
11782
2337
778
2504
571
21591
10338
13853
46968
142
3059
11855
11646
21290
33648
11831
19490
45815
10740
10508
151
438
9486
219
9583
5118
2279
23825
19383
8132
19200
15593
2407
12738
9943
2999
4490
666
5369
2340
29591
509
2417
13206
29071
17344
14869
5344
12605
9687
17918
388
5339
38897
21269
21335
1668
19454
7987
646
10214
18690
16190
9795
6896
17410
7671
19073
154
4683
14406
9835
17134
2406
18731
2239
212
21837
12784
6641
2549
5168
16289
70
2587
8130
14909
7567
12365
1937
19710
12391
27104
12165
19221
2742
365
34610
4958
436
3293
1932
9896
2731
7542
19304
18792
1492
127
293
5001
950
76
21831
137
2781
3000
149
16663
2531
21844
6837
7216
307
491
21647
287
368
5931
12812
30669
9689
17223
9097
4
10033
19180
74
135
4622
10215
2514
509
2539
7812
2171
33010
14536
443
6833
16732
88
436
16660
5151
363
67
18997
14189
2280
1904
19838
789
2490
16451
1950
548
145
220
9945
16102
24329
16885
4958
298
21426
12417
7356
219
17337
14831
3112
5210
19311
11382
121
65
5062
150
14045
6570
21697
7249
509
2397
17697
675
2998
19479
1821
17067
214
21920
65
217
22122
14467
5371
1
31573
9680
16784
1594
28062
11516
7247
23808
8979
24334
70
1966
142
19053
14639
7772
7800
21793
1835
70
9761
7024
22049
7728
13918
16579
9498
26223
21857
16656
29904
2482
10203
6839
2644
17126
2083
10420
2400
77
77
19150
365
16961
5
2490
354
2185
288
12056
7989
4481
19276
19188
19041
5629
3512
504
21749
294
4757
21589
6833
25728
4435
2868
145
2335
72
2418
21968
149
18410
4
19626
4487
357
17236
9365
4935
594
17872
6115
17224
32477
14691
436
21535
22305
293
16862
25979
8039
0
40964
118
10092
19558
7751
290
29450
2216
24383
776
2143
7513
21941
14820
2929
78
19570
73
19379
291
8913
16129
5326
9750
38298
6877
19513
11576
76
32560
70
10792
21733
291
19637
16323
583
14384
6
12501
5253
303
7213
21647
19536
256
224
9491
147
12582
36298
582
16736
4680
2314
22342
19222
5352
213
14631
297
38273
2209
4849
13918
17027
16819
148
15083
14880
12560
21604
23987
3177
2713
4148
8974
82
2
292
17468
12090
12653
1434
10336
2413
69
2713
5197
892
22112
7755
10877
24012
296
2333
19968
4740
3225
298
371
5162
19326
34723
27097
19837
2591
3219
6411
10121
2706
7025
209
2414
35210
14869
438
16694
13913
233
7515
19196
29235
17101
5283
4687
7901
25567
16187
9298
21431
19468
9955
21603
3260
14564
9714
15683
133
14387
198
21342
248
17014
486
21344
11109
14347
666
63
213
17366
673
2295
16733
2353
9948
9758
73
9682
12074
143
11518
145
71
10123
15822
14692
11573
25443
20066
13659
19893
18797
290
11773
12134
24000
5361
19765
7440
4946
73
8476
31031
15971
21202
1488
587
9823
2938
11512
9298
7832
4938
2833
17822
5796
6028
4888
2091
2710
19705
3061
26484
359
9429
154
19205
10242
21500
133
2148
2264
25377
3121
11717
2282
2088
5723
288
17173
149
1474
19429
2465
13419
1099
2849
2536
31585
16261
38030
7808
2185
7
7693
17292
7388
14712
0
10224
12257
10012
149
21444
4616
7090
19761
150
2922
14566
16067
6955
19970
2773
22096
22308
9990
5408
21916
4362
2474
12828
7473
14350
293
519
26002
13412
19650
16950
126
1903
1090
2145
513
12115
15280
58
3
5716
13723
4674
7516
5407
436
5192
284
17047
7515
77
16920
1760
2276
24596
12739
12088
2
14044
2778
4238
2461
11709
65
16696
367
79
19194
68
38883
2918
22465
15834
363
4748
9365
219
71
14676
2733
12538
45703
16390
2995
217
12806
12038
9847
9747
9111
10402
143
14815
2774
32838
9429
21369
3010
14800
19386
9744
15318
6902
79
365
24620
9847
215
7709
364
14580
25942
12263
24124
14186
7801
28258
14461
507
11691
7434
1
10026
30290
41427
17848
296
16148
1
6956
9677
2478
21625
14263
458
21603
444
38583
16195
6387
3453
5198
12217
3440
7380
36202
876
15001
13783
5220
24607
151
146
48673
2
297
2535
2560
9358
153
0
5303
7299
2663
36678
19391
0
441
293
10192
19581
16135
2326
19015
33491
4684
145
14702
127
5318
14893
11706
17161
2628
263
14768
19227
14047
14778
16577
10082
16885
9981
3088
6756
13536
14249
36737
19203
997
21753
14640
1152
2805
2636
12671
16541
2471
10327
11511
9554
14473
14925
5160
9914
7867
2794
512
2151
7727
14887
18862
73
19122
2
513
17038
38100
8855
25543
457
13973
293
10244
366
289
7859
213
6426
222
16277
41245
424
365
2378
368
72
2344
2550
10472
14952
253
13247
2901
14360
8847
21571
3758
153
14801
296
5290
2518
19748
79
3222
136
135
7091
16750
38048
2
32837
18785
14447
14769
19373
38129
290
7929
2345
21504
145
14238
5285
5367
16582
17017
14114
13483
3120
21414
11074
14424
12135
5592
70
7576
11962
447
14546
16828
7515
12451
2470
20209
7531
85
19445
217
9617
2731
9860
9199
1095
14701
2591
16965
856
690
143
2274
513
1440
24070
17041
158
3281
34766
683
137
77
214
7877
507
7315
10343
6
2840
9241
385
16845
11965
19278
18856
147
9427
7808
12537
7290
7376
147
17069
471
6206
19548
7415
10407
3175
459
9075
9165
2700
5368
405
140
14244
6704
21794
3122
21571
22164
4869
7230
29504
9230
7481
5182
4545
18998
220
7116
3441
7289
7997
21620
4677
150
21665
16924
10342
1897
68
12149
5450
7498
9866
225
2641
9511
4445
14414
293
3
3448
1896
147
628
29180
7017
2947
29468
5161
21261
303
440
14890
2193
2624
12412
12151
12434
16448
145
31334
22034
19908
24063
19221
11578
2250
4745
448
14239
7874
9681
433
6
6898
10614
262
35947
14235
5000
4872
14059
220
5135
611
512
21900
7736
446
11400
10275
10811
10797
11260
4490
12259
370
4763
9441
16852
77
232
2242
22488
13856
14515
5486
27451
2485
14043
11444
19412
8633
19154
12743
18654
2504
148
515
149
2257
11378
5165
1834
60
151
62
18503
921
10181
145
2418
6965
3127
4553
19563
1
4622
294
19608
9691
16948
14048
6425
2467
14776
21413
22010
7025
35944
1022
3008
19977
5248
587
14424
16987
2405
5154
47761
5271
1957
4897
14561
4361
7304
11318
21720
19573
22421
5508
11253
21537
2922
14645
1873
2782
3067
16918
10249
5167
2470
224
7534
5293
72
19238
14373
21618
2486
2634
78
18993
17274
3080
19116
21609
294
5218
434
5023
21417
2924
19136
443
2918
21410
4617
14169
80
3371
255
7103
78
7342
19270
10175
126
17747
13988
6578
291
2010
21626
5350
12681
21912
11448
6365
12559
10088
2461
1957
4670
21670
2604
23507
46456
27472
5789
7863
3152
286
17289
19448
6764
2719
1493
7097
2953
4619
19905
17372
17360
434
2854
10249
4616
4400
21550
5242
7979
511
12460
14232
12187
1178
7365
9436
16964
11393
19591
218
914
17297
13392
12362
72
832
28855
225
7156
9494
2354
89
5306
140
22366
362
294
161
2458
17258
5655
14339
21991
4621
4750
5352
5265
13519
5031
209
4497
4972
2217
2083
12455
16896
16984
19075
26208
9923
7739
148
26509
2720
3173
73
4365
19915
5336
5601
9044
16730
15012
13097
2775
23925
574
8038
2727
39416
12140
29432
2926
5237
2485
5561
21848
14770
62
4934
14797
2753
12582
12358
9234
12687
19398
15470
7416
1965
11911
2211
8239
14781
4560
357
16409
16386
2795
4757
138
4296
764
363
5787
16748
33586
3489
9047
5092
5003
14788
12300
364
19829
29405
643
17416
2778
3514
2598
14372
17051
2469
22433
19444
9046
570
217
24032
21691
4889
68
12236
12678
9368
362
12167
14674
28152
7915
4806
5658
18867
138
12215
12521
12483
19553
29394
8201
7685
434
18930
7940
2412
1960
12279
10513
143
3025
252
63
5563
7026
84
18993
1502
46172
16601
2636
2916
21676
12341
46897
17175
10532
22388
9294
5126
12253
66
5424
17061
11992
7764
29511
24135
15432
3247
21346
71
141
16964
14987
977
12516
18947
7595
25888
195
19218
219
136
152
21980
12352
16936
14657
11641
15291
3431
3197
22405
3
1
2334
26002
2398
24141
22237
17809
433
7421
292
23625
6567
3446
7348
17168
7706
11512
11843
21615
14433
10312
19407
33766
7668
14446
19327
14772
2831
1625
12523
2784
23646
67
19637
2
20837
17746
30867
9620
19536
6
63
9854
271
19685
9489
5126
9367
11990
2726
10193
474
2462
506
36344
4617
15057
4554
834
146
2518
21739
73
776
21559
436
22191
4809
5092
5605
2718
30065
16906
21467
2413
13
12289
195
65
19136
149
36116
423
11766
22244
9865
5283
8069
364
224
2546
4620
19979
69
17240
34704
28897
14177
144
2733
12060
21892
21720
2709
434
16586
3173
7210
11955
445
2727
2634
16461
2702
16581
17283
216
362
38281
7370
67
13048
16931
405
670
67
147
5271
9737
5042
2226
12397
17082
3160
22480
3365
16605
9361
7547
67
14745
2864
17365
5013
3003
5583
18535
4753
10025
24974
2595
19589
12368
15022
19818
49008
9645
2358
10277
10124
16843
15536
0
12040
10686
12804
21752
5069
9300
11450
18878
4687
16822
21833
29051
207
152
362
145
7653
7145
34794
2593
14647
360
7716
360
18869
2848
42721
8005
9
9711
12103
2192
24101
293
12772
24198
219
2
9978
218
2537
2281
9570
21567
71
4236
19097
3166
16815
4874
19637
17417
214
3322
8144
214
2925
19838
10039
4233
2659
2999
21461
142
65
3
2086
433
19617
75
18867
7444
11768
2
456
6914
9362
508
2222
21799
25715
2558
4942
38975
357
287
3802
7839
14764
5022
18526
504
5293
7289
29143
2848
5257
144
13482
4
16598
407
11
14
221
2993
7149
712
290
7666
2163
37230
2
21850
19800
11978
12359
34294
220
16714
290
295
3989
291
5338
17363
4937
12422
7837
215
10197
14307
8228
33828
67
14569
12042
7168
18857
5189
32557
27577
10176
7085
2587
14547
4240
14266
14539
298
6831
21497
22708
16458
7429
13
223
12300
21970
597
29609
4741
13802
42051
14786
8005
5397
2218
2334
32526
12513
668
778
144
7224
16979
9624
5340
1835
21650
14712
226
442
22236
6540
372
3
332
4807
17083
9775
10006
12335
12051
4242
148
259
12040
10181
2926
20824
17515
17451
441
3635
21745
22243
144
3914
55
7783
12664
331
289
6
11963
2264
9172
21770
9492
2649
224
3565
16586
2841
2282
19561
71
11774
10155
71
14243
12061
6
6158
14737
38355
5019
25305
19502
2700
19682
5213
2510
21211
14641
34711
5220
2891
14340
4672
14046
21474
2273
661
16654
17496
148
480
228
746
4416
142
39566
17216
5137
23847
21534
11190
4969
287
14905
513
2433
9111
80
6959
22355
286
38630
6829
520
893
508
36529
75
304
14185
14545
4680
30832
72
21790
2036
218
28063
21781
516
22112
70
11648
12201
16954
1
24262
2644
19766
16532
5374
11449
2469
11317
512
23813
38202
8981
16657
7990
10061
254
14687
16
21590
19355
12683
4616
7989
14824
7087
1957
21510
12101
5565
3
16972
29520
21709
21727
11642
12746
14295
10038
75
2923
34497
5398
2312
13321
7519
134
2482
137
11845
241
85
36564
17215
7500
10722
4937
10179
17751
2773
66
16749
219
2347
64
14926
30691
73
5294
11227
21810
727
16996
16387
224
2235
21469
2662
441
10586
3577
40153
5650
12609
21785
9561
216
300
5304
7030
14579
575
61
4747
77
871
10422
15449
7656
1
208
10022
16843
22637
10218
28670
662
23045
4743
5119
34237
13787
42236
513
2564
9045
218
10189
21903
16973
6827
2875
16333
2729
153
141
21618
34823
218
1958
368
12424
72
285
435
72
4679
4423
216
10094
2404
9829
2263
2463
4755
2119
6961
7802
2362
7692
7716
38487
9561
4286
21692
4425
7614
220
7567
1034
21277
10872
10156
13666
12663
32945
17080
292
22047
19301
12431
392
14584
7755
62
2286
2784
7486
16830
9692
3723
4361
5747
2407
21656
12454
19425
12470
2261
149
66
38301
19967
14296
2753
62
31506
23950
4367
11763
30132
22113
11633
2485
512
3110
19004
1137
142
21905
16719
21820
365
34775
23941
23874
16067
18470
10027
9426
13976
73
19559
18420
2322
512
11897
20180
21855
27916
131
8265
128
5770
17308
594
9171
7208
11132
25574
4301
366
2906
294
80
152
8
21548
369
32459
21283
19960
15213
12397
4551
9552
16736
441
2153
60
13979
13917
5117
5243
10176
29259
12029
12744
9980
291
17913
17020
12686
1894
16591
140
2179
299
4747
371
16850
23719
26265
7859
7754
34605
1946
18937
865
21611
2780
9731
21672
14891
16458
147
19274
6961
19085
10276
2472
21598
142
14730
19627
19761
14052
20172
7208
21828
10102
4687
5991
36349
23552
4875
7429
30867
2701
19247
3324
11147
21673
19377
2089
1034
17167
12293
5408
10534
68
7151
10298
2421
251
24068
11571
19593
9940
3321
38135
2135
67
16893
9106
216
71
30010
5143
3062
2720
137
14607
16584
16903
29080
2560
726
226
16004
2272
33252
12889
16734
19446
6288
4873
1958
3260
829
432
16766
509
27679
14211
9875
289
589
289
2528
295
361
220
19087
10159
19130
14627
7629
5625
10020
17354
11643
2499
6207
2989
385
3125
6752
14736
19434
5067
24332
8840
29037
2560
2708
4805
2163
34124
3002
9362
217
19617
22176
34839
11066
22117
3079
498
2213
10834
53732
16901
21204
28995
12749
12518
7874
2994
12042
10345
224
7362
17113
503
9963
10188
9702
2823
19382
223
17053
17599
7403
19000
21879
1098
12882
13515
2142
222
901
3820
10317
19637
5188
217
19480
21760
12552
2715
2663
5083
75
2605
21704
509
6902
13540
3151
19094
68
2633
7283
21544
3154
5276
13229
12215
3188
22124
12193
515
5136
296
5356
59279
218
2411
12751
151
14782
21596
9492
19845
19762
187
22045
2437
4559
2483
73
5459
360
