53953
59130
46603
59503
62772
65365
60086
59141
59645
59164
52200
65616
55230
43169
45388
63348
51971
61813
63162
60038
60000
59746
55501
60250
61076
38949
59853
53178
31351
42492
68089
60118
60439
61229
60514
37249
64591
58818
63094
53968
43063
63259
50938
64979
58917
58572
61626
61758
62164
61734
47090
61405
59074
60247
49375
52605
44377
50526
56003
62775
41687
60996
63916
56575
55358
50523
47322
61028
61135
64494
63412
64330
51006
60919
63391
62612
42310
39981
47857
59133
59062
44853
45568
41198
39008
38557
62307
43192
57283
63667
60822
60225
41450
65832
63092
62250
63761
60536
60746
62189
63008
63206
62562
63154
43782
49591
44438
50556
47169
60741
58681
61885
59138
43619
65181
61204
64065
19906
60672
46892
59260
51426
42149
35380
62556
60273
45815
61399
54269
45045
61366
47070
42407
63392
41502
53043
61884
52790
51229
50864
22808
55870
57825
61240
61421
61007
60107
59670
46285
60191
62947
61800
60773
50904
59748
64546
55065
61037
46424
59830
59871
44310
40659
52983
64646
60846
60150
55304
63129
48145
38837
65353
52444
40086
61738
51884
61535
44502
64225
44752
57867
54282
50515
59198
54151
39806
22393
59506
40976
62675
57053
62672
59543
40451
60170
62081
43842
41202
62089
59675
59099
63495
53891
61734
43995
59192
61916
60182
43426
42214
48642
49828
60672
60156
37325
63438
61614
46051
61367
61339
58906
55812
57093
55361
42738
29312
59387
60916
65754
59438
61693
53116
23743
62866
64829
60287
62792
60759
30885
58837
65128
59209
24775
46642
59211
53926
65642
50726
44499
60618
59966
44226
62491
66564
66946
63297
64899
61948
60645
61191
65190
52813
60261
65510
64999
62352
45474
65675
58727
58643
62060
44374
34046
58666
62819
62937
38162
58934
58130
53709
53647
59370
61112
63371
65268
42499
61831
47525
62308
60539
65202
64789
60106
61781
58209
61235
63433
59335
63082
52890
63714
56861
59664
44054
55632
59172
60811
45508
49937
58801
59129
65441
48367
55539
59733
61104
63417
58153
60178
63088
49341
55530
63206
47321
39642
62008
62894
49369
44659
42086
48390
28592
41069
63163
43078
39936
59978
50737
62392
47492
57927
61615
65242
58672
62263
51248
61072
40390
60015
59906
52657
51933
48194
44642
42934
45641
40768
68249
64651
47569
41927
58562
60167
58603
45885
64746
28067
55268
60121
53612
59374
48359
51667
59470
59046
61894
61728
60342
61105
50313
59736
60767
59608
61555
53949
32875
65188
60440
60787
37787
61336
37418
47549
62497
65639
42944
59391
21677
60600
61926
62619
41427
49457
43666
46952
62866
42180
63332
61075
57875
53359
42254
57529
63149
59042
51213
62716
63267
44463
59711
44644
43844
57910
59924
58178
59508
59851
59098
36569
42627
40447
62876
59994
54365
61279
48550
53416
39180
54408
62364
59024
62168
58651
58602
31025
59425
48336
59448
59723
58945
42388
39317
51003
54942
62142
60080
64154
48736
60887
47855
58760
58995
31600
59167
60282
42760
48089
52589
56975
41974
61093
43657
63074
53078
50547
40785
57468
62169
60750
44513
61876
41774
62305
44418
47122
42818
60325
59463
62939
34927
60029
59559
62393
58778
60184
61171
49928
43472
51709
58531
62973
58838
21066
44003
62819
59781
54499
57366
43116
61392
63181
48556
54409
62810
61682
42551
43459
63140
60140
61636
55164
59079
61537
42709
39687
59609
54862
49072
59404
59310
57239
63297
47272
62992
62999
58877
65246
43108
60986
62829
41422
65106
23233
50645
47195
32618
58039
50200
58857
60332
56719
68679
59114
50891
49251
58966
21868
61543
59742
60450
62956
61824
60683
59111
42217
62787
57820
63272
62846
45728
51823
59047
59432
53788
59420
61265
65748
61811
61999
59871
46266
55277
42208
28844
53828
56085
40820
43247
64035
49608
62741
63416
53928
58174
59775
65394
53796
49015
56840
59206
61107
60446
62543
58635
49150
63675
61296
41806
53576
35727
58696
55607
43038
48472
20963
63282
61185
46176
62453
51110
43996
40565
63023
64277
59618
58909
65139
41629
60115
53984
43309
56174
61687
59979
39611
49127
33887
33439
58018
59214
57353
65253
61462
62895
62766
50574
42966
38132
44578
62680
64944
61382
56139
57542
50681
42767
52824
63234
53456
47314
62106
61745
59698
42809
51562
51161
50712
63461
65136
61149
55073
62248
61742
60820
41396
49852
34766
41571
50451
37680
49286
60971
48025
45108
13411
60243
59608
43383
57710
63272
55720
58533
59136
56844
59443
61934
62965
59673
31329
60528
62741
57838
55121
62095
48299
56196
61614
38212
58628
60002
61362
50352
60015
59025
62969
61255
61844
47971
58503
45783
62866
61657
59024
65039
31740
49722
62768
61058
58472
60102
41275
50089
29060
57247
62638
55445
48430
39692
53032
62741
60353
53034
61101
61679
59182
51100
59633
61043
40795
40717
59572
45833
50336
61741
53646
61561
59966
60689
52280
62937
51381
62991
58848
56488
60075
58267
65954
45073
61621
62280
64817
38060
36621
61927
63699
52278
49050
61986
51985
58723
58728
24068
61765
60151
42476
38987
55567
59060
61673
62427
63189
60833
29591
34794
49644
33600
62398
62288
49239
61636
65511
39621
62434
61299
53500
48113
60509
46619
60972
43263
16533
43261
45573
62896
62191
61270
61101
50948
60259
40664
59735
58779
64686
61887
59725
36451
60052
58967
63274
52875
59179
62145
39449
60196
52979
49046
43528
60621
51286
64548
61201
46004
45856
58113
57776
60575
60296
62139
61119
64166
50774
48293
59720
59138
56395
56218
56428
63364
61036
59899
33036
40747
39124
62455
65682
62349
46858
62026
41133
49331
63129
61932
52061
63175
61215
63441
61742
62628
61110
60069
60936
64350
59313
60282
59232
51397
60197
62081
60115
39459
61548
55037
48856
56581
59232
59864
61177
51460
54655
52237
48139
62057
59839
54072
62489
59545
59163
40626
63411
60597
61129
53343
60675
60215
59271
55900
59960
40140
62254
63738
62073
26965
59581
63361
60429
61660
62434
61327
57836
59765
62600
63988
64614
40728
51746
62752
61834
49761
41058
44943
61335
44935
59282
60143
61527
62073
61809
54691
61512
50782
64226
42792
42432
68574
66610
29280
62598
45015
42772
36921
59920
60885
61917
59351
55811
58853
25884
62394
37993
58912
40374
62453
61838
45310
59016
59905
36947
62263
44623
30664
37173
64199
42511
49599
62336
60045
41334
61704
45032
61111
47354
62015
56584
61228
39311
50537
57921
49502
48108
60817
42121
39555
60566
37372
59595
61154
63238
51508
60023
60090
42721
59123
51856
40690
62327
59859
45282
37401
63087
30765
60067
62208
59232
59549
29328
61778
59494
62405
59401
58861
58556
41940
65903
65545
52988
22849
59050
61895
51597
40056
65211
58464
59420
59913
65387
58795
59982
62336
66745
51219
42521
54809
64224
59538
49923
61273
62254
63202
46956
56125
29884
54492
61335
59951
60618
43228
41363
56389
55217
33335
60662
58917
59238
51399
44393
65325
62910
60301
63329
60263
45702
49533
44862
44243
59295
47800
62353
51494
57335
30626
48738
61384
16784
58970
62582
62210
65906
59257
60416
60225
58907
57888
59110
61986
48359
60044
59441
60408
60322
39757
62096
38609
62260
63391
29111
60841
56785
45292
60892
49010
60023
60728
52190
59578
64790
38381
62688
63388
60829
38510
54824
53844
62726
60971
60750
62855
50693
61674
44985
59773
46845
60721
63078
61357
62380
42415
56408
59388
37636
62670
63487
61071
58800
58847
58616
45153
53761
61662
61410
59805
64257
53775
60696
59786
61550
43953
60764
58784
41315
60711
59622
59235
46007
65547
57001
56950
58957
62032
61103
56251
62305
62175
53466
43537
42665
39411
42244
43594
58758
51302
43393
59553
60179
59161
60809
66012
56266
57530
48978
47192
60300
52430
60758
61164
45221
61417
62939
63716
57257
59339
49553
61886
60982
58180
62309
62436
64075
63414
55320
51954
62290
65799
45303
51961
50075
59704
47512
55472
61114
55831
59322
40555
60685
51243
59243
59141
65153
59977
60510
61196
62576
61582
59725
40883
61657
32997
65072
60224
65389
62116
59431
38181
60302
50770
54592
48763
45533
59688
41253
58968
61927
46771
67900
57649
49092
58114
59602
56094
38849
58973
59192
61324
61219
57611
49873
61018
33817
63196
42734
61744
49282
45235
61748
56052
50543
49262
61421
58540
65401
50909
62547
63853
44668
22115
59499
61291
45623
43813
53134
60150
57459
48839
59630
61343
60830
63239
40115
59837
59706
59258
52412
60254
61035
60063
46571
61404
61851
61226
59293
45220
51570
62392
42631
58919
59094
39555
39434
54386
48203
63587
47447
43807
62382
47000
55368
43075
62952
43116
61841
54749
60750
63209
43662
61855
30165
62262
61155
44110
64745
37384
60022
41471
59657
32734
40647
55580
64635
60884
55459
58215
62761
59826
53009
40281
43564
62621
52486
50971
42446
65696
59058
39670
38509
63954
62565
58985
60614
53074
50291
52141
63024
61472
61900
27430
62658
40062
60035
61730
40744
59566
60661
60797
42343
43801
59096
66154
59572
65749
62873
44432
60150
61892
56388
53545
60368
44954
59810
47943
52045
62475
60019
31925
61945
59310
17658
60795
42292
56647
55016
20483
40996
59174
46707
41814
62904
61694
62976
60367
61877
48603
41995
42996
24564
63244
53503
50617
62574
62678
57887
62243
44206
49150
62894
62229
43120
41171
61608
61459
60407
48277
30174
61739
61002
45463
58940
62022
51378
61524
41277
61337
66159
60250
62681
44125
50625
59320
59080
52913
48733
61495
62374
61624
61376
30521
56305
58807
59589
61774
14239
60682
45965
61450
63222
62538
61396
26100
46877
61099
62447
50210
58772
47010
61744
49129
63824
61368
61483
62231
59294
59277
23360
33496
54657
53541
63703
63503
54904
43535
59094
60004
61019
36818
59667
27706
57488
64452
46607
61325
54890
59157
63096
49905
61876
60105
60323
60020
59310
39838
63126
23798
62105
55915
39981
62023
38488
59037
63049
64505
49742
62511
63834
61537
27215
23169
62220
61053
60863
60285
40716
48498
62376
65300
59820
62380
50075
40498
59758
61335
59255
46499
62942
47096
62798
61891
48963
18704
63585
45443
62430
60675
40467
63439
54458
49662
42502
61457
51515
62417
59426
64789
67316
63142
65694
62309
61182
52821
58756
61747
62609
38695
50759
63645
60021
63123
50406
42178
59360
43683
59112
39991
63209
59418
62563
61698
62082
51916
48922
61617
51413
61175
47498
61195
62191
61251
62005
60215
23410
41087
33367
38770
43620
64802
46090
43180
47978
39809
40695
57257
37514
63120
65435
60003
65778
49301
37408
56000
59896
65674
47981
52934
61244
64751
57600
37708
55824
57700
61320
61934
51413
61939
13449
59539
59760
57918
46777
50492
41035
64260
59901
42701
34880
64656
52211
59768
45407
42733
59300
59971
48218
59680
61654
61901
54220
60299
60146
40350
43882
37167
58162
43030
44337
58980
45768
60597
58838
59660
60372
59655
61112
46211
62131
61458
53347
49393
62295
56366
65815
49195
60220
55209
59817
63918
59945
59861
59780
54039
64787
32397
61926
43232
60629
63207
61565
59797
37141
63381
62422
65290
49284
59208
41997
38814
63693
53652
56015
61119
43446
58832
60931
57532
60326
56332
46107
49841
61150
51654
63529
35389
63764
58002
62605
44203
63354
36642
62281
53350
60294
59124
41944
57931
61514
59810
49872
61151
56945
65616
49125
61205
60972
61407
35220
47727
62951
60038
65943
67282
61852
59935
62960
65880
29529
58804
42233
56177
63201
25585
48414
58877
41422
40266
59053
60878
63639
62255
46026
40257
61496
61150
61181
58576
39920
61638
63085
57253
63041
61679
60269
59365
61925
46948
61658
41689
38272
37615
60171
63974
37435
40270
58592
59099
65670
50882
61610
62017
40994
53443
62415
63264
37897
59342
62764
57010
59968
54102
60381
60225
47664
54805
61458
61640
59860
57241
51851
64392
44740
35151
41678
51889
59648
47216
62392
60469
55746
60299
58662
62612
47468
55597
61706
61727
25828
60733
54017
31680
53939
63674
60125
61554
59371
54576
41762
49460
58613
63670
29358
60183
60646
41957
39573
59132
56814
57119
41163
61408
63135
63027
50841
58055
60840
59021
50648
61652
64318
51137
53279
61892
43461
43317
44538
41083
63163
44644
50122
62972
31533
43846
59561
53369
48268
56443
52040
54349
59913
60141
46467
36112
65984
40920
64587
52129
63072
41799
58658
62787
43807
48610
61610
40715
42025
60177
62961
55631
62673
61108
57114
59950
51115
55176
45479
60768
62232
60757
58790
52876
63160
62748
56316
62835
61404
61000
62248
55952
65793
62237
62121
58821
61942
60523
48008
64113
59375
59263
43122
57287
64834
39042
61712
53359
49226
61459
45663
65037
59027
60158
39328
61507
59476
27759
63902
61551
62340
42186
35112
61073
60375
51066
62060
60982
52041
61736
61157
47267
63778
63351
58791
43151
63014
62064
59384
50312
58891
62175
58875
60305
63184
52628
58038
61427
59514
63915
47438
61967
50395
47033
61242
42121
42094
59333
53978
59998
64172
62740
59708
61599
61434
60770
59479
42572
59991
41312
61401
58797
38807
61958
60323
64511
57381
16446
56757
57794
59741
39017
63273
56230
58808
64837
61363
60722
63230
48344
62799
41229
57467
43791
60196
23844
59162
61660
58305
52968
59919
59669
59257
62924
58363
47654
34762
47498
49998
55122
65053
61924
60550
58392
48759
60281
41254
38165
58582
60996
45897
44684
44822
65716
60209
58646
57011
61792
57890
60879
61537
59605
61635
63546
61538
59213
56205
60159
42724
31941
62838
60554
61514
60973
59219
60774
63479
63876
59300
59410
49570
67002
62870
44716
40438
21746
61891
60128
43253
59262
61026
62341
61272
59348
53826
64484
52402
47083
21014
50364
63006
59479
31842
49255
63081
62908
61445
22579
63733
60604
60220
59657
59111
55579
60098
60803
59730
62952
65691
37237
53973
63507
39865
53140
62848
52822
59772
61480
58007
61308
60356
52188
54128
57184
62262
62970
47536
60224
63394
53468
56678
63257
59735
43673
59452
45535
66666
62898
61838
58130
56960
55151
52259
63629
60736
62814
61688
27389
63796
38827
47320
60957
61582
61417
41212
46911
59743
45157
65336
55181
55762
62895
57093
49264
60460
61451
60869
59427
47964
56317
41863
64574
46390
50829
40175
59498
59197
63759
39114
47934
62823
63361
45325
62361
41744
62748
63056
53391
58780
54609
50767
42379
60882
59658
52091
54387
40401
50253
62747
61552
58371
29874
41724
56108
38009
51664
60611
51354
60079
61422
51162
60155
55951
58864
48477
66554
66019
61693
39052
61885
47137
59208
57490
60788
66133
61163
59517
61338
61652
43176
63943
62496
58172
61290
42647
60329
66167
60419
59831
65218
51524
37995
61281
50003
49005
58452
45195
63809
59899
46034
62692
48364
62952
41207
63470
61395
59120
43450
58914
61577
62487
62739
42559
59881
59469
63116
56042
53409
58719
46401
60922
51100
61468
64739
61059
62281
62320
49992
56180
64894
50553
51036
64115
62716
40778
61298
41928
42108
49480
63148
62829
61107
55391
58940
58118
61712
53758
54952
60599
59050
59760
58892
27742
60647
64513
55217
48564
62702
58688
57660
60211
61071
62739
51239
60559
52790
62358
59492
63281
49133
59129
61997
61749
61707
58183
45891
50033
60832
63124
26889
58792
59316
48314
59279
60477
62612
56554
64972
59275
66959
48502
64607
60743
44068
40526
53835
60526
54586
53285
61924
63106
58690
60069
28783
52204
59741
33493
38960
50212
59545
59164
41463
44665
59061
59760
60817
58630
51633
51144
58810
46598
47409
47559
50804
59084
62771
49168
31899
59519
23605
59283
20921
62762
43790
59810
59165
62024
43037
58975
53607
59356
62037
41950
51908
61995
64735
60714
55127
62753
63392
37972
42668
58982
62892
62069
42200
49389
27258
41509
43644
60793
45241
38686
49675
64688
43066
59603
60568
63031
63193
62774
59735
10333
49782
61701
22219
61630
38496
59961
61489
55851
60572
44586
62079
40159
45940
62042
54864
55191
58643
63929
62245
59194
61377
45943
49278
48094
61632
60722
51979
48554
45402
50101
51553
42597
63278
61329
60631
62417
62391
62176
53949
42303
61811
60103
55841
47813
61474
44230
50813
27681
53481
29268
63140
60679
54376
38046
49746
62818
66408
61142
60686
65711
48312
61750
61450
60465
45765
65312
57257
26281
66009
60193
51092
65978
43586
60902
40987
42244
59993
62884
49117
45648
55875
59601
60923
60984
60412
59268
63974
44293
63973
56075
60674
57083
51805
60338
28115
62723
62996
50513
25729
45904
44506
62370
58672
65642
66535
55642
62753
58622
50234
55703
62191
59480
60037
64423
62440
59365
60823
64764
63506
51543
60392
59336
60074
61352
50317
42397
61368
50712
59578
50628
60736
64718
63456
40049
60181
39013
46176
24152
61179
59768
49334
60174
60778
59064
59105
45133
60677
51226
31627
67620
61801
55308
61490
60111
52628
60575
52887
62034
62125
46711
64281
63219
59309
62154
55953
65906
62128
56656
62532
49160
65968
62250
44777
59050
59586
59238
57328
60894
45989
57030
41655
27351
60056
58523
61938
61822
58828
55788
42670
41105
50958
62258
67003
65543
65721
61785
58500
30138
49870
65950
53790
54672
59320
19767
62766
54497
61493
61910
59568
60036
59843
61146
60678
56038
58586
60292
49097
60871
63274
65232
66333
68451
47452
55357
58072
61117
61540
44217
60677
62655
66468
51842
59965
16251
11424
41684
59988
61557
41425
60180
42255
58762
59252
45429
49413
61679
59688
55047
45655
62996
61396
41825
44966
42401
60068
62696
58955
63298
50595
59612
47212
66746
58868
61398
61894
37768
59920
65481
63096
42210
39950
61710
59537
46580
62630
53531
62185
47757
49998
40002
54691
46501
50979
62473
53145
46338
41367
51453
64138
54968
50449
58835
62725
63065
59546
58851
43267
63493
42136
59039
59775
62913
61098
62551
56995
62553
59279
58102
63884
59718
59571
49020
48424
44044
30199
60137
60736
64819
61816
59283
60504
38862
61494
45393
63250
52430
60883
43014
60678
64184
48588
62397
54438
60272
58217
59443
50298
59388
46627
29196
53945
63126
63078
58688
41569
59773
62943
56811
44057
49214
61589
60605
62495
34377
48086
41658
56661
65296
59887
41829
61332
38858
43902
47541
62311
60853
55888
42395
45617
40212
48310
38335
37680
61257
61116
53462
60287
49612
64228
37261
23457
61122
63096
59215
43436
49251
63713
59182
55815
63702
63054
40565
62455
40309
61710
42972
44671
53400
61266
63450
61961
51305
54621
60909
60591
59780
60517
65517
40829
62333
45482
66473
61779
50090
44357
59166
63197
61714
15007
63411
56559
56721
41743
58978
53031
45111
39045
67580
50183
52007
42416
55678
62846
45996
58982
63177
59553
65325
60614
63255
42415
54471
41028
61917
59788
60493
50576
59063
62755
20861
64703
59393
59100
41767
61142
44390
44647
60078
59487
58325
61190
42124
52832
52021
59083
62540
37246
50986
49032
46991
65582
57780
65636
60884
63129
63066
61470
59665
64276
67132
64312
59787
45834
60129
55084
47569
35508
55660
61182
61694
50969
52130
59426
60922
63475
45748
57644
60327
63957
41054
60598
59982
63271
59890
50652
48896
60579
62217
63241
65688
62099
65908
61277
61662
51906
44439
42523
30840
49992
60928
60766
45183
61866
58725
60182
39944
39897
59967
59706
67285
51426
52893
48764
56108
41787
32183
42494
59690
60709
51559
58808
49499
40975
53744
58672
48544
59705
58819
63364
46126
40280
39732
61352
62334
63850
38905
64978
65957
61402
61014
62518
41002
60360
65232
59186
61712
50242
59978
43589
41359
60711
56696
59216
48802
62655
40235
24214
60601
60068
26679
54068
60038
39420
54399
39649
54168
62012
59602
42904
46355
64143
52649
65506
49978
41021
60547
59213
39030
66835
51180
62858
37970
54596
64639
48813
54827
52474
61019
58958
48540
54902
63346
52493
47724
58530
58276
42431
64302
65441
63284
62453
39979
65833
58715
59000
60342
59562
55245
61516
58519
38937
44300
50220
63074
64980
58983
62824
60441
51379
60428
53482
49290
61318
46951
51035
60724
62402
60401
28692
42417
49659
61667
42548
47560
63441
60776
62609
54817
62925
52979
50286
50430
47053
66726
59827
60008
61604
60522
60903
41241
58959
61228
61834
59415
53694
39458
48220
59587
41495
61992
43993
60464
61007
51179
61009
65739
27974
59703
23978
61021
63878
38771
42168
48952
59672
65862
42920
61555
54292
35928
58691
51252
62346
40435
63026
53460
61043
37423
66537
62771
41963
31521
58829
40289
68575
36951
62305
37747
56475
60643
61579
51959
40288
51336
62955
40172
52720
65272
64987
45323
46086
59258
58614
58990
60827
65217
29667
49443
61105
50936
59746
61779
58740
54456
59650
49639
60617
40772
49674
46330
40539
59684
56645
50922
49280
29795
60129
59286
62929
59825
52679
59252
65259
53819
60234
61510
62198
58827
45684
46791
62910
63516
34778
62615
63423
40973
58286
54950
49359
49734
54622
57379
61295
60369
41846
46705
60825
46209
38573
59213
57014
50028
51915
45104
59702
54586
61989
39973
65739
38896
50066
61784
55310
40335
65014
55133
57907
52455
52803
46820
62242
62456
62026
62809
48636
59468
51475
61990
56070
10664
63205
62159
31104
65692
59770
46184
59773
54310
60621
59844
48076
60308
59777
47162
62263
61952
65291
62218
58680
28598
44766
61107
30523
61724
58956
60988
60206
49256
60884
51287
61225
57239
41675
41159
39661
62037
52592
36641
59753
61528
53567
63940
42438
41964
62073
59229
51271
37806
49899
10268
49822
60756
62406
59749
59793
62809
45869
61247
62125
51929
62876
46091
62519
45111
56623
43467
64168
55344
59030
60440
38238
31434
59626
62231
65378
44083
48314
52619
60884
65607
61335
59138
63791
40116
58767
45404
39880
62682
43333
59612
52732
64145
40558
47286
54633
32400
59393
59049
41850
48834
61923
42731
60882
61962
37464
61723
58993
62134
54993
62381
63720
60587
59719
62758
46211
53573
62812
64466
41953
46042
42947
62840
59303
61759
56446
63331
43088
62616
61069
60670
62663
62199
47459
60061
57074
60285
62143
56010
60822
62277
59649
60235
62339
55228
41220
50573
58802
57276
54787
54863
62482
47511
49562
60728
59966
61623
49867
60636
59082
41158
40093
63922
57028
65148
56544
59002
50126
56606
56618
62406
60684
50581
62997
62619
56718
61967
60951
55187
62464
60063
58023
62096
62397
44972
62891
53256
37194
59465
63655
61056
65544
62799
60086
57875
53602
43103
54247
65135
63334
62010
51959
58513
62657
54563
48530
63296
51517
64227
61633
62751
45719
62347
62892
63315
42697
55871
63767
63625
44697
59076
53976
61595
47377
62893
53993
42884
64264
67070
61442
46621
53937
41452
62244
43992
51641
45545
59826
43921
64370
59646
50992
60377
39050
58150
62912
43090
53850
62867
47373
61988
65184
44922
61174
56566
41288
60629
52443
54435
42723
59622
60200
60669
40904
62510
56903
61103
43361
33507
49535
42034
63199
62552
57167
53623
59610
45957
46080
46919
42079
62928
50669
35208
53803
43155
60658
43897
52464
59051
64574
40396
40701
53659
40666
60267
61557
59114
59276
50336
65442
59313
61700
59675
61848
59199
42455
53345
42323
58404
42706
53599
41236
60090
40207
60833
46335
60205
62033
63302
58794
59779
48932
43120
61668
60949
59281
60709
65217
56459
58924
37082
46672
60584
62691
63340
55376
60164
62579
26884
50325
55331
49649
59222
64745
51199
64609
61492
63294
52814
57643
58607
53227
54071
59514
59319
61842
64189
65708
59578
59250
59918
51373
61337
63100
45215
62328
44105
61800
46153
62101
61634
61815
40710
49198
53660
60226
50992
59825
41952
32947
63847
39628
40117
61780
61490
39934
57409
50998
46797
49859
53138
59028
61084
59772
62045
47698
58699
59016
47203
39610
58683
60349
64981
61291
46777
62798
62589
41941
59944
61079
65564
59619
63385
65842
52013
40890
48119
66008
48870
59354
55053
28488
65238
63310
24292
42328
61246
63210
43316
59723
62567
44926
50515
48087
60011
43568
25204
45146
49860
60084
66580
59412
60646
44789
51239
55651
58270
7498
62959
55799
59616
50472
62481
59125
57565
46769
62386
24559
62102
51597
59088
48774
46946
45607
53962
47906
46470
34403
64733
61509
60127
64719
40664
53654
59692
37444
55984
44552
52758
61785
25250
61217
47712
63366
62671
58683
60998
51298
41783
62163
58105
60963
65897
55932
62087
59504
63958
59204
62598
53114
33066
61939
53344
41236
61408
58999
46518
61718
59359
40014
59517
58263
59985
48528
59649
50955
64611
41801
63999
50893
61706
59471
45787
45196
40237
61272
45598
59629
40552
65364
65423
50067
63241
59153
58749
46042
36996
61642
65436
60873
55318
45409
59836
48069
62690
48736
59091
54882
38715
50991
59175
55508
49779
60669
46448
54842
41047
39853
62527
41354
44906
59193
39093
58837
48697
61563
61390
49998
57997
62462
63032
43680
64951
54621
58809
46068
64226
59722
62698
40532
59442
62771
39716
63150
43134
47739
59660
60351
60240
36366
61268
38070
40981
60840
59691
35445
58280
58097
65227
45970
63731
66064
62511
61926
58908
59551
60100
62006
62214
60329
63280
62795
62037
61172
52124
59985
56782
60940
58783
49103
59607
62189
54561
62478
59321
65880
56507
62691
53473
68178
60317
62702
59157
51811
22186
51065
59689
62771
40261
60875
61040
39985
39206
51968
60699
43276
39279
58746
60775
61055
58737
65288
62482
63264
52585
59831
38796
41921
59165
61533
63258
58818
59929
62911
51415
62183
62741
22090
54151
57620
48260
59063
62700
59810
63490
60374
61151
50971
59306
59105
57269
63370
61748
57137
61108
62865
19886
52524
53011
52235
62402
40369
53516
61646
57907
59676
60531
62829
61740
35925
42962
47996
63158
36487
49820
34166
58967
46153
61070
64127
37047
59054
54249
61517
63756
43618
61359
51407
63719
59034
59980
45203
63717
60271
66576
65602
47472
64769
39674
50043
62699
42205
59516
60656
63157
22034
64374
64497
59105
37727
38575
62262
34015
65371
45512
40864
56555
53349
61868
62034
67309
61164
41919
61890
28179
49490
59433
54791
42527
61133
64249
54182
40240
63987
64360
41515
58086
54017
61286
50508
55315
60320
52093
61467
24596
60106
55677
47313
61914
46121
46550
61435
57230
52792
63527
63973
40277
62867
49058
62380
39434
43297
61297
68116
46271
65196
61243
44410
51873
60186
43712
59261
58844
61882
38409
62804
49356
61895
64402
60204
62864
44963
61410
54587
59989
61030
60993
44622
60679
37118
52929
45311
40078
60980
61817
52572
62273
61181
59489
54486
62986
63261
60711
59183
61034
52132
61056
59823
55562
47056
61927
45969
34304
61135
41323
55634
49109
64807
60769
42982
59396
63786
29693
59499
59267
45893
61149
62957
49289
52992
58864
61827
59374
61272
61920
58704
64838
59713
62801
65181
42456
60583
64980
44148
62159
48346
54066
66552
61258
56070
64995
64415
56887
62803
51783
59493
39070
42913
63494
59093
63197
62401
59595
55260
36705
62934
60760
41057
58680
59782
63821
49765
61895
59842
66855
60961
60346
41675
62645
29393
53106
61380
33028
53755
62221
50461
47994
56413
59286
66395
42185
56680
61069
61083
62074
51047
58331
64865
53699
62412
58720
53648
61870
29436
62634
49819
58578
26818
48918
39531
53219
62884
41873
40749
59090
57949
41904
57946
58920
51673
56004
48272
51143
61230
62298
59105
67114
62602
55799
58982
39261
60527
61788
32372
60899
49747
13069
40367
61017
67576
49254
58967
42897
55083
63157
61632
63998
42368
59603
60745
59716
60917
54232
59248
51600
58763
62347
59069
44347
47879
42897
63275
59440
60268
47384
65000
63780
50472
49582
49063
26470
46139
57333
56534
50959
60932
62991
56703
60863
60621
40982
62830
49083
54852
36643
43714
61256
58832
58958
62898
59368
42040
61064
63065
59691
45858
52889
59532
61378
42210
60741
58837
60671
49124
56188
63217
40744
54319
54778
46297
59017
62528
40498
46023
54090
50377
61788
55149
52525
54426
60933
61448
35552
66080
66771
56892
47042
40874
49358
12783
65523
60560
51278
60769
61606
44661
45720
41404
59098
62594
59865
45349
42129
50613
59177
37123
61722
61182
61066
47310
43647
64673
51161
64864
64083
31212
60067
56982
59219
65124
62768
50967
59502
47288
63590
45104
60911
59198
51378
58090
61834
61429
59325
61297
62665
52607
58372
46858
62713
60877
60195
62128
49911
42047
62378
59898
40064
66113
60199
39657
62806
50312
46200
61562
61374
50265
60533
61926
49861
59506
63055
59291
62812
61720
64196
63127
43612
52265
60753
36229
58673
49697
53222
56892
62346
52907
53145
62186
62545
60003
24793
55660
54568
55792
60447
53594
59920
60692
58573
62481
39746
64677
62077
61999
45367
62749
56279
48730
40563
62228
41489
41665
60751
21892
61520
59057
59488
59379
62283
41557
60736
45219
53780
64637
39955
48873
54335
38901
50113
65094
59783
47593
59153
47790
60342
59310
55414
58874
47450
46851
37980
60297
63994
45011
66928
51587
53833
39600
48743
61593
59189
51995
62342
62570
63018
62873
59092
38055
62117
58772
47699
65788
53839
59196
50447
62809
45267
62766
61117
56543
59551
49206
37505
53245
63044
50977
62435
61242
52688
65305
42516
58592
65849
57289
60165
62857
59674
56696
52628
63301
58579
61205
36509
38042
61216
63463
58957
61636
60422
62129
41228
64038
40057
56270
37386
52606
61347
60527
60448
42699
58991
23905
59264
23442
55141
59972
63060
47192
42491
58527
58776
61573
43376
65843
50302
44009
41227
62572
47009
60490
61023
42005
44261
63253
40598
58792
47757
61812
59655
42931
63897
59259
60800
62476
63449
48912
59881
50161
59535
49076
51171
60774
39924
61633
53316
46542
48812
50086
65380
62205
39099
57129
47250
58780
62932
63397
58922
59553
62741
60104
45471
55975
41529
54716
59650
62103
58988
55827
43633
22505
60876
63239
46489
55913
61723
47276
49756
43859
53636
62314
52655
59389
62216
65023
65020
62092
61917
59746
60566
44083
41404
59603
37669
61789
61258
57439
68970
61740
26579
62101
63363
59270
45194
61835
46915
46233
64423
62765
46777
63099
40266
60591
62591
63666
46397
59878
59719
63316
61552
62895
63206
54709
44757
62321
62719
65846
50933
64231
59212
49322
61292
49845
43857
56657
62752
62166
48442
24754
56991
62988
60479
42688
46195
64228
61914
47942
59459
48241
59852
59482
63081
44108
64400
56692
38379
57211
64548
60415
62355
35147
61414
50274
62873
44088
45651
37580
56396
65529
57199
52206
60450
51292
39694
32999
61347
41682
56605
61202
62675
60107
59862
41059
37539
46136
56819
39073
47413
60165
59380
63406
33669
60032
60780
62461
63146
61780
49422
60355
63258
59628
50145
28021
48658
59027
60090
62392
59505
52565
55764
60067
61324
62440
39802
61970
63324
40895
58871
61883
31673
63311
40851
60739
61796
38293
44956
59643
40237
46306
59497
40924
62768
62288
50352
58742
55536
45868
60791
51299
45557
60082
41054
61375
58802
61728
55648
52360
62536
26326
62249
50080
59455
60549
59552
60269
59340
41012
64865
60048
44689
47963
61272
63341
60770
60889
60590
64523
53655
42576
57654
63003
26656
59522
63357
63389
62426
61270
60976
23627
58867
52500
58009
42980
51990
61060
41054
59344
51183
62074
53945
48434
59290
53981
56220
52137
61416
45688
63574
49868
58834
62829
62038
60626
50431
44531
42337
60284
47129
43908
50557
62138
59114
61023
46724
42660
42171
61577
59564
60085
43052
62727
54120
27455
50055
48596
53722
60060
62445
63312
62890
44397
59464
60751
57427
61901
49880
62003
59961
44147
62690
59341
56134
61366
59118
61853
33607
52146
58919
62491
48418
56477
61476
44111
66449
43829
58943
28320
64284
58953
58955
56351
62191
55384
62382
61564
61872
56031
60612
62003
62882
50684
51649
59090
60634
43215
39456
57526
51873
60876
27222
61055
61681
65889
62930
59547
51763
44420
56194
60325
47781
63715
60274
61293
36507
60496
39812
64898
61592
55101
49775
62333
51396
45631
44646
63877
44824
59865
42484
60531
40062
43536
37460
43678
64569
33280
59808
62777
37479
61121
61754
58701
53491
60973
62580
61632
48586
29568
63029
63220
62787
45146
63151
44092
55421
44475
54975
56399
62061
43420
30410
62318
58452
60515
62457
49401
62219
60623
42273
58909
58928
61198
58353
60241
60234
40863
56182
61768
49895
61174
61160
52423
59357
61104
60745
56922
60227
59094
62685
59402
43821
59462
58661
50939
63168
64722
54398
46281
44852
61774
41969
62557
58513
56001
27619
45267
61462
60956
58399
56630
25419
47942
64142
60248
54826
60366
60313
59557
64789
38361
45811
40140
37233
58673
59588
61629
58474
63158
60140
59854
62525
60939
61581
48797
54160
63234
62852
59726
58015
41382
45026
50174
53026
61547
59556
41484
39852
48514
43718
63145
61649
20614
51218
62254
59605
61268
42121
58787
42177
59503
62244
64361
49028
20734
49439
62017
46955
62909
58625
54944
60354
49689
61048
44714
50000
60156
40300
54861
61281
61345
38648
53448
60755
64388
58707
60025
48902
59194
62624
45382
65661
59244
62763
47369
48847
24673
43913
59717
49943
56422
61182
61085
51131
46314
61886
62204
41405
42198
61759
64742
59627
61448
48054
60620
62148
49079
42325
63478
60204
61488
36153
60479
47477
46448
46838
48900
62300
47169
62792
59214
60193
23605
60625
46892
44165
62812
65243
53861
60789
47242
62853
60588
49943
54642
59291
59344
59211
40153
45544
64953
48007
60743
61673
54038
62716
59579
45846
60091
65128
61339
59784
59955
44401
62273
46342
60690
53259
60616
47290
68363
60919
62108
35000
57236
66963
60100
58729
60932
43648
40169
60867
59617
44407
62864
62304
46773
62180
47446
55581
59468
61302
63468
62966
45452
60490
64463
41845
55669
44190
61738
47656
64843
49594
63052
59832
60766
60276
39363
43878
62058
62259
46429
63077
63324
63452
56900
62295
65370
60935
58906
62108
45102
44412
62958
64173
45090
45702
58588
65206
52289
46355
67554
47628
46178
57925
46967
54517
62224
59697
62293
38517
54940
54107
62526
55566
46881
64337
63144
40197
65553
62830
62704
63013
62246
55566
66695
60324
60372
42837
58522
62415
41948
60272
62373
63765
59918
62162
37430
42664
44484
61997
59781
47456
52464
41368
62074
61228
58847
40779
55099
51168
61084
45109
66859
63173
62851
38382
60362
48980
59072
62658
50796
59413
62705
58625
65671
37798
40684
60974
62302
42414
62170
39585
59625
50549
62517
59731
58966
60724
56015
60645
46061
60143
60173
49232
64531
61491
60371
61385
36140
57401
41570
58963
60595
61218
66667
63029
59536
55388
62676
61284
41427
59589
50563
61901
59151
23690
60868
45163
52337
62157
55590
52466
46248
60512
55710
59186
48739
50020
62158
64924
60354
64645
61008
63580
42352
40694
58620
62528
41592
61406
51219
61730
61836
43368
59995
64025
58757
53337
63283
62453
40461
60567
53527
48992
65385
60327
35597
64459
41086
36234
62136
62273
60048
59750
43993
59505
56081
59377
60540
53271
62260
48637
41893
58110
39175
62366
56382
53944
28646
66095
54025
51387
38530
61917
64392
60965
46297
59179
60976
60439
58963
60991
50376
52553
43159
54799
59479
54645
59393
62049
19179
56441
51358
60726
51215
48951
48629
47397
57959
59122
59317
39342
60845
53073
55128
41452
64678
62312
58591
40308
48873
63497
60886
41261
60936
62243
41826
63345
62880
61834
57151
59902
37179
62131
63352
59474
52887
58166
60863
63436
54148
64333
30728
60852
61581
53213
61509
50487
58324
57590
38396
67078
54455
51869
63928
46870
60362
63746
59927
62075
63781
35623
44783
52243
59859
59330
59322
62040
45931
41105
58641
60342
51085
37085
62175
59236
62348
40939
62496
59031
47278
27825
68140
41180
51465
44702
58527
48910
38615
59845
39350
60438
65659
65473
44400
49435
63308
51966
51908
63590
58318
62775
61458
62341
43141
67306
58533
42824
53540
44257
62397
60517
64499
55832
59780
58784
64301
61869
61654
59858
64377
48175
67167
63071
60599
59400
44568
61509
59751
60301
62506
40133
58901
63152
59666
62391
58720
66777
57826
62288
49759
45317
42326
57959
42950
60195
65216
29893
62978
55156
39428
63421
39906
57648
40790
59266
65094
62633
61781
61982
62320
46657
56458
39069
42871
59162
59176
28645
53168
33717
61468
61954
62203
54349
60059
63189
61486
60698
60646
47533
55414
60852
60446
51821
57810
55799
63264
62410
59790
51352
63027
59548
58829
49370
59398
62514
59196
60039
62975
49562
64264
61063
61584
40402
42897
65291
61951
56945
58407
60240
45514
40461
36879
39797
35836
54546
38266
60553
59243
55103
44229
59015
39332
60830
63251
62166
63341
60692
58851
59768
50291
49630
40851
46710
63264
44406
62687
60978
39826
61010
61231
41324
46738
59921
63222
62306
36991
60882
65183
61364
57957
65884
60290
59284
58908
61937
61860
25776
61498
60297
61664
64115
27300
21126
46656
63006
63001
24901
29665
60203
62999
43920
58374
63197
58960
44499
59123
62241
62614
59618
46136
52529
61514
51563
61819
62299
46465
61778
60562
44761
41420
46948
57601
49357
45474
61937
32343
47382
58272
65178
53456
64194
58938
53603
59715
45719
59928
52655
39799
40690
56996
63119
63132
43499
58368
62910
62551
59382
59849
52660
50389
58860
64938
43972
58656
59114
42675
43974
40789
59193
43082
53918
48149
63064
63470
61756
59739
63483
58036
60436
51432
61985
45422
60357
47626
62591
56516
52228
61822
52470
42589
60735
60588
46369
63123
38680
65644
59826
58748
44462
45513
41844
60655
42570
64449
59585
59440
50947
60473
58679
53618
53174
63635
42043
61970
23926
46231
60299
62453
63686
56278
65394
58647
63734
60066
60910
66657
50510
63355
61872
63152
61286
59975
40954
53544
60272
61316
60213
59204
62328
63994
59025
51235
45639
46914
43988
53619
38471
62370
63027
48462
60175
61113
65448
46646
63091
62096
59082
60678
52534
62936
45321
60106
52765
55766
46224
48406
55325
61038
50441
58949
60167
46443
60123
62245
47295
48699
48809
60455
62224
63230
58722
38276
58597
49947
60798
59609
60801
44391
26547
63541
63243
60772
30759
60889
55462
34854
59095
42964
61180
46275
56253
20872
66443
48423
63984
47536
56619
63173
45340
50176
60977
59789
58158
62015
32234
58961
60730
61811
62191
60576
65244
52700
64882
58419
58797
61755
41304
48968
65030
64018
61890
50522
47788
49514
59803
60633
39993
59846
43558
65266
59279
60191
65209
44019
58720
53433
57457
60595
60317
61820
48859
50031
58978
52313
60742
41884
60213
62067
52846
65413
32889
50184
62281
65054
44883
49448
38476
59615
52688
44174
58158
45267
63815
59182
50695
49022
61849
61916
61934
39630
53852
50148
62282
68391
51067
42453
59260
62710
62550
60464
52617
31064
62764
63295
56810
54733
56925
44019
61562
60782
55369
58956
34805
59657
64101
48405
61952
60149
25282
62421
60792
41126
63344
44295
57831
55158
55973
61261
43889
61633
59345
51969
61337
59846
49809
62886
60874
59362
52701
63468
61322
55622
38347
52496
42320
47972
62713
59973
55394
60894
59650
55841
60750
33273
62301
61942
52933
58892
37390
62840
48346
62210
60049
58920
35993
53556
59839
57926
64739
57893
60317
55213
40155
41739
61079
55518
62325
58843
62861
65831
60897
61857
25885
43104
62157
59088
58791
40843
63581
59439
62803
58885
51404
62302
49773
48260
61282
62719
59825
61775
47061
58557
54367
54504
65243
24382
47099
46085
61559
62890
34630
60167
54721
44712
64339
36228
60106
63493
43859
62431
55736
58689
39062
50738
56139
54452
59302
26554
52963
58638
62027
59736
40982
59546
61232
42752
65212
59389
60167
58675
45558
55339
39870
53141
65195
58979
53988
60225
59204
61608
37482
45799
62465
45945
62234
61907
59612
58931
59653
49223
62358
53470
51158
64048
59615
30031
44876
67942
43255
61108
62079
37968
35300
57195
59200
59962
59503
62905
50048
59665
56745
39555
44899
63786
39521
50421
42840
59165
36170
61361
61861
39320
58919
59431
64317
44515
53415
60145
47467
59035
61435
52128
62335
43609
59445
44259
61455
59680
61309
47452
61767
61203
59324
63288
41523
46699
59374
63252
56990
59727
62933
60808
41105
45128
62330
59288
60976
59483
42555
45922
64668
37019
61358
61487
58289
59916
49326
43114
61112
56750
64373
29098
59530
63131
49880
62062
51897
63360
64151
62709
42643
46159
38993
62078
60751
68064
50801
61677
62086
57296
58422
55375
55693
60995
40086
49663
57032
59819
62623
40551
63244
59778
36065
61990
63524
63943
58734
39885
60434
42055
59239
38927
61256
60934
52022
59520
59715
60946
59011
60706
62763
39813
62316
63716
44311
58753
64647
59874
52667
52846
61998
59134
59573
61959
41495
45802
62416
61105
59744
60500
64906
57083
59590
52185
46433
54794
59370
47205
52212
59805
62410
61254
44978
61420
64114
59096
62821
45275
62129
23340
44164
44813
44565
39561
66123
41032
58872
61783
59658
57815
50653
43788
65574
52099
60029
61849
61464
63089
60869
58960
64537
56523
36508
40099
61647
39601
54079
62421
58384
59239
61593
40878
64358
64335
63006
61654
59840
62582
42738
65436
45269
61690
61906
59872
61574
62490
57494
52867
62861
62110
62165
59938
41349
59846
37606
62846
63494
61276
63784
51714
48323
61529
60542
63236
63056
61849
62243
40741
63812
46197
34693
55174
60307
61585
62674
50321
32826
60622
61667
44584
60887
62283
59377
61419
59607
59866
63229
61694
51144
16586
57738
53648
59625
46870
63236
44284
61202
59769
60981
59676
38056
59286
59468
57287
62269
49611
59750
59510
61867
44609
46360
63276
50032
63744
61670
62917
59979
62726
60416
45532
58119
58848
23989
50441
62129
43254
62508
63576
55574
62634
62027
40300
61637
38489
65615
62790
59360
65039
51753
51693
50640
27196
52153
57591
56481
63197
50707
61398
59536
42036
49046
51048
56077
60299
64424
59609
60124
51696
64701
61947
28969
61375
62543
37141
61556
48071
50357
14501
57184
56776
61908
49777
42827
62109
45161
62583
59163
60657
53860
61966
59598
50859
62556
60030
59703
37626
60733
59317
61016
53583
64668
44241
60382
62858
43433
52358
60037
34694
61383
62189
39644
51447
51788
51325
54112
39010
60356
61452
62733
55180
43363
26655
45266
61232
61305
61977
62791
62003
43609
53497
54785
57957
59425
49617
59642
62371
44502
56114
60966
58657
37329
62332
62215
44755
63973
32098
38875
44478
61133
51634
35132
59616
62422
58854
60659
66266
54696
63377
59161
61727
52155
60187
31965
41970
45764
59244
61632
59487
58974
60332
40329
63122
59120
51387
40415
63780
56853
60631
40892
35009
59170
59145
32206
44976
60940
61566
43495
58852
63178
62416
62653
49672
60939
65484
45538
64295
54211
61479
50191
36782
65704
48791
50121
61774
61316
13596
61487
64871
61663
62128
64393
53814
54682
60475
39571
59731
60772
61417
65909
31298
59612
61613
53326
62008
60745
60183
60738
65130
28342
64968
54722
63585
60858
60650
61590
62370
61230
46095
39981
41456
59194
47293
55410
41089
61788
62433
43063
61110
34135
47587
62693
60107
60147
64166
61507
61316
52167
61242
61658
41783
48834
57528
48507
41906
28223
46858
61990
31220
62637
51941
60562
23655
58798
62916
29812
40787
56175
63653
59154
60213
48948
58130
46549
45157
50758
60738
52637
59674
51745
60511
62740
61862
50923
61112
49398
39955
64183
53555
39518
51801
62294
39988
23686
48673
59572
62219
64520
65736
60564
53071
62158
63055
25001
59254
60675
62364
37773
63989
48581
54831
59075
63209
62323
62594
53458
57006
57025
59395
43806
62558
63462
43058
60223
62274
60850
33089
64927
42936
58341
54681
60654
62584
59684
59551
40343
59505
57083
63439
60406
33918
48793
64971
64044
62145
63993
36118
61279
41523
66325
61811
52478
59001
60664
62350
60905
58089
65353
60505
43768
39406
64495
59919
59234
62958
59264
60590
46533
61797
46866
64560
59349
62894
58926
58656
67350
61576
64881
60377
50129
49102
59620
44208
40849
61839
65794
63232
61077
40791
23169
54996
43596
61580
60883
57603
53727
29348
55823
63461
42158
59587
63389
59256
54271
56701
16224
54548
63646
64284
62835
60245
37322
64688
59427
36511
63412
59155
61868
62008
60869
49712
59616
61171
60656
51300
48764
37208
59069
63135
61199
41682
62607
55461
46196
41807
64999
59316
62717
59094
46575
64688
60289
66292
62486
49872
55134
39586
54254
49833
54523
54079
61199
36966
57035
58715
52900
38147
59288
42505
56108
37121
62553
59112
61726
63297
62853
46730
59669
45462
60672
63036
47595
37675
59557
53720
58106
67000
63829
43960
60069
65761
59393
59158
58020
59021
60810
55201
61497
63135
61120
60074
61852
43937
40619
40716
27603
50505
48974
42659
60566
62131
62472
50079
60924
62201
36315
50864
59374
62376
61256
62776
63294
58967
41670
59598
61788
57449
47762
59997
61704
49725
61777
53350
18473
58126
60833
60967
53321
62391
59086
58313
52491
62132
59201
58707
60877
43375
46841
48276
53907
65796
61786
51292
63146
62542
51622
60648
40806
41417
39904
38364
45777
61952
61083
63263
63036
25304
45329
59072
49214
53497
62199
42414
61744
64801
60415
64718
62107
44861
59334
64909
48049
60138
63588
49450
50100
62372
61727
62589
47716
62102
62742
62517
52261
51644
62080
47414
60799
57362
63097
61599
49526
65783
62418
11234
41573
59780
56118
60842
58339
59858
59053
46145
62491
59997
48427
61159
65273
59866
58779
48656
57934
61864
50188
60858
42838
64125
47342
51017
58777
60251
60785
53669
53968
24790
64703
51741
30333
45609
22787
65673
43973
43503
59823
65733
61664
48671
48058
59012
59329
46095
62489
62455
54964
40013
60659
62279
63365
47524
39938
46953
52752
62401
43989
59398
59801
50521
61542
42065
60188
59351
45138
58287
61039
63223
60977
54019
62535
50002
39975
61325
54938
28513
65355
42252
55884
61667
59855
62845
65653
40302
59747
64138
56566
68467
60635
43499
60482
60157
53307
58238
59847
42936
37098
58796
47841
63476
44302
66392
42852
40844
59826
59950
56159
61443
56509
59897
53321
54904
52171
39847
62844
53699
64076
54613
42765
61873
60500
64592
58846
65462
65606
66088
64743
54900
45255
63213
57357
58843
51559
48721
51933
42099
62571
42115
59811
56059
60942
62865
60325
59533
56492
60959
60941
37855
62568
62767
46372
52084
61186
58944
61329
62235
52217
58795
58582
60983
65877
59837
59897
61563
45361
59944
66767
61827
61145
48775
49084
50163
58591
59216
47625
64322
59703
62315
52603
62985
60469
59211
60251
60818
60958
39932
59085
58441
46771
46614
47462
60584
60475
61967
62199
58828
59121
53571
59915
57645
62077
55230
61779
61692
61219
58146
59034
64109
45774
55482
55636
56280
41715
61616
59834
53114
64993
53524
58791
61745
62095
60695
61771
59003
54143
21057
60102
48078
42486
58965
39377
64269
59070
48289
37644
29215
60199
42868
48645
60131
62035
53600
53187
59482
58576
48840
59935
50488
49521
37129
46212
37719
64965
60724
43586
60016
61454
59111
55386
59255
41650
62469
64953
52526
42661
62160
60646
59798
61516
39859
41835
59111
54454
60879
60016
59912
51841
57016
61289
44578
49005
62485
41389
64745
54565
62027
61415
58831
55897
64060
61599
57599
59144
35081
60076
58651
65422
58115
40152
60643
59256
64238
42000
61830
61332
49351
28531
48041
59516
39294
58702
62225
59798
59864
58764
41718
63739
42649
55789
59543
62678
52826
59080
56100
62779
65693
28498
62392
63661
59635
60394
63186
59877
61776
60169
45128
59810
54598
41220
51813
31324
59582
27241
62720
59476
59744
59520
38912
42014
59909
62544
62403
53944
61070
59943
61357
62170
59051
61114
60083
59727
62045
58194
61837
62308
61337
54819
64573
65213
51691
38388
38462
33907
40755
37310
59618
58881
30080
61147
60577
59745
55541
57964
60935
40231
60165
66908
60437
60964
63341
63405
56434
41748
53953
54550
59032
49791
60766
60248
63579
58991
60094
64712
59212
59376
45468
62770
43047
62341
51061
61872
43226
49851
61942
44447
49462
56528
42042
61383
62423
59369
40252
54148
63909
65532
61715
56629
54535
61665
54669
62263
57173
58822
44233
51206
60931
61250
46584
63078
47844
51942
21672
60241
50443
53584
65562
46039
62310
60391
49706
59720
60374
54433
56350
62809
64118
55879
62789
40849
61251
62509
59494
57743
61183
57737
60507
36938
63309
54065
64074
60676
60562
64449
46282
60383
59028
57019
45917
49605
62259
53740
45557
48342
59612
50409
59223
62692
59392
61654
60170
62410
64896
41300
65805
62086
43336
60264
61254
51525
60559
63336
58851
64057
58733
59140
60605
51079
56533
26737
59391
44594
61890
45666
60810
62860
40627
57707
52427
27157
62796
46314
55631
62575
59196
43306
61133
59772
29763
41452
47262
60580
59611
43745
57999
48262
40256
61194
63650
40958
61891
60014
60227
54144
59000
40391
43600
60174
61416
49542
62640
60376
30317
44160
51931
62897
56194
62837
59253
56126
60390
54059
49727
59865
55454
64530
61867
39261
65347
59339
64988
56201
65707
62918
62571
63182
63326
42364
61740
56035
41379
62547
52322
61379
61735
51100
61498
56472
62825
47302
60897
61161
65494
58764
40962
39773
46109
64779
44006
63662
62605
56559
58948
48954
47571
38036
54285
51922
40099
42194
37765
55607
61755
63840
62419
37901
48873
29618
55205
48338
60403
57165
46712
49755
61753
61718
60777
42386
56381
60945
48847
60343
40795
49350
42072
15179
63193
59594
47710
61929
62368
63240
36907
62727
14570
63157
62309
59036
65366
52719
62541
59394
59996
57185
60164
40914
61929
65577
48581
59263
63133
59662
63264
59960
58583
53859
41343
58698
60650
61730
60677
61386
41925
60579
60245
59404
59683
62109
60894
44468
22583
38515
62229
64226
61137
54315
62149
52568
42598
57830
53450
29480
44238
54483
40153
60783
39794
48144
54423
60472
64195
55804
61810
61651
61695
61782
47912
63639
59854
37581
65367
62339
53779
62824
52154
61762
48765
44567
60478
52810
46973
59468
65282
59603
25634
57269
61218
61709
59250
59126
61747
51691
41840
39923
62361
56357
60590
44905
59527
45740
40895
60826
63235
62987
60037
60279
51746
38463
55028
51186
62913
61127
61694
59200
63271
52790
47018
60720
56188
61765
51652
61763
53002
42003
62532
55142
44401
51649
61257
59193
61198
54580
62230
31673
40144
61301
49979
43152
60613
46969
60699
55779
61687
62581
59812
58613
44761
60789
61216
58439
61100
58089
40398
60964
60429
58976
62224
31093
59159
42949
62488
59173
61597
46698
52573
61947
63046
46641
58021
58030
59985
56645
55981
56402
44903
63206
52546
45726
58853
62919
40595
49844
47260
64660
55666
62048
52217
58721
65681
62748
60425
61272
65851
43117
55529
59995
26443
49238
60733
60959
36610
49310
62428
41185
39958
61669
59065
62151
61824
61804
62832
62967
56774
39510
62965
61263
51847
48990
41498
47325
60729
30067
40743
37161
37525
48597
62307
62047
64451
46470
61588
62090
49806
54851
55546
59577
60119
41859
59922
65781
62100
61476
61795
63130
60229
60046
55314
51769
41014
40559
41681
55960
63674
60636
60872
59590
59149
38008
50794
41538
47969
61697
60325
45643
62083
46502
42820
61464
40943
62273
39541
48904
60443
34578
49312
50348
59959
26331
50495
67544
60063
61379
61134
41372
42967
60065
61751
61834
53557
61395
21403
41928
50205
60634
55162
62977
30828
56713
35680
59186
41062
52571
63053
63359
44510
63837
61240
61408
60353
65212
59357
37506
63309
51821
21864
37552
62260
47706
61288
62006
65762
64103
41320
59006
41756
42626
61722
66805
60603
58911
53768
63301
40314
58970
41213
55860
60360
60422
59764
58874
59985
65443
42985
59043
60388
62100
61058
57085
58993
59754
60931
60525
48774
41307
56746
42633
61405
59987
47807
65207
53709
43054
51846
64692
60221
59605
57119
58743
60534
61109
62880
53495
60035
46518
51347
62884
61191
59342
53944
60216
65743
54194
43696
39564
59167
64564
62022
54226
57817
59840
58502
53713
59337
64108
62720
40500
52040
59347
53024
48778
60913
40275
62634
59774
38090
60054
61734
60992
45214
62301
51300
46004
33275
42046
60965
54388
59906
33314
35464
53825
60878
63831
50202
31865
63744
46705
41303
35021
43070
61241
59419
42277
62481
58975
59108
59131
47912
61986
60726
64898
62715
59281
60262
61258
45602
57404
52232
54076
59514
50491
45310
62008
43949
63123
61012
48910
60372
63803
44105
34969
31369
47606
32658
45801
60665
44022
49420
40508
61513
42415
61271
58667
60960
63346
28948
45382
58840
58061
63308
52481
61970
46511
59898
62862
47820
57531
45047
55758
53532
62836
59940
57709
44437
58186
56929
61699
44349
63573
39616
59497
33631
48166
46316
63585
39526
64951
49920
56740
52369
53402
65280
43285
58822
61241
42535
44425
55099
53524
61721
50966
60033
60911
60391
53505
59321
64641
62079
45558
64798
46171
59203
64747
59866
61200
60396
58845
51728
53510
43011
60565
56288
46038
55603
58844
62423
63179
38998
39984
49549
59949
41466
50754
54278
50251
51101
52495
59281
61878
61406
48187
40048
62777
48070
65297
60220
53088
59156
49269
48883
62678
60195
55090
58488
45816
60446
51952
60430
28858
60763
45778
55059
60507
47625
65172
53821
32673
52053
44328
60389
39760
63908
52882
54836
40903
51582
36603
65571
63049
62901
60395
68190
62073
26109
28483
60028
47528
59960
59531
62924
51077
43451
60716
64726
40082
64828
60982
48788
47043
64343
37640
54125
59057
60335
64800
64828
65501
48873
38020
43448
62665
61704
42315
61739
60043
59749
61662
59759
64543
62700
52244
61100
61952
61001
46641
63070
45931
55547
24049
64576
62678
39340
52940
62957
64388
30957
22757
42150
63262
55653
38926
41125
36976
60887
60429
61792
60662
38154
61937
45006
58138
39677
62673
44180
47447
62551
61362
60770
58640
59106
56261
60803
40363
60127
60145
61705
43924
58829
42483
62638
47077
59415
63342
60907
59794
59244
59148
65653
59302
63862
63210
61085
44726
41780
46541
62021
26824
52337
59573
48578
55783
56915
65663
40362
44475
56080
63311
65712
61663
57394
53994
54847
65956
43509
62961
59831
48474
54204
56656
23713
43330
61912
62515
47760
60054
55830
63078
50634
64027
61381
61106
57775
48968
44429
45788
51727
63324
53463
59427
64775
42065
45543
52160
38965
59538
42023
63059
62065
50454
62908
52484
58904
65241
54889
61999
59045
58709
60567
54401
61916
53314
64762
48534
20308
63558
59982
60189
61838
59910
48476
64690
52538
64336
39502
59097
63395
64678
48604
37997
49038
61912
62006
61276
55547
65516
39766
59822
61081
62154
61931
65108
59722
58603
59450
27084
61858
49350
59827
61792
59785
60439
51280
51787
61469
60763
41826
60736
54000
59406
61198
45543
57938
55183
60277
41543
43434
51792
64126
59055
55073
41665
61550
51970
64012
54007
49138
64244
39779
62764
58819
40187
61489
46202
62499
55653
45238
61681
47405
42302
61057
64994
39973
61070
48663
60156
60724
60911
60246
65329
60143
62750
61247
58941
62049
61273
50846
63294
61940
61808
60139
60130
62658
56479
47540
54720
40250
61672
62626
51378
61937
60050
39934
61414
59257
61458
64699
62634
61066
38759
54280
62616
61125
39255
63131
60553
61049
62388
61713
59025
53249
64182
61091
45030
26197
50208
59813
60221
52680
58183
55420
45386
61322
62775
64719
61262
60252
52065
59030
53688
59759
38366
61870
49375
63266
59132
63114
57042
59360
60436
63623
64669
61288
57547
61613
59667
51399
58841
63317
61628
62616
31102
54321
63882
65347
64265
41285
65093
59722
63341
67004
63312
59071
46052
48423
53769
59399
27708
59625
40931
37864
46328
54224
62146
43464
60795
54143
54346
55608
66128
61665
52202
60276
54911
24209
44261
43036
42432
44974
62371
65247
61392
60836
39202
59315
60430
39767
56914
49790
52205
40608
52850
61930
62912
56281
49258
45458
59243
62014
62143
61084
40465
48061
64558
31454
59142
57965
55645
61901
33260
60965
41178
45595
58862
62920
61396
60065
62155
53209
62528
53700
58858
65047
61400
36470
58834
51318
62024
64238
49218
65437
49065
42546
62301
53911
61610
41868
60723
42588
43218
51429
66089
45003
40512
41855
47142
58724
61239
56359
42182
55716
59248
46672
52237
57208
59763
13220
53403
44032
63585
59677
50022
66297
30007
61833
61742
27414
61829
55747
59277
57133
62305
60951
64293
57651
48195
59557
61858
61857
59165
62269
59325
60109
39631
58738
39827
59561
58901
63047
66123
61024
57440
41864
63937
59920
63092
60580
56905
37580
61855
43365
60239
59657
63378
48821
59530
63362
62287
66885
59777
59687
54411
39587
52453
45301
58942
37517
51897
62830
61619
38959
65560
50649
59620
56818
63585
64894
61845
37620
50488
52812
59773
64890
40486
59623
60392
56336
61219
55820
60791
49659
42242
46693
42708
48266
58565
56838
40274
39383
62864
47096
61894
63232
50998
60540
50419
38412
58975
59748
60750
46510
59038
49376
59528
61842
51817
41976
59011
65711
60901
62426
44385
51673
49692
59006
65570
60258
59306
52685
65282
59209
59019
40933
50279
63830
60474
59498
59018
59375
62968
62127
62245
39873
42828
63221
56643
58600
58340
53873
61477
59793
49234
38856
38959
52458
43684
65518
40381
62964
61354
60962
61477
35248
42409
61083
61206
45730
57102
43511
63232
46559
59775
61757
48052
62103
34966
62717
54939
62892
18461
48844
33388
62758
58798
63792
55798
62887
48906
65866
57218
50891
60269
46240
49880
54400
65217
40750
41689
61611
61325
61847
55013
48937
47641
44675
62820
39199
37522
56074
62880
62035
56818
64850
62198
55614
43833
27610
56802
49942
57212
45224
58802
59882
62891
42766
59403
59526
60480
62578
62653
41894
29077
63083
59310
37664
42079
37885
60632
60807
60513
41285
58827
59693
62429
60399
52792
60377
61962
63101
27741
52072
38041
65017
42374
62356
49370
48349
47673
44144
31401
52290
63607
62344
42877
63259
45307
53228
61651
59057
61643
63061
45898
63014
62027
48732
59677
43811
60431
12699
45833
62675
53606
60626
55299
11729
59225
48466
63196
55836
51622
48093
51195
58832
43778
50059
59243
63789
41024
41152
62813
61395
62426
63158
45220
66744
62357
63021
59028
59080
36862
41122
43816
60982
46958
62446
63222
65975
45561
49430
62263
66589
61155
63783
61799
60708
59312
58819
63196
52680
39556
40739
47549
61571
59755
62077
34850
53453
63067
61834
42994
59366
50882
43242
59776
40819
49764
61602
24152
59524
45863
42257
61902
58910
63294
60077
61743
34847
60754
62451
60211
53266
43287
49443
53573
60533
65047
59140
56182
60562
61588
39787
64181
53281
47310
46642
49354
62505
63248
61776
24121
55870
47858
42210
64524
60314
61460
39125
59952
60421
59871
61632
45045
56560
53830
56241
55454
30604
48218
23790
62909
59502
48293
61304
40058
41492
63027
59245
58373
49755
41063
49649
59279
59640
61316
63191
62385
52441
40617
60290
61266
62304
31515
48624
60932
56511
47405
40309
40060
59962
65960
45251
62368
49080
52660
42474
42318
60465
58510
62727
62815
61214
67215
59567
61904
59349
59462
46531
44559
60985
59392
59451
60623
65017
56466
57396
59700
63158
42366
59913
58966
59583
43308
49311
61881
63262
58613
61420
68466
59258
64439
53651
40604
50138
61799
54720
56590
64644
46334
68649
40373
11698
51670
62143
63331
61026
42526
26830
47329
60861
49893
48423
37625
54231
58407
42212
40911
45937
45810
65274
55022
60598
62534
59977
60183
61536
50227
61756
49720
62315
62228
55561
65178
41916
58665
19142
57746
61141
42267
62023
59876
35243
61413
49964
41514
62317
61056
49104
61039
58611
54990
54041
38452
63224
43946
42399
58994
62571
44774
48138
61846
58953
65308
31916
60628
63618
42585
60840
41710
55511
43587
37760
60061
61227
59997
64660
62188
42916
62652
59948
58723
53430
63346
62716
56225
46046
60712
48663
38606
56024
63755
54206
20665
59397
61668
44549
65807
47217
57172
62516
61274
55583
64810
30414
60945
60837
59311
60438
59488
61665
59343
58880
43790
61995
65903
51226
62236
59229
54446
60567
54691
61387
63423
62536
49481
63688
26632
60244
59255
63210
59046
34000
60153
61455
59972
44168
61404
54448
65476
52490
58755
62749
24707
62366
47246
40250
55629
59138
41756
53378
52612
51497
53107
64601
60601
56471
61378
62540
60229
48562
62566
29275
57356
53432
60229
61303
46912
39328
58660
61778
55041
59270
57806
62981
59772
55776
46636
53429
33185
49183
62250
59762
65429
51535
60836
54894
59867
63760
40012
47680
62836
62392
39234
62260
40944
61340
59943
47879
59376
49509
63247
50755
62827
42525
61608
55174
61584
38583
64961
41275
45429
42629
63411
60058
40309
63525
62249
46143
57351
43286
61487
64919
61628
59649
40696
67577
53578
61208
60451
65123
64523
59613
43107
65288
63648
59724
60244
45014
63399
58917
54401
48897
65142
35761
61062
59543
62319
23986
61774
66752
41680
53553
61921
39026
48975
26418
54088
54834
56033
49466
55196
59787
52664
57969
59678
62736
63220
54538
64719
59860
49735
60092
20514
61989
58558
62083
39971
52811
63797
58748
63985
62749
63877
58657
60543
38847
62420
62033
22630
52152
63229
61357
60685
25531
59631
60015
47519
44476
39527
29663
60794
61507
62077
63066
34250
61346
62352
44721
62047
55894
62596
60597
63465
39743
61013
63322
43315
56123
52700
40439
44613
61778
60622
63324
42243
61668
55587
61662
47850
48539
64228
58698
63498
46924
38302
62287
63849
47720
55869
59865
50857
53726
62568
59182
32199
61174
41820
42158
46986
39097
59354
62743
62764
26107
59024
63372
27317
60528
64928
61126
59369
59248
63486
61545
24015
44355
57687
49623
56579
62030
38699
60316
38259
58778
61151
44137
54258
48223
54341
62901
58921
42027
59673
59338
60287
59389
61280
60849
40180
62736
59618
53067
62101
17972
57714
48084
62611
44749
62563
59643
64447
39927
45772
65258
54119
47289
63257
63356
67731
45208
61104
57977
60185
48670
43779
62835
51417
60350
60130
63363
46076
43465
62771
55357
20672
61276
63749
59695
62890
50854
60262
62149
50600
60304
62551
58792
61860
60033
65533
59237
59030
58160
60547
55741
61817
64803
60150
61392
44809
44283
63690
49806
48994
57140
64052
60762
56494
40546
39557
62381
65203
55251
54287
63242
53529
44038
60848
51408
54543
61686
62609
65386
63432
48387
49591
57276
58967
29691
60051
62081
60357
43823
53030
61867
46873
64243
63317
63996
59011
46142
58036
55264
50167
54999
48599
42686
64690
65081
58852
63095
62179
62938
62630
25874
33193
57674
59200
59333
29199
61127
40183
50472
48860
45872
50457
64702
58767
59514
59791
59122
59605
44292
62789
40708
60105
59394
39373
62331
41497
57201
62750
44284
44332
60271
39464
60055
64895
60173
49806
41692
61051
31679
62055
53843
38109
55508
45375
60742
51342
47709
43250
37524
48170
60965
62805
59636
60602
63102
60287
58817
59654
60410
62388
59578
47080
48590
59294
61604
42319
43575
63394
63803
44654
38847
56037
58254
62823
56057
39427
47032
59940
60290
60701
60372
54988
61877
58729
61882
63789
61099
56886
60394
62595
60264
63465
56393
54724
61485
47851
41837
63647
59434
60867
59020
39784
64180
45318
61740
60924
42912
40916
51353
58642
62987
64319
47012
62107
43140
45788
42527
39897
60961
63075
56909
62800
22976
41630
57671
55105
53350
65334
40688
58554
34520
40164
62682
50214
59394
42464
46950
59365
62311
62404
46326
51112
66933
38423
59339
46406
43981
60534
59217
61435
59281
60053
60073
63789
63336
37550
67120
64852
63015
67956
37738
61093
59745
43919
62951
65184
61355
62600
40971
44229
42592
35455
62332
44706
46687
44520
51310
59548
61862
59649
58027
60470
59992
58019
51900
61642
59683
62469
57945
60666
60172
62913
62467
63460
61727
49595
59379
55851
60992
41657
63076
59421
60510
62869
46294
62276
47904
49485
42393
41064
64871
58842
33359
62765
61416
46216
41100
59243
61235
45207
65434
62159
63848
61201
47132
39465
48956
59667
53667
52039
62496
42289
61412
30825
37779
61739
51768
64832
61762
50340
62393
63886
63833
59140
62915
54546
51103
61997
40943
59591
68115
42764
45412
62508
40135
61192
49192
42595
47293
61281
64234
57792
49826
59231
62636
61983
43566
40350
62880
65605
60262
62628
60748
40239
61145
60274
57745
39674
58835
45611
49699
65905
60156
62445
61990
54877
36751
36852
62531
65219
62564
61850
48448
62377
56205
59279
64383
64664
62153
59559
47864
63208
60040
43798
39925
46424
43378
65586
55043
62795
63277
53813
59602
