14289
93903
32386
17562
89984
95171
10816
33034
73050
36487
90643
16839
78451
8905
97631
24767
11857
42776
67484
62749
75384
23071
20550
38693
7296
78401
57382
41758
36803
15495
36668
37935
57920
63777
91854
33725
56472
42003
32131
30219
53736
79117
58624
50014
51741
89432
8483
9924
604
93223
68635
66594
46313
49871
97195
54246
71981
57176
33539
65373
3924
94150
19940
36531
74955
83616
20663
97195
96792
66808
31500
65792
70110
26230
75733
17805
25052
89448
53513
57067
6911
21519
19330
47359
80333
8199
74792
23994
16804
23086
19786
93992
78942
49669
75115
22009
41682
81911
81619
91597
