6419
23520
33310
56466
98303
61879
14618
79959
25316
13144
95385
51558
19262
97557
37684
71103
28005
24947
57868
60188
97556
74509
33460
92744
26362
4506
41977
36217
83552
90511
34138
57347
97319
89244
97274
66692
50283
46784
80205
1910
88166
67884
16867
19305
17409
51803
98066
59830
32358
83748
72185
71824
86206
58896
5909
43045
36911
40561
74677
14522
46794
83864
451
3216
48814
68186
1488
83647
22748
94594
42680
24550
82706
57098
64500
75520
39775
83105
25505
26241
64964
48528
63294
42545
41153
20603
42673
65968
43787
67851
33255
61336
16537
6493
52982
25424
25500
62785
95337
19533
