53319546
92294020
25564581
80927964
224631448
699248060
169933430
47166960
331823505
614842924
590538438
234963840
52526960
273771740
455101850
235167885
214714952
466963673
114427989
46376
104547100
9285368
536176366
170544
23779545
509528833
28837944
210
135382923
544320261
63929691
343777824
46790580
456166048
317638185
934707405
91158282
0
280451038
251965430
72212605
3728888
41425293
169059315
64258671
708321382
35315210
15512719
508909902
162934560
913
110191431
15167922
648811475
99323697
765221334
57219783
52
316519557
482535956
35
120746604
308737125
84733311
136082775
716304030
341882208
123081516
590909295
243896202
94969737
171952656
614886180
148119975
26892063
541932090
243474861
251562875
285179220
84300333
25112856
186422752
681010915
448556142
70363632
672514898
43638627
247627832
14532606
138985624
438770360
680886
1
1
112655730
145200237
1699104
128223305
389353482
150374277
