253157550
254626272
54995360
682612613
628169232
21792806
268756548
165676080
131849343
336479721
62812461
198738976
307610612
158620370
315203940
377456112
126489574
446899320
164044974
215431124
288934447
429489645
650209529
222158380
35
20268820
46039190
455
5830428
85060618
206859784
14874762
131188732
808687802
44405900
132092488
106561035
79434432
116513268
151959112
17403870
39969388
1431
456534307
200490843
36791703
493320870
48015621
265097523
27535032
133311578
86106321
11026
739906500
267469872
591592140
546711492
51384438
253637920
262180407
451453443
16363074
39582160
492819410
451484478
35990
45519528
582047235
127794361
83081780
100019410
90543804
570769497
598216320
297052976
168079269
274471708
90520315
1
394202160
421688102
387880071
542422948
183966657
533875770
789512
51091936
755897024
494442272
684664620
11414705
622285966
16301742
175822377
362135040
327751902
734141817
47736877
138117897
7156848
