252
184756
155117520
846527587
605300062
500480204
986354178
306569681
191711468
933591892
791185490
723495627
354060870
289863690
675652804
922966712
660318051
833499767
345487138
133278418
817744612
496646705
383763164
766125491
426362230
421326780
407505708
484004277
308095306
320220518
702386111
638009941
548235569
925593821
356241434
455445615
47564211
384263121
395640340
23711554
159648139
70833947
128708130
955460692
369221324
445141785
950251855
445879831
164589223
353924027
637163142
982109805
453020319
594805028
569656131
172594449
712119522
360260935
965984485
845888698
258816110
808634606
451730512
705200957
541514820
572986580
108107584
181935086
805960960
570893829
150304915
446979164
942739825
11485435
748520714
693821420
789899717
745049289
692315178
639570621
386611743
437841834
423278929
290072512
239409610
319819972
356948634
134296674
710258022
462406845
216710542
785169493
664982552
561527863
391692464
968569080
776905034
64194136
279055056
934179923
