1216320
1216320
1216320
21216320
21216320
1216320
61216320
61216320
31216320
21216320
31216320
61216320
91216320
61216320
121216320
141216320
61216320
121216320
81216320
21216320
61216320
141216320
141216320
61216320
71216320
221216320
31216320
61216320
51216320
121216320
61216320
141216320
31216320
61216320
271216320
301216320
241216320
81216320
91216320
221216320
401216320
61216320
251216320
141216320
121216320
141216320
271216320
301216320
201216320
321216320
61216320
221216320
261216320
301216320
471216320
61216320
271216320
341216320
351216320
421216320
421216320
61216320
481216320
141216320
221216320
361216320
91216320
61216320
601216320
621216320
71216320
301216320
601216320
241216320
571216320
461216320
691216320
481216320
661216320
621216320
301216320
401216320
231216320
61216320
571216320
681216320
631216320
141216320
591216320
121216320
481216320
141216320
61216320
741216320
271216320
781216320
801216320
201216320
31216320
821216320
