1 1585
1 1588
1 1595
1 1671
1 1573
1 1643
1 1588
1 1594
1 1575
1 1564
1 1551
1 1582
1 1533
1 1607
1 1620
1 1702
1 1593
1 1586
1 1612
1 1637
1 1513
1 1677
1 1642
1 1605
1 1630
1 1633
1 1624
1 1556
1 1620
1 1614
1 1590
1 1605
1 1722
1 1589
1 1704
1 1645
1 1577
1 1685
1 1598
1 1663
1 1645
1 1641
1 1609
1 1647
1 1563
1 1689
1 1571
1 1702
1 1589
1 1638
1 1585
1 1626
1 1644
1 1604
1 1616
1 1600
1 1637
1 1539
1 1552
1 1572
1 1549
1 1606
1 1547
1 1636
1 1641
1 1639
1 1626
1 1651
1 1638
1 1669
1 1550
1 1716
1 1612
1 1554
1 1664
1 1573
1 1691
1 1738
1 1546
1 1547
1 1617
1 1597
1 1601
1 1590
1 1546
1 1586
1 1678
1 1551
1 1653
1 1603
1 1667
1 1610
1 1571
1 1667
1 1592
1 1583
1 1621
1 1674
1 1578
1 1630
