85669 14332
77128 22873
94037 5964
74980 25021
42319 57682
71887 28114
96883 3118
50092 49909
3662 96339
1334 98667
53606 46395
54431 45570
88534 11467
2390 97611
84926 15075
67904 32097
306 99695
68103 31898
15659 84342
88991 11010
65594 34407
44711 55290
27041 72960
53882 46119
4334 95667
12881 87120
48236 51765
18331 81670
15576 84425
95319 4682
1530 98471
66389 33612
56351 43650
16243 83758
89908 10093
69009 30992
77721 22280
81676 18325
10192 89809
75705 24296
92136 7865
59337 40664
77270 22731
64469 35532
78786 21215
11825 88176
79762 20239
29683 70318
81514 18487
60527 39474
56234 43767
41775 58226
23859 76142
53346 46655
57346 42655
87612 12389
49881 50120
12198 87803
9513 90488
48020 51981
83684 16317
96364 3637
18638 81363
47078 52923
17441 82560
47431 52570
23386 76615
55161 44840
65659 34342
90934 9067
130 99871
25780 74221
1051 98950
97888 2113
29354 70647
14025 85976
67730 32271
61087 38914
19624 80377
53955 46046
21176 78825
39171 60830
89365 10636
60060 39941
99457 544
94624 5377
66874 33127
74507 25494
97071 2930
85906 14095
99959 42
43471 56530
33180 66821
70989 29012
10512 89489
8446 91555
6606 93395
47979 52022
97814 2187
91692 8309
