25603 33082
49858 26326
30646 35135
488 97059
50293 24149
11301 61614
93996 5466
4591 83030
72386 20575
96528 498
71747 17494
46914 7658
21173 41060
94775 4057
82867 14381
55662 22441
22414 15164
65748 16133
28561 10195
21597 4457
15052 79903
89447 288
64459 24828
31300 15048
72083 921
17918 2419
74669 12403
43258 16255
65672 29088
44909 50711
17867 12329
63305 14322
93967 2578
5152 46047
80115 18562
63836 2777
2151 33959
20932 28354
74946 10983
22743 17511
4965 74382
77370 15665
56579 21487
81579 9446
45916 7467
21741 37886
43523 3907
80812 8869
86481 8402
76324 21349
5245 84417
93213 2341
2795 70754
80676 7177
99582 138
2389 59404
17285 46958
40261 20073
53240 20365
75661 11509
30746 41965
95050 3045
98754 1100
88510 227
96136 1415
21651 29689
97536 772
82638 6909
88170 8324
25083 8971
16249 36047
75610 5414
40480 43672
26752 67119
35047 48636
73934 3674
68672 25067
52716 17333
73870 6142
65167 557
95266 4070
16650 33948
31872 28781
11827 74272
45199 20678
30530 32850
7801 32049
55780 41229
47664 7538
66866 26491
35352 11822
97202 2591
24399 19173
89133 9018
21391 19421
46935 52267
99112 14
3729 94336
15652 69627
67148 11028
