99402 1
69340 1
93560 1
62306 1
40270 1
1773 1
47923 1
54424 1
95634 1
66471 1
16410 1
59885 1
60406 1
90499 1
61977 1
76046 1
13656 1
82346 1
66279 1
3840 1
54110 1
84789 1
38668 1
57256 1
26443 1
21242 1
14617 1
25494 1
42089 1
41554 1
29475 1
739 1
72421 1
48098 1
78996 1
41112 1
40033 1
69012 1
82397 1
79086 1
4626 1
60703 1
63998 1
49109 1
56361 1
23712 1
97927 1
81059 1
22526 1
99794 1
34034 1
64614 1
19699 1
16483 1
44825 1
53177 1
48609 1
28322 1
26760 1
23190 1
46408 1
11939 1
25156 1
33638 1
81292 1
63003 1
42205 1
23716 1
84022 1
32760 1
24921 1
50025 1
83278 1
9324 1
12820 1
30819 1
22567 1
12937 1
27053 1
51050 1
90222 1
6799 1
7129 1
79136 1
73754 1
87195 1
70372 1
97268 1
3238 1
30861 1
27717 1
40452 1
42714 1
26601 1
43943 1
76753 1
78266 1
54425 1
13292 1
23181 1
